./logs/programs/evtx/Microsoft-Windows-Kernel-PnP__Configuration.evtxâ”‹20230310T034943.721346000â”‹    <Correlation>
./logs/programs/evtx/Microsoft-Windows-Kernel-PnP__Configuration.evtxâ”‹20230310T034943.721346000â”‹    </Correlation>
./logs/programs/evtx/Microsoft-Windows-Kernel-PnP__Configuration.evtxâ”‹20230310T034943.721346000â”‹    <Execution ProcessID="4" ThreadID="8">
./logs/programs/evtx/Microsoft-Windows-Kernel-PnP__Configuration.evtxâ”‹20230310T034943.721346000â”‹    </Execution>
./logs/programs/evtx/Microsoft-Windows-Kernel-PnP__Configuration.evtxâ”‹20230310T034943.721346000â”‹    <Channel>Microsoft-Windows-Kernel-PnP/Configuration</Channel>
./logs/programs/evtx/Microsoft-Windows-Kernel-PnP__Configuration.evtxâ”‹20230310T034943.721346000â”‹    <Computer>minwinpc</Computer>
./logs/programs/evtx/Microsoft-Windows-Kernel-PnP__Configuration.evtxâ”‹20230310T034943.721346000â”‹    <Security UserID="S-1-5-18">
./logs/programs/evtx/Microsoft-Windows-Kernel-PnP__Configuration.evtxâ”‹20230310T034943.721346000â”‹    </Security>
./logs/programs/evtx/Microsoft-Windows-Kernel-PnP__Configuration.evtxâ”‹20230310T034943.721346000â”‹  </System>
./logs/programs/evtx/Microsoft-Windows-Kernel-PnP__Configuration.evtxâ”‹20230310T034943.721346000â”‹  <EventData>
./logs/programs/evtx/Microsoft-Windows-Kernel-PnP__Configuration.evtxâ”‹20230310T034943.721346000â”‹    <Data Name="DeviceInstanceId">ACPI\GenuineIntel_-_Intel64_Family_6_Model_79_-_Intel(R)_Xeon(R)_CPU_E5-2697_v4_@_2.30GHz\3</Data>
./logs/programs/evtx/Microsoft-Windows-Kernel-PnP__Configuration.evtxâ”‹20230310T034943.721346000â”‹    <Data Name="DriverName">cpu.inf</Data>
./logs/programs/evtx/Microsoft-Windows-Kernel-PnP__Configuration.evtxâ”‹20230310T034943.721346000â”‹    <Data Name="ClassGuid">50127DC3-0F36-415E-A6CC-4CB3BE910B65</Data>
./logs/programs/evtx/Microsoft-Windows-Kernel-PnP__Configuration.evtxâ”‹20230310T034943.721346000â”‹    <Data Name="DriverDate">04/21/2009</Data>
./logs/programs/evtx/Microsoft-Windows-Kernel-PnP__Configuration.evtxâ”‹20230310T034943.721346000â”‹    <Data Name="DriverVersion">10.0.22621.1413</Data>
./logs/programs/evtx/Microsoft-Windows-Kernel-PnP__Configuration.evtxâ”‹20230310T034943.721346000â”‹    <Data Name="DriverProvider">Microsoft</Data>
./logs/programs/evtx/Microsoft-Windows-Kernel-PnP__Configuration.evtxâ”‹20230310T034943.721346000â”‹    <Data Name="DriverInbox">true</Data>
./logs/programs/evtx/Microsoft-Windows-Kernel-PnP__Configuration.evtxâ”‹20230310T034943.721346000â”‹    <Data Name="DriverSection">IntelPPM_Inst.NT</Data>
./logs/programs/evtx/Microsoft-Windows-Kernel-PnP__Configuration.evtxâ”‹20230310T034943.721346000â”‹    <Data Name="DriverRank">0xff0005</Data>
./logs/programs/evtx/Microsoft-Windows-Kernel-PnP__Configuration.evtxâ”‹20230310T034943.721346000â”‹    <Data Name="MatchingDeviceId">ACPI\GenuineIntel_-_Intel64</Data>
./logs/programs/evtx/Microsoft-Windows-Kernel-PnP__Configuration.evtxâ”‹20230310T034943.721346000â”‹    <Data Name="OutrankedDrivers">cpu.inf:ACPI\Processor:00FF2000</Data>
./logs/programs/evtx/Microsoft-Windows-Kernel-PnP__Configuration.evtxâ”‹20230310T034943.721346000â”‹    <Data Name="DeviceUpdated">false</Data>
./logs/programs/evtx/Microsoft-Windows-Kernel-PnP__Configuration.evtxâ”‹20230310T034943.721346000â”‹    <Data Name="Status">0x0</Data>
./logs/programs/evtx/Microsoft-Windows-Kernel-PnP__Configuration.evtxâ”‹20230310T034943.721346000â”‹    <Data Name="ParentDeviceInstanceId">ACPI_HAL\PNP0C08\0</Data>
./logs/programs/evtx/Microsoft-Windows-Kernel-PnP__Configuration.evtxâ”‹20230310T034943.721346000â”‹  </EventData>
./logs/programs/evtx/Microsoft-Windows-Kernel-PnP__Configuration.evtxâ”‹20230310T034943.721346000â”‹</Event>
â‡ł
./logs/programs/evtx/Microsoft-Windows-Kernel-PnP__Configuration.evtxâ”‹20230310T034943.727023000â”‹<?xml version="1.0" encoding="utf-8"?>
./logs/programs/evtx/Microsoft-Windows-Kernel-PnP__Configuration.evtxâ”‹20230310T034943.727023000â”‹<Event xmlns="http://schemas.microsoft.com/win/2004/08/events/event">
./logs/programs/evtx/Microsoft-Windows-Kernel-PnP__Configuration.evtxâ”‹20230310T034943.727023000â”‹  <System>
./logs/programs/evtx/Microsoft-Windows-Kernel-PnP__Configuration.evtxâ”‹20230310T034943.727023000â”‹    <Provider Name="Microsoft-Windows-Kernel-PnP" Guid="9C205A39-1250-487D-ABD7-E831C6290539">
./logs/programs/evtx/Microsoft-Windows-Kernel-PnP__Configuration.evtxâ”‹20230310T034943.727023000â”‹    </Provider>
./logs/programs/evtx/Microsoft-Windows-Kernel-PnP__Configuration.evtxâ”‹20230310T034943.727023000â”‹    <EventID>400</EventID>
./logs/programs/evtx/Microsoft-Windows-Kernel-PnP__Configuration.evtxâ”‹20230310T034943.727023000â”‹    <Version>0</Version>
./logs/programs/evtx/Microsoft-Windows-Kernel-PnP__Configuration.evtxâ”‹20230310T034943.727023000â”‹    <Level>4</Level>
./logs/programs/evtx/Microsoft-Windows-Kernel-PnP__Configuration.evtxâ”‹20230310T034943.727023000â”‹    <Task>0</Task>
./logs/programs/evtx/Microsoft-Windows-Kernel-PnP__Configuration.evtxâ”‹20230310T034943.727023000â”‹    <Opcode>0</Opcode>
./logs/programs/evtx/Microsoft-Windows-Kernel-PnP__Configuration.evtxâ”‹20230310T034943.727023000â”‹    <Keywords>0x4000000000000000</Keywords>
./logs/programs/evtx/Microsoft-Windows-Kernel-PnP__Configuration.evtxâ”‹20230310T034943.727023000â”‹    <TimeCreated SystemTime="2023-03-10T03:49:43.727023Z">
./logs/programs/evtx/Microsoft-Windows-Kernel-PnP__Configuration.evtxâ”‹20230310T034943.727023000â”‹    </TimeCreated>
./logs/programs/evtx/Microsoft-Windows-Kernel-PnP__Configuration.evtxâ”‹20230310T034943.727023000â”‹    <EventRecordID>11</EventRecordID>
./logs/programs/evtx/Microsoft-Windows-Kernel-PnP__Configuration.evtxâ”‹20230310T034943.727023000â”‹    <Correlation>
./logs/programs/evtx/Microsoft-Windows-Kernel-PnP__Configuration.evtxâ”‹20230310T034943.727023000â”‹    </Correlation>
./logs/programs/evtx/Microsoft-Windows-Kernel-PnP__Configuration.evtxâ”‹20230310T034943.727023000â”‹    <Execution ProcessID="4" ThreadID="8">
./logs/programs/evtx/Microsoft-Windows-Kernel-PnP__Configuration.evtxâ”‹20230310T034943.727023000â”‹    </Execution>
./logs/programs/evtx/Microsoft-Windows-Kernel-PnP__Configuration.evtxâ”‹20230310T034943.727023000â”‹    <Channel>Microsoft-Windows-Kernel-PnP/Configuration</Channel>
./logs/programs/evtx/Microsoft-Windows-Kernel-PnP__Configuration.evtxâ”‹20230310T034943.727023000â”‹    <Computer>minwinpc</Computer>
./logs/programs/evtx/Microsoft-Windows-Kernel-PnP__Configuration.evtxâ”‹20230310T034943.727023000â”‹    <Security UserID="S-1-5-18">
./logs/programs/evtx/Microsoft-Windows-Kernel-PnP__Configuration.evtxâ”‹20230310T034943.727023000â”‹    </Security>
./logs/programs/evtx/Microsoft-Windows-Kernel-PnP__Configuration.evtxâ”‹20230310T034943.727023000â”‹  </System>
./logs/programs/evtx/Microsoft-Windows-Kernel-PnP__Configuration.evtxâ”‹20230310T034943.727023000â”‹  <EventData>
./logs/programs/evtx/Microsoft-Windows-Kernel-PnP__Configuration.evtxâ”‹20230310T034943.727023000â”‹    <Data Name="DeviceInstanceId">ACPI\GenuineIntel_-_Intel64_Family_6_Model_79_-_Intel(R)_Xeon(R)_CPU_E5-2697_v4_@_2.30GHz\4</Data>
./logs/programs/evtx/Microsoft-Windows-Kernel-PnP__Configuration.evtxâ”‹20230310T034943.727023000â”‹    <Data Name="DriverName">cpu.inf</Data>
./logs/programs/evtx/Microsoft-Windows-Kernel-PnP__Configuration.evtxâ”‹20230310T034943.727023000â”‹    <Data Name="ClassGuid">50127DC3-0F36-415E-A6CC-4CB3BE910B65</Data>
./logs/programs/evtx/Microsoft-Windows-Kernel-PnP__Configuration.evtxâ”‹20230310T034943.727023000â”‹    <Data Name="DriverDate">04/21/2009</Data>
./logs/programs/evtx/Microsoft-Windows-Kernel-PnP__Configuration.evtxâ”‹20230310T034943.727023000â”‹    <Data Name="DriverVersion">10.0.22621.1413</Data>
./logs/programs/evtx/Microsoft-Windows-Kernel-PnP__Configuration.evtxâ”‹20230310T034943.727023000â”‹    <Data Name="DriverProvider">Microsoft</Data>
./logs/programs/evtx/Microsoft-Windows-Kernel-PnP__Configuration.evtxâ”‹20230310T034943.727023000â”‹    <Data Name="DriverInbox">true</Data>
./logs/programs/evtx/Microsoft-Windows-Kernel-PnP__Configuration.evtxâ”‹20230310T034943.727023000â”‹    <Data Name="DriverSection">IntelPPM_Inst.NT</Data>
./logs/programs/evtx/Microsoft-Windows-Kernel-PnP__Configuration.evtxâ”‹20230310T034943.727023000â”‹    <Data Name="DriverRank">0xff0005</Data>
./logs/programs/evtx/Microsoft-Windows-Kernel-PnP__Configuration.evtxâ”‹20230310T034943.727023000â”‹    <Data Name="MatchingDeviceId">ACPI\GenuineIntel_-_Intel64</Data>
./logs/programs/evtx/Microsoft-Windows-Kernel-PnP__Configuration.evtxâ”‹20230310T034943.727023000â”‹    <Data Name="OutrankedDrivers">cpu.inf:ACPI\Processor:00FF2000</Data>
./logs/programs/evtx/Microsoft-Windows-Kernel-PnP__Configuration.evtxâ”‹20230310T034943.727023000â”‹    <Data Name="DeviceUpdated">false</Data>
./logs/programs/evtx/Microsoft-Windows-Kernel-PnP__Configuration.evtxâ”‹20230310T034943.727023000â”‹    <Data Name="Status">0x0</Data>
./logs/programs/evtx/Microsoft-Windows-Kernel-PnP__Configuration.evtxâ”‹20230310T034943.727023000â”‹    <Data Name="ParentDeviceInstanceId">ACPI_HAL\PNP0C08\0</Data>
./logs/programs/evtx/Microsoft-Windows-Kernel-PnP__Configuration.evtxâ”‹20230310T034943.727023000â”‹  </EventData>
./logs/programs/evtx/Microsoft-Windows-Kernel-PnP__Configuration.evtxâ”‹20230310T034943.727023000â”‹</Event>
â‡ł
./logs/programs/evtx/Microsoft-Windows-Kernel-PnP__Configuration.evtxâ”‹20230310T034943.732767000â”‹<?xml version="1.0" encoding="utf-8"?>
./logs/programs/evtx/Microsoft-Windows-Kernel-PnP__Configuration.evtxâ”‹20230310T034943.732767000â”‹<Event xmlns="http://schemas.microsoft.com/win/2004/08/events/event">
./logs/programs/evtx/Microsoft-Windows-Kernel-PnP__Configuration.evtxâ”‹20230310T034943.732767000â”‹  <System>
./logs/programs/evtx/Microsoft-Windows-Kernel-PnP__Configuration.evtxâ”‹20230310T034943.732767000â”‹    <Provider Name="Microsoft-Windows-Kernel-PnP" Guid="9C205A39-1250-487D-ABD7-E831C6290539">
./logs/programs/evtx/Microsoft-Windows-Kernel-PnP__Configuration.evtxâ”‹20230310T034943.732767000â”‹    </Provider>
./logs/programs/evtx/Microsoft-Windows-Kernel-PnP__Configuration.evtxâ”‹20230310T034943.732767000â”‹    <EventID>400</EventID>
./logs/programs/evtx/Microsoft-Windows-Kernel-PnP__Configuration.evtxâ”‹20230310T034943.732767000â”‹    <Version>0</Version>
./logs/programs/evtx/Microsoft-Windows-Kernel-PnP__Configuration.evtxâ”‹20230310T034943.732767000â”‹    <Level>4</Level>
./logs/programs/evtx/Microsoft-Windows-Kernel-PnP__Configuration.evtxâ”‹20230310T034943.732767000â”‹    <Task>0</Task>
./logs/programs/evtx/Microsoft-Windows-Kernel-PnP__Configuration.evtxâ”‹20230310T034943.732767000â”‹    <Opcode>0</Opcode>
./logs/programs/evtx/Microsoft-Windows-Kernel-PnP__Configuration.evtxâ”‹20230310T034943.732767000â”‹    <Keywords>0x4000000000000000</Keywords>
./logs/programs/evtx/Microsoft-Windows-Kernel-PnP__Configuration.evtxâ”‹20230310T034943.732767000â”‹    <TimeCreated SystemTime="2023-03-10T03:49:43.732767Z">
./logs/programs/evtx/Microsoft-Windows-Kernel-PnP__Configuration.evtxâ”‹20230310T034943.732767000â”‹    </TimeCreated>
./logs/programs/evtx/Microsoft-Windows-Kernel-PnP__Configuration.evtxâ”‹20230310T034943.732767000â”‹    <EventRecordID>12</EventRecordID>
./logs/programs/evtx/Microsoft-Windows-Kernel-PnP__Configuration.evtxâ”‹20230310T034943.732767000â”‹    <Correlation>
./logs/programs/evtx/Microsoft-Windows-Kernel-PnP__Configuration.evtxâ”‹20230310T034943.732767000â”‹    </Correlation>
./logs/programs/evtx/Microsoft-Windows-Kernel-PnP__Configuration.evtxâ”‹20230310T034943.732767000â”‹    <Execution ProcessID="4" ThreadID="8">
./logs/programs/evtx/Microsoft-Windows-Kernel-PnP__Configuration.evtxâ”‹20230310T034943.732767000â”‹    </Execution>
./logs/programs/evtx/Microsoft-Windows-Kernel-PnP__Configuration.evtxâ”‹20230310T034943.732767000â”‹    <Channel>Microsoft-Windows-Kernel-PnP/Configuration</Channel>
./logs/programs/evtx/Microsoft-Windows-Kernel-PnP__Configuration.evtxâ”‹20230310T034943.732767000â”‹    <Computer>minwinpc</Computer>
./logs/programs/evtx/Microsoft-Windows-Kernel-PnP__Configuration.evtxâ”‹20230310T034943.732767000â”‹    <Security UserID="S-1-5-18">
./logs/programs/evtx/Microsoft-Windows-Kernel-PnP__Configuration.evtxâ”‹20230310T034943.732767000â”‹    </Security>
./logs/programs/evtx/Microsoft-Windows-Kernel-PnP__Configuration.evtxâ”‹20230310T034943.732767000â”‹  </System>
./logs/programs/evtx/Microsoft-Windows-Kernel-PnP__Configuration.evtxâ”‹20230310T034943.732767000â”‹  <EventData>
./logs/programs/evtx/Microsoft-Windows-Kernel-PnP__Configuration.evtxâ”‹20230310T034943.732767000â”‹    <Data Name="DeviceInstanceId">ACPI\GenuineIntel_-_Intel64_Family_6_Model_79_-_Intel(R)_Xeon(R)_CPU_E5-2697_v4_@_2.30GHz\5</Data>
./logs/programs/evtx/Microsoft-Windows-Kernel-PnP__Configuration.evtxâ”‹20230310T034943.732767000â”‹    <Data Name="DriverName">cpu.inf</Data>
./logs/programs/evtx/Microsoft-Windows-Kernel-PnP__Configuration.evtxâ”‹20230310T034943.732767000â”‹    <Data Name="ClassGuid">50127DC3-0F36-415E-A6CC-4CB3BE910B65</Data>
./logs/programs/evtx/Microsoft-Windows-Kernel-PnP__Configuration.evtxâ”‹20230310T034943.732767000â”‹    <Data Name="DriverDate">04/21/2009</Data>
./logs/programs/evtx/Microsoft-Windows-Kernel-PnP__Configuration.evtxâ”‹20230310T034943.732767000â”‹    <Data Name="DriverVersion">10.0.22621.1413</Data>
./logs/programs/evtx/Microsoft-Windows-Kernel-PnP__Configuration.evtxâ”‹20230310T034943.732767000â”‹    <Data Name="DriverProvider">Microsoft</Data>
./logs/programs/evtx/Microsoft-Windows-Kernel-PnP__Configuration.evtxâ”‹20230310T034943.732767000â”‹    <Data Name="DriverInbox">true</Data>
./logs/programs/evtx/Microsoft-Windows-Kernel-PnP__Configuration.evtxâ”‹20230310T034943.732767000â”‹    <Data Name="DriverSection">IntelPPM_Inst.NT</Data>
./logs/programs/evtx/Microsoft-Windows-Kernel-PnP__Configuration.evtxâ”‹20230310T034943.732767000â”‹    <Data Name="DriverRank">0xff0005</Data>
./logs/programs/evtx/Microsoft-Windows-Kernel-PnP__Configuration.evtxâ”‹20230310T034943.732767000â”‹    <Data Name="MatchingDeviceId">ACPI\GenuineIntel_-_Intel64</Data>
./logs/programs/evtx/Microsoft-Windows-Kernel-PnP__Configuration.evtxâ”‹20230310T034943.732767000â”‹    <Data Name="OutrankedDrivers">cpu.inf:ACPI\Processor:00FF2000</Data>
./logs/programs/evtx/Microsoft-Windows-Kernel-PnP__Configuration.evtxâ”‹20230310T034943.732767000â”‹    <Data Name="DeviceUpdated">false</Data>
./logs/programs/evtx/Microsoft-Windows-Kernel-PnP__Configuration.evtxâ”‹20230310T034943.732767000â”‹    <Data Name="Status">0x0</Data>
./logs/programs/evtx/Microsoft-Windows-Kernel-PnP__Configuration.evtxâ”‹20230310T034943.732767000â”‹    <Data Name="ParentDeviceInstanceId">ACPI_HAL\PNP0C08\0</Data>
./logs/programs/evtx/Microsoft-Windows-Kernel-PnP__Configuration.evtxâ”‹20230310T034943.732767000â”‹  </EventData>
./logs/programs/evtx/Microsoft-Windows-Kernel-PnP__Configuration.evtxâ”‹20230310T034943.732767000â”‹</Event>
â‡ł
./logs/programs/evtx/Microsoft-Windows-Kernel-PnP__Configuration.evtxâ”‹20230310T034943.738555000â”‹<?xml version="1.0" encoding="utf-8"?>
./logs/programs/evtx/Microsoft-Windows-Kernel-PnP__Configuration.evtxâ”‹20230310T034943.738555000â”‹<Event xmlns="http://schemas.microsoft.com/win/2004/08/events/event">
./logs/programs/evtx/Microsoft-Windows-Kernel-PnP__Configuration.evtxâ”‹20230310T034943.738555000â”‹  <System>
./logs/programs/evtx/Microsoft-Windows-Kernel-PnP__Configuration.evtxâ”‹20230310T034943.738555000â”‹    <Provider Name="Microsoft-Windows-Kernel-PnP" Guid="9C205A39-1250-487D-ABD7-E831C6290539">
./logs/programs/evtx/Microsoft-Windows-Kernel-PnP__Configuration.evtxâ”‹20230310T034943.738555000â”‹    </Provider>
./logs/programs/evtx/Microsoft-Windows-Kernel-PnP__Configuration.evtxâ”‹20230310T034943.738555000â”‹    <EventID>400</EventID>
./logs/programs/evtx/Microsoft-Windows-Kernel-PnP__Configuration.evtxâ”‹20230310T034943.738555000â”‹    <Version>0</Version>
./logs/programs/evtx/Microsoft-Windows-Kernel-PnP__Configuration.evtxâ”‹20230310T034943.738555000â”‹    <Level>4</Level>
./logs/programs/evtx/Microsoft-Windows-Kernel-PnP__Configuration.evtxâ”‹20230310T034943.738555000â”‹    <Task>0</Task>
./logs/programs/evtx/Microsoft-Windows-Kernel-PnP__Configuration.evtxâ”‹20230310T034943.738555000â”‹    <Opcode>0</Opcode>
./logs/programs/evtx/Microsoft-Windows-Kernel-PnP__Configuration.evtxâ”‹20230310T034943.738555000â”‹    <Keywords>0x4000000000000000</Keywords>
./logs/programs/evtx/Microsoft-Windows-Kernel-PnP__Configuration.evtxâ”‹20230310T034943.738555000â”‹    <TimeCreated SystemTime="2023-03-10T03:49:43.738555Z">
./logs/programs/evtx/Microsoft-Windows-Kernel-PnP__Configuration.evtxâ”‹20230310T034943.738555000â”‹    </TimeCreated>
./logs/programs/evtx/Microsoft-Windows-Kernel-PnP__Configuration.evtxâ”‹20230310T034943.738555000â”‹    <EventRecordID>13</EventRecordID>
./logs/programs/evtx/Microsoft-Windows-Kernel-PnP__Configuration.evtxâ”‹20230310T034943.738555000â”‹    <Correlation>
./logs/programs/evtx/Microsoft-Windows-Kernel-PnP__Configuration.evtxâ”‹20230310T034943.738555000â”‹    </Correlation>
./logs/programs/evtx/Microsoft-Windows-Kernel-PnP__Configuration.evtxâ”‹20230310T034943.738555000â”‹    <Execution ProcessID="4" ThreadID="8">
./logs/programs/evtx/Microsoft-Windows-Kernel-PnP__Configuration.evtxâ”‹20230310T034943.738555000â”‹    </Execution>
./logs/programs/evtx/Microsoft-Windows-Kernel-PnP__Configuration.evtxâ”‹20230310T034943.738555000â”‹    <Channel>Microsoft-Windows-Kernel-PnP/Configuration</Channel>
./logs/programs/evtx/Microsoft-Windows-Kernel-PnP__Configuration.evtxâ”‹20230310T034943.738555000â”‹    <Computer>minwinpc</Computer>
./logs/programs/evtx/Microsoft-Windows-Kernel-PnP__Configuration.evtxâ”‹20230310T034943.738555000â”‹    <Security UserID="S-1-5-18">
./logs/programs/evtx/Microsoft-Windows-Kernel-PnP__Configuration.evtxâ”‹20230310T034943.738555000â”‹    </Security>
./logs/programs/evtx/Microsoft-Windows-Kernel-PnP__Configuration.evtxâ”‹20230310T034943.738555000â”‹  </System>
./logs/programs/evtx/Microsoft-Windows-Kernel-PnP__Configuration.evtxâ”‹20230310T034943.738555000â”‹  <EventData>
./logs/programs/evtx/Microsoft-Windows-Kernel-PnP__Configuration.evtxâ”‹20230310T034943.738555000â”‹    <Data Name="DeviceInstanceId">ACPI\GenuineIntel_-_Intel64_Family_6_Model_79_-_Intel(R)_Xeon(R)_CPU_E5-2697_v4_@_2.30GHz\6</Data>
./logs/programs/evtx/Microsoft-Windows-Kernel-PnP__Configuration.evtxâ”‹20230310T034943.738555000â”‹    <Data Name="DriverName">cpu.inf</Data>
./logs/programs/evtx/Microsoft-Windows-Kernel-PnP__Configuration.evtxâ”‹20230310T034943.738555000â”‹    <Data Name="ClassGuid">50127DC3-0F36-415E-A6CC-4CB3BE910B65</Data>
./logs/programs/evtx/Microsoft-Windows-Kernel-PnP__Configuration.evtxâ”‹20230310T034943.738555000â”‹    <Data Name="DriverDate">04/21/2009</Data>
./logs/programs/evtx/Microsoft-Windows-Kernel-PnP__Configuration.evtxâ”‹20230310T034943.738555000â”‹    <Data Name="DriverVersion">10.0.22621.1413</Data>
./logs/programs/evtx/Microsoft-Windows-Kernel-PnP__Configuration.evtxâ”‹20230310T034943.738555000â”‹    <Data Name="DriverProvider">Microsoft</Data>
./logs/programs/evtx/Microsoft-Windows-Kernel-PnP__Configuration.evtxâ”‹20230310T034943.738555000â”‹    <Data Name="DriverInbox">true</Data>
./logs/programs/evtx/Microsoft-Windows-Kernel-PnP__Configuration.evtxâ”‹20230310T034943.738555000â”‹    <Data Name="DriverSection">IntelPPM_Inst.NT</Data>
./logs/programs/evtx/Microsoft-Windows-Kernel-PnP__Configuration.evtxâ”‹20230310T034943.738555000â”‹    <Data Name="DriverRank">0xff0005</Data>
./logs/programs/evtx/Microsoft-Windows-Kernel-PnP__Configuration.evtxâ”‹20230310T034943.738555000â”‹    <Data Name="MatchingDeviceId">ACPI\GenuineIntel_-_Intel64</Data>
./logs/programs/evtx/Microsoft-Windows-Kernel-PnP__Configuration.evtxâ”‹20230310T034943.738555000â”‹    <Data Name="OutrankedDrivers">cpu.inf:ACPI\Processor:00FF2000</Data>
./logs/programs/evtx/Microsoft-Windows-Kernel-PnP__Configuration.evtxâ”‹20230310T034943.738555000â”‹    <Data Name="DeviceUpdated">false</Data>
./logs/programs/evtx/Microsoft-Windows-Kernel-PnP__Configuration.evtxâ”‹20230310T034943.738555000â”‹    <Data Name="Status">0x0</Data>
./logs/programs/evtx/Microsoft-Windows-Kernel-PnP__Configuration.evtxâ”‹20230310T034943.738555000â”‹    <Data Name="ParentDeviceInstanceId">ACPI_HAL\PNP0C08\0</Data>
./logs/programs/evtx/Microsoft-Windows-Kernel-PnP__Configuration.evtxâ”‹20230310T034943.738555000â”‹  </EventData>
./logs/programs/evtx/Microsoft-Windows-Kernel-PnP__Configuration.evtxâ”‹20230310T034943.738555000â”‹</Event>
â‡ł
./logs/programs/evtx/Microsoft-Windows-Kernel-PnP__Configuration.evtxâ”‹20230310T034943.744319000â”‹<?xml version="1.0" encoding="utf-8"?>
./logs/programs/evtx/Microsoft-Windows-Kernel-PnP__Configuration.evtxâ”‹20230310T034943.744319000â”‹<Event xmlns="http://schemas.microsoft.com/win/2004/08/events/event">
./logs/programs/evtx/Microsoft-Windows-Kernel-PnP__Configuration.evtxâ”‹20230310T034943.744319000â”‹  <System>
./logs/programs/evtx/Microsoft-Windows-Kernel-PnP__Configuration.evtxâ”‹20230310T034943.744319000â”‹    <Provider Name="Microsoft-Windows-Kernel-PnP" Guid="9C205A39-1250-487D-ABD7-E831C6290539">
./logs/programs/evtx/Microsoft-Windows-Kernel-PnP__Configuration.evtxâ”‹20230310T034943.744319000â”‹    </Provider>
./logs/programs/evtx/Microsoft-Windows-Kernel-PnP__Configuration.evtxâ”‹20230310T034943.744319000â”‹    <EventID>400</EventID>
./logs/programs/evtx/Microsoft-Windows-Kernel-PnP__Configuration.evtxâ”‹20230310T034943.744319000â”‹    <Version>0</Version>
./logs/programs/evtx/Microsoft-Windows-Kernel-PnP__Configuration.evtxâ”‹20230310T034943.744319000â”‹    <Level>4</Level>
./logs/programs/evtx/Microsoft-Windows-Kernel-PnP__Configuration.evtxâ”‹20230310T034943.744319000â”‹    <Task>0</Task>
./logs/programs/evtx/Microsoft-Windows-Kernel-PnP__Configuration.evtxâ”‹20230310T034943.744319000â”‹    <Opcode>0</Opcode>
./logs/programs/evtx/Microsoft-Windows-Kernel-PnP__Configuration.evtxâ”‹20230310T034943.744319000â”‹    <Keywords>0x4000000000000000</Keywords>
./logs/programs/evtx/Microsoft-Windows-Kernel-PnP__Configuration.evtxâ”‹20230310T034943.744319000â”‹    <TimeCreated SystemTime="2023-03-10T03:49:43.744319Z">
./logs/programs/evtx/Microsoft-Windows-Kernel-PnP__Configuration.evtxâ”‹20230310T034943.744319000â”‹    </TimeCreated>
./logs/programs/evtx/Microsoft-Windows-Kernel-PnP__Configuration.evtxâ”‹20230310T034943.744319000â”‹    <EventRecordID>14</EventRecordID>
./logs/programs/evtx/Microsoft-Windows-Kernel-PnP__Configuration.evtxâ”‹20230310T034943.744319000â”‹    <Correlation>
./logs/programs/evtx/Microsoft-Windows-Kernel-PnP__Configuration.evtxâ”‹20230310T034943.744319000â”‹    </Correlation>
./logs/programs/evtx/Microsoft-Windows-Kernel-PnP__Configuration.evtxâ”‹20230310T034943.744319000â”‹    <Execution ProcessID="4" ThreadID="8">
./logs/programs/evtx/Microsoft-Windows-Kernel-PnP__Configuration.evtxâ”‹20230310T034943.744319000â”‹    </Execution>
./logs/programs/evtx/Microsoft-Windows-Kernel-PnP__Configuration.evtxâ”‹20230310T034943.744319000â”‹    <Channel>Microsoft-Windows-Kernel-PnP/Configuration</Channel>
./logs/programs/evtx/Microsoft-Windows-Kernel-PnP__Configuration.evtxâ”‹20230310T034943.744319000â”‹    <Computer>minwinpc</Computer>
./logs/programs/evtx/Microsoft-Windows-Kernel-PnP__Configuration.evtxâ”‹20230310T034943.744319000â”‹    <Security UserID="S-1-5-18">
./logs/programs/evtx/Microsoft-Windows-Kernel-PnP__Configuration.evtxâ”‹20230310T034943.744319000â”‹    </Security>
./logs/programs/evtx/Microsoft-Windows-Kernel-PnP__Configuration.evtxâ”‹20230310T034943.744319000â”‹  </System>
./logs/programs/evtx/Microsoft-Windows-Kernel-PnP__Configuration.evtxâ”‹20230310T034943.744319000â”‹  <EventData>
./logs/programs/evtx/Microsoft-Windows-Kernel-PnP__Configuration.evtxâ”‹20230310T034943.744319000â”‹    <Data Name="DeviceInstanceId">ACPI\GenuineIntel_-_Intel64_Family_6_Model_79_-_Intel(R)_Xeon(R)_CPU_E5-2697_v4_@_2.30GHz\7</Data>
./logs/programs/evtx/Microsoft-Windows-Kernel-PnP__Configuration.evtxâ”‹20230310T034943.744319000â”‹    <Data Name="DriverName">cpu.inf</Data>
./logs/programs/evtx/Microsoft-Windows-Kernel-PnP__Configuration.evtxâ”‹20230310T034943.744319000â”‹    <Data Name="ClassGuid">50127DC3-0F36-415E-A6CC-4CB3BE910B65</Data>
./logs/programs/evtx/Microsoft-Windows-Kernel-PnP__Configuration.evtxâ”‹20230310T034943.744319000â”‹    <Data Name="DriverDate">04/21/2009</Data>
./logs/programs/evtx/Microsoft-Windows-Kernel-PnP__Configuration.evtxâ”‹20230310T034943.744319000â”‹    <Data Name="DriverVersion">10.0.22621.1413</Data>
./logs/programs/evtx/Microsoft-Windows-Kernel-PnP__Configuration.evtxâ”‹20230310T034943.744319000â”‹    <Data Name="DriverProvider">Microsoft</Data>
./logs/programs/evtx/Microsoft-Windows-Kernel-PnP__Configuration.evtxâ”‹20230310T034943.744319000â”‹    <Data Name="DriverInbox">true</Data>
./logs/programs/evtx/Microsoft-Windows-Kernel-PnP__Configuration.evtxâ”‹20230310T034943.744319000â”‹    <Data Name="DriverSection">IntelPPM_Inst.NT</Data>
./logs/programs/evtx/Microsoft-Windows-Kernel-PnP__Configuration.evtxâ”‹20230310T034943.744319000â”‹    <Data Name="DriverRank">0xff0005</Data>
./logs/programs/evtx/Microsoft-Windows-Kernel-PnP__Configuration.evtxâ”‹20230310T034943.744319000â”‹    <Data Name="MatchingDeviceId">ACPI\GenuineIntel_-_Intel64</Data>
./logs/programs/evtx/Microsoft-Windows-Kernel-PnP__Configuration.evtxâ”‹20230310T034943.744319000â”‹    <Data Name="OutrankedDrivers">cpu.inf:ACPI\Processor:00FF2000</Data>
./logs/programs/evtx/Microsoft-Windows-Kernel-PnP__Configuration.evtxâ”‹20230310T034943.744319000â”‹    <Data Name="DeviceUpdated">false</Data>
./logs/programs/evtx/Microsoft-Windows-Kernel-PnP__Configuration.evtxâ”‹20230310T034943.744319000â”‹    <Data Name="Status">0x0</Data>
./logs/programs/evtx/Microsoft-Windows-Kernel-PnP__Configuration.evtxâ”‹20230310T034943.744319000â”‹    <Data Name="ParentDeviceInstanceId">ACPI_HAL\PNP0C08\0</Data>
./logs/programs/evtx/Microsoft-Windows-Kernel-PnP__Configuration.evtxâ”‹20230310T034943.744319000â”‹  </EventData>
./logs/programs/evtx/Microsoft-Windows-Kernel-PnP__Configuration.evtxâ”‹20230310T034943.744319000â”‹</Event>
â‡ł
./logs/programs/evtx/Microsoft-Windows-Kernel-PnP__Configuration.evtxâ”‹20230310T034943.750142000â”‹<?xml version="1.0" encoding="utf-8"?>
./logs/programs/evtx/Microsoft-Windows-Kernel-PnP__Configuration.evtxâ”‹20230310T034943.750142000â”‹<Event xmlns="http://schemas.microsoft.com/win/2004/08/events/event">
./logs/programs/evtx/Microsoft-Windows-Kernel-PnP__Configuration.evtxâ”‹20230310T034943.750142000â”‹  <System>
./logs/programs/evtx/Microsoft-Windows-Kernel-PnP__Configuration.evtxâ”‹20230310T034943.750142000â”‹    <Provider Name="Microsoft-Windows-Kernel-PnP" Guid="9C205A39-1250-487D-ABD7-E831C6290539">
./logs/programs/evtx/Microsoft-Windows-Kernel-PnP__Configuration.evtxâ”‹20230310T034943.750142000â”‹    </Provider>
./logs/programs/evtx/Microsoft-Windows-Kernel-PnP__Configuration.evtxâ”‹20230310T034943.750142000â”‹    <EventID>400</EventID>
./logs/programs/evtx/Microsoft-Windows-Kernel-PnP__Configuration.evtxâ”‹20230310T034943.750142000â”‹    <Version>0</Version>
./logs/programs/evtx/Microsoft-Windows-Kernel-PnP__Configuration.evtxâ”‹20230310T034943.750142000â”‹    <Level>4</Level>
./logs/programs/evtx/Microsoft-Windows-Kernel-PnP__Configuration.evtxâ”‹20230310T034943.750142000â”‹    <Task>0</Task>
./logs/programs/evtx/Microsoft-Windows-Kernel-PnP__Configuration.evtxâ”‹20230310T034943.750142000â”‹    <Opcode>0</Opcode>
./logs/programs/evtx/Microsoft-Windows-Kernel-PnP__Configuration.evtxâ”‹20230310T034943.750142000â”‹    <Keywords>0x4000000000000000</Keywords>
./logs/programs/evtx/Microsoft-Windows-Kernel-PnP__Configuration.evtxâ”‹20230310T034943.750142000â”‹    <TimeCreated SystemTime="2023-03-10T03:49:43.750142Z">
./logs/programs/evtx/Microsoft-Windows-Kernel-PnP__Configuration.evtxâ”‹20230310T034943.750142000â”‹    </TimeCreated>
./logs/programs/evtx/Microsoft-Windows-Kernel-PnP__Configuration.evtxâ”‹20230310T034943.750142000â”‹    <EventRecordID>15</EventRecordID>
./logs/programs/evtx/Microsoft-Windows-Kernel-PnP__Configuration.evtxâ”‹20230310T034943.750142000â”‹    <Correlation>
./logs/programs/evtx/Microsoft-Windows-Kernel-PnP__Configuration.evtxâ”‹20230310T034943.750142000â”‹    </Correlation>
./logs/programs/evtx/Microsoft-Windows-Kernel-PnP__Configuration.evtxâ”‹20230310T034943.750142000â”‹    <Execution ProcessID="4" ThreadID="8">
./logs/programs/evtx/Microsoft-Windows-Kernel-PnP__Configuration.evtxâ”‹20230310T034943.750142000â”‹    </Execution>
./logs/programs/evtx/Microsoft-Windows-Kernel-PnP__Configuration.evtxâ”‹20230310T034943.750142000â”‹    <Channel>Microsoft-Windows-Kernel-PnP/Configuration</Channel>
./logs/programs/evtx/Microsoft-Windows-Kernel-PnP__Configuration.evtxâ”‹20230310T034943.750142000â”‹    <Computer>minwinpc</Computer>
./logs/programs/evtx/Microsoft-Windows-Kernel-PnP__Configuration.evtxâ”‹20230310T034943.750142000â”‹    <Security UserID="S-1-5-18">
./logs/programs/evtx/Microsoft-Windows-Kernel-PnP__Configuration.evtxâ”‹20230310T034943.750142000â”‹    </Security>
./logs/programs/evtx/Microsoft-Windows-Kernel-PnP__Configuration.evtxâ”‹20230310T034943.750142000â”‹  </System>
./logs/programs/evtx/Microsoft-Windows-Kernel-PnP__Configuration.evtxâ”‹20230310T034943.750142000â”‹  <EventData>
./logs/programs/evtx/Microsoft-Windows-Kernel-PnP__Configuration.evtxâ”‹20230310T034943.750142000â”‹    <Data Name="DeviceInstanceId">ACPI\GenuineIntel_-_Intel64_Family_6_Model_79_-_Intel(R)_Xeon(R)_CPU_E5-2697_v4_@_2.30GHz\8</Data>
./logs/programs/evtx/Microsoft-Windows-Kernel-PnP__Configuration.evtxâ”‹20230310T034943.750142000â”‹    <Data Name="DriverName">cpu.inf</Data>
./logs/programs/evtx/Microsoft-Windows-Kernel-PnP__Configuration.evtxâ”‹20230310T034943.750142000â”‹    <Data Name="ClassGuid">50127DC3-0F36-415E-A6CC-4CB3BE910B65</Data>
./logs/programs/evtx/Microsoft-Windows-Kernel-PnP__Configuration.evtxâ”‹20230310T034943.750142000â”‹    <Data Name="DriverDate">04/21/2009</Data>
./logs/programs/evtx/Microsoft-Windows-Kernel-PnP__Configuration.evtxâ”‹20230310T034943.750142000â”‹    <Data Name="DriverVersion">10.0.22621.1413</Data>
./logs/programs/evtx/Microsoft-Windows-Kernel-PnP__Configuration.evtxâ”‹20230310T034943.750142000â”‹    <Data Name="DriverProvider">Microsoft</Data>
./logs/programs/evtx/Microsoft-Windows-Kernel-PnP__Configuration.evtxâ”‹20230310T034943.750142000â”‹    <Data Name="DriverInbox">true</Data>
./logs/programs/evtx/Microsoft-Windows-Kernel-PnP__Configuration.evtxâ”‹20230310T034943.750142000â”‹    <Data Name="DriverSection">IntelPPM_Inst.NT</Data>
./logs/programs/evtx/Microsoft-Windows-Kernel-PnP__Configuration.evtxâ”‹20230310T034943.750142000â”‹    <Data Name="DriverRank">0xff0005</Data>
./logs/programs/evtx/Microsoft-Windows-Kernel-PnP__Configuration.evtxâ”‹20230310T034943.750142000â”‹    <Data Name="MatchingDeviceId">ACPI\GenuineIntel_-_Intel64</Data>
./logs/programs/evtx/Microsoft-Windows-Kernel-PnP__Configuration.evtxâ”‹20230310T034943.750142000â”‹    <Data Name="OutrankedDrivers">cpu.inf:ACPI\Processor:00FF2000</Data>
./logs/programs/evtx/Microsoft-Windows-Kernel-PnP__Configuration.evtxâ”‹20230310T034943.750142000â”‹    <Data Name="DeviceUpdated">false</Data>
./logs/programs/evtx/Microsoft-Windows-Kernel-PnP__Configuration.evtxâ”‹20230310T034943.750142000â”‹    <Data Name="Status">0x0</Data>
./logs/programs/evtx/Microsoft-Windows-Kernel-PnP__Configuration.evtxâ”‹20230310T034943.750142000â”‹    <Data Name="ParentDeviceInstanceId">ACPI_HAL\PNP0C08\0</Data>
./logs/programs/evtx/Microsoft-Windows-Kernel-PnP__Configuration.evtxâ”‹20230310T034943.750142000â”‹  </EventData>
./logs/programs/evtx/Microsoft-Windows-Kernel-PnP__Configuration.evtxâ”‹20230310T034943.750142000â”‹</Event>
â‡ł
./logs/programs/evtx/Microsoft-Windows-Kernel-PnP__Configuration.evtxâ”‹20230310T034943.755977000â”‹<?xml version="1.0" encoding="utf-8"?>
./logs/programs/evtx/Microsoft-Windows-Kernel-PnP__Configuration.evtxâ”‹20230310T034943.755977000â”‹<Event xmlns="http://schemas.microsoft.com/win/2004/08/events/event">
./logs/programs/evtx/Microsoft-Windows-Kernel-PnP__Configuration.evtxâ”‹20230310T034943.755977000â”‹  <System>
./logs/programs/evtx/Microsoft-Windows-Kernel-PnP__Configuration.evtxâ”‹20230310T034943.755977000â”‹    <Provider Name="Microsoft-Windows-Kernel-PnP" Guid="9C205A39-1250-487D-ABD7-E831C6290539">
./logs/programs/evtx/Microsoft-Windows-Kernel-PnP__Configuration.evtxâ”‹20230310T034943.755977000â”‹    </Provider>
./logs/programs/evtx/Microsoft-Windows-Kernel-PnP__Configuration.evtxâ”‹20230310T034943.755977000â”‹    <EventID>400</EventID>
./logs/programs/evtx/Microsoft-Windows-Kernel-PnP__Configuration.evtxâ”‹20230310T034943.755977000â”‹    <Version>0</Version>
./logs/programs/evtx/Microsoft-Windows-Kernel-PnP__Configuration.evtxâ”‹20230310T034943.755977000â”‹    <Level>4</Level>
./logs/programs/evtx/Microsoft-Windows-Kernel-PnP__Configuration.evtxâ”‹20230310T034943.755977000â”‹    <Task>0</Task>
./logs/programs/evtx/Microsoft-Windows-Kernel-PnP__Configuration.evtxâ”‹20230310T034943.755977000â”‹    <Opcode>0</Opcode>
./logs/programs/evtx/Microsoft-Windows-Kernel-PnP__Configuration.evtxâ”‹20230310T034943.755977000â”‹    <Keywords>0x4000000000000000</Keywords>
./logs/programs/evtx/Microsoft-Windows-Kernel-PnP__Configuration.evtxâ”‹20230310T034943.755977000â”‹    <TimeCreated SystemTime="2023-03-10T03:49:43.755977Z">
./logs/programs/evtx/Microsoft-Windows-Kernel-PnP__Configuration.evtxâ”‹20230310T034943.755977000â”‹    </TimeCreated>
./logs/programs/evtx/Microsoft-Windows-Kernel-PnP__Configuration.evtxâ”‹20230310T034943.755977000â”‹    <EventRecordID>16</EventRecordID>
./logs/programs/evtx/Microsoft-Windows-Kernel-PnP__Configuration.evtxâ”‹20230310T034943.755977000â”‹    <Correlation>
./logs/programs/evtx/Microsoft-Windows-Kernel-PnP__Configuration.evtxâ”‹20230310T034943.755977000â”‹    </Correlation>
./logs/programs/evtx/Microsoft-Windows-Kernel-PnP__Configuration.evtxâ”‹20230310T034943.755977000â”‹    <Execution ProcessID="4" ThreadID="8">
./logs/programs/evtx/Microsoft-Windows-Kernel-PnP__Configuration.evtxâ”‹20230310T034943.755977000â”‹    </Execution>
./logs/programs/evtx/Microsoft-Windows-Kernel-PnP__Configuration.evtxâ”‹20230310T034943.755977000â”‹    <Channel>Microsoft-Windows-Kernel-PnP/Configuration</Channel>
./logs/programs/evtx/Microsoft-Windows-Kernel-PnP__Configuration.evtxâ”‹20230310T034943.755977000â”‹    <Computer>minwinpc</Computer>
./logs/programs/evtx/Microsoft-Windows-Kernel-PnP__Configuration.evtxâ”‹20230310T034943.755977000â”‹    <Security UserID="S-1-5-18">
./logs/programs/evtx/Microsoft-Windows-Kernel-PnP__Configuration.evtxâ”‹20230310T034943.755977000â”‹    </Security>
./logs/programs/evtx/Microsoft-Windows-Kernel-PnP__Configuration.evtxâ”‹20230310T034943.755977000â”‹  </System>
./logs/programs/evtx/Microsoft-Windows-Kernel-PnP__Configuration.evtxâ”‹20230310T034943.755977000â”‹  <EventData>
./logs/programs/evtx/Microsoft-Windows-Kernel-PnP__Configuration.evtxâ”‹20230310T034943.755977000â”‹    <Data Name="DeviceInstanceId">ACPI\GenuineIntel_-_Intel64_Family_6_Model_79_-_Intel(R)_Xeon(R)_CPU_E5-2697_v4_@_2.30GHz\9</Data>
./logs/programs/evtx/Microsoft-Windows-Kernel-PnP__Configuration.evtxâ”‹20230310T034943.755977000â”‹    <Data Name="DriverName">cpu.inf</Data>
./logs/programs/evtx/Microsoft-Windows-Kernel-PnP__Configuration.evtxâ”‹20230310T034943.755977000â”‹    <Data Name="ClassGuid">50127DC3-0F36-415E-A6CC-4CB3BE910B65</Data>
./logs/programs/evtx/Microsoft-Windows-Kernel-PnP__Configuration.evtxâ”‹20230310T034943.755977000â”‹    <Data Name="DriverDate">04/21/2009</Data>
./logs/programs/evtx/Microsoft-Windows-Kernel-PnP__Configuration.evtxâ”‹20230310T034943.755977000â”‹    <Data Name="DriverVersion">10.0.22621.1413</Data>
./logs/programs/evtx/Microsoft-Windows-Kernel-PnP__Configuration.evtxâ”‹20230310T034943.755977000â”‹    <Data Name="DriverProvider">Microsoft</Data>
./logs/programs/evtx/Microsoft-Windows-Kernel-PnP__Configuration.evtxâ”‹20230310T034943.755977000â”‹    <Data Name="DriverInbox">true</Data>
./logs/programs/evtx/Microsoft-Windows-Kernel-PnP__Configuration.evtxâ”‹20230310T034943.755977000â”‹    <Data Name="DriverSection">IntelPPM_Inst.NT</Data>
./logs/programs/evtx/Microsoft-Windows-Kernel-PnP__Configuration.evtxâ”‹20230310T034943.755977000â”‹    <Data Name="DriverRank">0xff0005</Data>
./logs/programs/evtx/Microsoft-Windows-Kernel-PnP__Configuration.evtxâ”‹20230310T034943.755977000â”‹    <Data Name="MatchingDeviceId">ACPI\GenuineIntel_-_Intel64</Data>
./logs/programs/evtx/Microsoft-Windows-Kernel-PnP__Configuration.evtxâ”‹20230310T034943.755977000â”‹    <Data Name="OutrankedDrivers">cpu.inf:ACPI\Processor:00FF2000</Data>
./logs/programs/evtx/Microsoft-Windows-Kernel-PnP__Configuration.evtxâ”‹20230310T034943.755977000â”‹    <Data Name="DeviceUpdated">false</Data>
./logs/programs/evtx/Microsoft-Windows-Kernel-PnP__Configuration.evtxâ”‹20230310T034943.755977000â”‹    <Data Name="Status">0x0</Data>
./logs/programs/evtx/Microsoft-Windows-Kernel-PnP__Configuration.evtxâ”‹20230310T034943.755977000â”‹    <Data Name="ParentDeviceInstanceId">ACPI_HAL\PNP0C08\0</Data>
./logs/programs/evtx/Microsoft-Windows-Kernel-PnP__Configuration.evtxâ”‹20230310T034943.755977000â”‹  </EventData>
./logs/programs/evtx/Microsoft-Windows-Kernel-PnP__Configuration.evtxâ”‹20230310T034943.755977000â”‹</Event>
â‡ł
./logs/programs/evtx/Microsoft-Windows-Kernel-PnP__Configuration.evtxâ”‹20230310T034943.761811000â”‹<?xml version="1.0" encoding="utf-8"?>
./logs/programs/evtx/Microsoft-Windows-Kernel-PnP__Configuration.evtxâ”‹20230310T034943.761811000â”‹<Event xmlns="http://schemas.microsoft.com/win/2004/08/events/event">
./logs/programs/evtx/Microsoft-Windows-Kernel-PnP__Configuration.evtxâ”‹20230310T034943.761811000â”‹  <System>
./logs/programs/evtx/Microsoft-Windows-Kernel-PnP__Configuration.evtxâ”‹20230310T034943.761811000â”‹    <Provider Name="Microsoft-Windows-Kernel-PnP" Guid="9C205A39-1250-487D-ABD7-E831C6290539">
./logs/programs/evtx/Microsoft-Windows-Kernel-PnP__Configuration.evtxâ”‹20230310T034943.761811000â”‹    </Provider>
./logs/programs/evtx/Microsoft-Windows-Kernel-PnP__Configuration.evtxâ”‹20230310T034943.761811000â”‹    <EventID>400</EventID>
./logs/programs/evtx/Microsoft-Windows-Kernel-PnP__Configuration.evtxâ”‹20230310T034943.761811000â”‹    <Version>0</Version>
./logs/programs/evtx/Microsoft-Windows-Kernel-PnP__Configuration.evtxâ”‹20230310T034943.761811000â”‹    <Level>4</Level>
./logs/programs/evtx/Microsoft-Windows-Kernel-PnP__Configuration.evtxâ”‹20230310T034943.761811000â”‹    <Task>0</Task>
./logs/programs/evtx/Microsoft-Windows-Kernel-PnP__Configuration.evtxâ”‹20230310T034943.761811000â”‹    <Opcode>0</Opcode>
./logs/programs/evtx/Microsoft-Windows-Kernel-PnP__Configuration.evtxâ”‹20230310T034943.761811000â”‹    <Keywords>0x4000000000000000</Keywords>
./logs/programs/evtx/Microsoft-Windows-Kernel-PnP__Configuration.evtxâ”‹20230310T034943.761811000â”‹    <TimeCreated SystemTime="2023-03-10T03:49:43.761811Z">
./logs/programs/evtx/Microsoft-Windows-Kernel-PnP__Configuration.evtxâ”‹20230310T034943.761811000â”‹    </TimeCreated>
./logs/programs/evtx/Microsoft-Windows-Kernel-PnP__Configuration.evtxâ”‹20230310T034943.761811000â”‹    <EventRecordID>17</EventRecordID>
./logs/programs/evtx/Microsoft-Windows-Kernel-PnP__Configuration.evtxâ”‹20230310T034943.761811000â”‹    <Correlation>
./logs/programs/evtx/Microsoft-Windows-Kernel-PnP__Configuration.evtxâ”‹20230310T034943.761811000â”‹    </Correlation>
./logs/programs/evtx/Microsoft-Windows-Kernel-PnP__Configuration.evtxâ”‹20230310T034943.761811000â”‹    <Execution ProcessID="4" ThreadID="8">
./logs/programs/evtx/Microsoft-Windows-Kernel-PnP__Configuration.evtxâ”‹20230310T034943.761811000â”‹    </Execution>
./logs/programs/evtx/Microsoft-Windows-Kernel-PnP__Configuration.evtxâ”‹20230310T034943.761811000â”‹    <Channel>Microsoft-Windows-Kernel-PnP/Configuration</Channel>
./logs/programs/evtx/Microsoft-Windows-Kernel-PnP__Configuration.evtxâ”‹20230310T034943.761811000â”‹    <Computer>minwinpc</Computer>
./logs/programs/evtx/Microsoft-Windows-Kernel-PnP__Configuration.evtxâ”‹20230310T034943.761811000â”‹    <Security UserID="S-1-5-18">
./logs/programs/evtx/Microsoft-Windows-Kernel-PnP__Configuration.evtxâ”‹20230310T034943.761811000â”‹    </Security>
./logs/programs/evtx/Microsoft-Windows-Kernel-PnP__Configuration.evtxâ”‹20230310T034943.761811000â”‹  </System>
./logs/programs/evtx/Microsoft-Windows-Kernel-PnP__Configuration.evtxâ”‹20230310T034943.761811000â”‹  <EventData>
./logs/programs/evtx/Microsoft-Windows-Kernel-PnP__Configuration.evtxâ”‹20230310T034943.761811000â”‹    <Data Name="DeviceInstanceId">ACPI\GenuineIntel_-_Intel64_Family_6_Model_79_-_Intel(R)_Xeon(R)_CPU_E5-2697_v4_@_2.30GHz\a</Data>
./logs/programs/evtx/Microsoft-Windows-Kernel-PnP__Configuration.evtxâ”‹20230310T034943.761811000â”‹    <Data Name="DriverName">cpu.inf</Data>
./logs/programs/evtx/Microsoft-Windows-Kernel-PnP__Configuration.evtxâ”‹20230310T034943.761811000â”‹    <Data Name="ClassGuid">50127DC3-0F36-415E-A6CC-4CB3BE910B65</Data>
./logs/programs/evtx/Microsoft-Windows-Kernel-PnP__Configuration.evtxâ”‹20230310T034943.761811000â”‹    <Data Name="DriverDate">04/21/2009</Data>
./logs/programs/evtx/Microsoft-Windows-Kernel-PnP__Configuration.evtxâ”‹20230310T034943.761811000â”‹    <Data Name="DriverVersion">10.0.22621.1413</Data>
./logs/programs/evtx/Microsoft-Windows-Kernel-PnP__Configuration.evtxâ”‹20230310T034943.761811000â”‹    <Data Name="DriverProvider">Microsoft</Data>
./logs/programs/evtx/Microsoft-Windows-Kernel-PnP__Configuration.evtxâ”‹20230310T034943.761811000â”‹    <Data Name="DriverInbox">true</Data>
./logs/programs/evtx/Microsoft-Windows-Kernel-PnP__Configuration.evtxâ”‹20230310T034943.761811000â”‹    <Data Name="DriverSection">IntelPPM_Inst.NT</Data>
./logs/programs/evtx/Microsoft-Windows-Kernel-PnP__Configuration.evtxâ”‹20230310T034943.761811000â”‹    <Data Name="DriverRank">0xff0005</Data>
./logs/programs/evtx/Microsoft-Windows-Kernel-PnP__Configuration.evtxâ”‹20230310T034943.761811000â”‹    <Data Name="MatchingDeviceId">ACPI\GenuineIntel_-_Intel64</Data>
./logs/programs/evtx/Microsoft-Windows-Kernel-PnP__Configuration.evtxâ”‹20230310T034943.761811000â”‹    <Data Name="OutrankedDrivers">cpu.inf:ACPI\Processor:00FF2000</Data>
./logs/programs/evtx/Microsoft-Windows-Kernel-PnP__Configuration.evtxâ”‹20230310T034943.761811000â”‹    <Data Name="DeviceUpdated">false</Data>
./logs/programs/evtx/Microsoft-Windows-Kernel-PnP__Configuration.evtxâ”‹20230310T034943.761811000â”‹    <Data Name="Status">0x0</Data>
./logs/programs/evtx/Microsoft-Windows-Kernel-PnP__Configuration.evtxâ”‹20230310T034943.761811000â”‹    <Data Name="ParentDeviceInstanceId">ACPI_HAL\PNP0C08\0</Data>
./logs/programs/evtx/Microsoft-Windows-Kernel-PnP__Configuration.evtxâ”‹20230310T034943.761811000â”‹  </EventData>
./logs/programs/evtx/Microsoft-Windows-Kernel-PnP__Configuration.evtxâ”‹20230310T034943.761811000â”‹</Event>
â‡ł
./logs/programs/evtx/Microsoft-Windows-Kernel-PnP__Configuration.evtxâ”‹20230310T034943.767693000â”‹<?xml version="1.0" encoding="utf-8"?>
./logs/programs/evtx/Microsoft-Windows-Kernel-PnP__Configuration.evtxâ”‹20230310T034943.767693000â”‹<Event xmlns="http://schemas.microsoft.com/win/2004/08/events/event">
./logs/programs/evtx/Microsoft-Windows-Kernel-PnP__Configuration.evtxâ”‹20230310T034943.767693000â”‹  <System>
./logs/programs/evtx/Microsoft-Windows-Kernel-PnP__Configuration.evtxâ”‹20230310T034943.767693000â”‹    <Provider Name="Microsoft-Windows-Kernel-PnP" Guid="9C205A39-1250-487D-ABD7-E831C6290539">
./logs/programs/evtx/Microsoft-Windows-Kernel-PnP__Configuration.evtxâ”‹20230310T034943.767693000â”‹    </Provider>
./logs/programs/evtx/Microsoft-Windows-Kernel-PnP__Configuration.evtxâ”‹20230310T034943.767693000â”‹    <EventID>400</EventID>
./logs/programs/evtx/Microsoft-Windows-Kernel-PnP__Configuration.evtxâ”‹20230310T034943.767693000â”‹    <Version>0</Version>
./logs/programs/evtx/Microsoft-Windows-Kernel-PnP__Configuration.evtxâ”‹20230310T034943.767693000â”‹    <Level>4</Level>
./logs/programs/evtx/Microsoft-Windows-Kernel-PnP__Configuration.evtxâ”‹20230310T034943.767693000â”‹    <Task>0</Task>
./logs/programs/evtx/Microsoft-Windows-Kernel-PnP__Configuration.evtxâ”‹20230310T034943.767693000â”‹    <Opcode>0</Opcode>
./logs/programs/evtx/Microsoft-Windows-Kernel-PnP__Configuration.evtxâ”‹20230310T034943.767693000â”‹    <Keywords>0x4000000000000000</Keywords>
./logs/programs/evtx/Microsoft-Windows-Kernel-PnP__Configuration.evtxâ”‹20230310T034943.767693000â”‹    <TimeCreated SystemTime="2023-03-10T03:49:43.767693Z">
./logs/programs/evtx/Microsoft-Windows-Kernel-PnP__Configuration.evtxâ”‹20230310T034943.767693000â”‹    </TimeCreated>
./logs/programs/evtx/Microsoft-Windows-Kernel-PnP__Configuration.evtxâ”‹20230310T034943.767693000â”‹    <EventRecordID>18</EventRecordID>
