./logs/programs/evtx/Microsoft-Windows-Kernel-PnP__Configuration.evtxâ”‹20230310T034948.747344000â”‹    <Correlation>
./logs/programs/evtx/Microsoft-Windows-Kernel-PnP__Configuration.evtxâ”‹20230310T034948.747344000â”‹    </Correlation>
./logs/programs/evtx/Microsoft-Windows-Kernel-PnP__Configuration.evtxâ”‹20230310T034948.747344000â”‹    <Execution ProcessID="4" ThreadID="496">
./logs/programs/evtx/Microsoft-Windows-Kernel-PnP__Configuration.evtxâ”‹20230310T034948.747344000â”‹    </Execution>
./logs/programs/evtx/Microsoft-Windows-Kernel-PnP__Configuration.evtxâ”‹20230310T034948.747344000â”‹    <Channel>Microsoft-Windows-Kernel-PnP/Configuration</Channel>
./logs/programs/evtx/Microsoft-Windows-Kernel-PnP__Configuration.evtxâ”‹20230310T034948.747344000â”‹    <Computer>minwinpc</Computer>
./logs/programs/evtx/Microsoft-Windows-Kernel-PnP__Configuration.evtxâ”‹20230310T034948.747344000â”‹    <Security UserID="S-1-5-18">
./logs/programs/evtx/Microsoft-Windows-Kernel-PnP__Configuration.evtxâ”‹20230310T034948.747344000â”‹    </Security>
./logs/programs/evtx/Microsoft-Windows-Kernel-PnP__Configuration.evtxâ”‹20230310T034948.747344000â”‹  </System>
./logs/programs/evtx/Microsoft-Windows-Kernel-PnP__Configuration.evtxâ”‹20230310T034948.747344000â”‹  <EventData>
./logs/programs/evtx/Microsoft-Windows-Kernel-PnP__Configuration.evtxâ”‹20230310T034948.747344000â”‹    <Data Name="DeviceInstanceId">UMB\UMB\1&amp;841921d&amp;0&amp;TERMINPUT_BUS</Data>
./logs/programs/evtx/Microsoft-Windows-Kernel-PnP__Configuration.evtxâ”‹20230310T034948.747344000â”‹    <Data Name="DriverName">umbus.inf</Data>
./logs/programs/evtx/Microsoft-Windows-Kernel-PnP__Configuration.evtxâ”‹20230310T034948.747344000â”‹    <Data Name="ClassGuid">4D36E97D-E325-11CE-BFC1-08002BE10318</Data>
./logs/programs/evtx/Microsoft-Windows-Kernel-PnP__Configuration.evtxâ”‹20230310T034948.747344000â”‹    <Data Name="DriverDate">06/21/2006</Data>
./logs/programs/evtx/Microsoft-Windows-Kernel-PnP__Configuration.evtxâ”‹20230310T034948.747344000â”‹    <Data Name="DriverVersion">10.0.22621.608</Data>
./logs/programs/evtx/Microsoft-Windows-Kernel-PnP__Configuration.evtxâ”‹20230310T034948.747344000â”‹    <Data Name="DriverProvider">Microsoft</Data>
./logs/programs/evtx/Microsoft-Windows-Kernel-PnP__Configuration.evtxâ”‹20230310T034948.747344000â”‹    <Data Name="DriverInbox">true</Data>
./logs/programs/evtx/Microsoft-Windows-Kernel-PnP__Configuration.evtxâ”‹20230310T034948.747344000â”‹    <Data Name="DriverSection">UmBus_Device.NT</Data>
./logs/programs/evtx/Microsoft-Windows-Kernel-PnP__Configuration.evtxâ”‹20230310T034948.747344000â”‹    <Data Name="DriverRank">0xff0000</Data>
./logs/programs/evtx/Microsoft-Windows-Kernel-PnP__Configuration.evtxâ”‹20230310T034948.747344000â”‹    <Data Name="MatchingDeviceId">UMB\UMBUS</Data>
./logs/programs/evtx/Microsoft-Windows-Kernel-PnP__Configuration.evtxâ”‹20230310T034948.747344000â”‹    <Data Name="OutrankedDrivers"></Data>
./logs/programs/evtx/Microsoft-Windows-Kernel-PnP__Configuration.evtxâ”‹20230310T034948.747344000â”‹    <Data Name="DeviceUpdated">false</Data>
./logs/programs/evtx/Microsoft-Windows-Kernel-PnP__Configuration.evtxâ”‹20230310T034948.747344000â”‹    <Data Name="Status">0x0</Data>
./logs/programs/evtx/Microsoft-Windows-Kernel-PnP__Configuration.evtxâ”‹20230310T034948.747344000â”‹    <Data Name="ParentDeviceInstanceId">ROOT\UMBUS\0000</Data>
./logs/programs/evtx/Microsoft-Windows-Kernel-PnP__Configuration.evtxâ”‹20230310T034948.747344000â”‹  </EventData>
./logs/programs/evtx/Microsoft-Windows-Kernel-PnP__Configuration.evtxâ”‹20230310T034948.747344000â”‹</Event>
â‡ł
./logs/programs/evtx/Microsoft-Windows-Kernel-PnP__Configuration.evtxâ”‹20230310T034948.750237000â”‹<?xml version="1.0" encoding="utf-8"?>
./logs/programs/evtx/Microsoft-Windows-Kernel-PnP__Configuration.evtxâ”‹20230310T034948.750237000â”‹<Event xmlns="http://schemas.microsoft.com/win/2004/08/events/event">
./logs/programs/evtx/Microsoft-Windows-Kernel-PnP__Configuration.evtxâ”‹20230310T034948.750237000â”‹  <System>
./logs/programs/evtx/Microsoft-Windows-Kernel-PnP__Configuration.evtxâ”‹20230310T034948.750237000â”‹    <Provider Name="Microsoft-Windows-Kernel-PnP" Guid="9C205A39-1250-487D-ABD7-E831C6290539">
./logs/programs/evtx/Microsoft-Windows-Kernel-PnP__Configuration.evtxâ”‹20230310T034948.750237000â”‹    </Provider>
./logs/programs/evtx/Microsoft-Windows-Kernel-PnP__Configuration.evtxâ”‹20230310T034948.750237000â”‹    <EventID>410</EventID>
./logs/programs/evtx/Microsoft-Windows-Kernel-PnP__Configuration.evtxâ”‹20230310T034948.750237000â”‹    <Version>0</Version>
./logs/programs/evtx/Microsoft-Windows-Kernel-PnP__Configuration.evtxâ”‹20230310T034948.750237000â”‹    <Level>4</Level>
./logs/programs/evtx/Microsoft-Windows-Kernel-PnP__Configuration.evtxâ”‹20230310T034948.750237000â”‹    <Task>0</Task>
./logs/programs/evtx/Microsoft-Windows-Kernel-PnP__Configuration.evtxâ”‹20230310T034948.750237000â”‹    <Opcode>0</Opcode>
./logs/programs/evtx/Microsoft-Windows-Kernel-PnP__Configuration.evtxâ”‹20230310T034948.750237000â”‹    <Keywords>0x4000000000000000</Keywords>
./logs/programs/evtx/Microsoft-Windows-Kernel-PnP__Configuration.evtxâ”‹20230310T034948.750237000â”‹    <TimeCreated SystemTime="2023-03-10T03:49:48.750237Z">
./logs/programs/evtx/Microsoft-Windows-Kernel-PnP__Configuration.evtxâ”‹20230310T034948.750237000â”‹    </TimeCreated>
./logs/programs/evtx/Microsoft-Windows-Kernel-PnP__Configuration.evtxâ”‹20230310T034948.750237000â”‹    <EventRecordID>140</EventRecordID>
./logs/programs/evtx/Microsoft-Windows-Kernel-PnP__Configuration.evtxâ”‹20230310T034948.750237000â”‹    <Correlation>
./logs/programs/evtx/Microsoft-Windows-Kernel-PnP__Configuration.evtxâ”‹20230310T034948.750237000â”‹    </Correlation>
./logs/programs/evtx/Microsoft-Windows-Kernel-PnP__Configuration.evtxâ”‹20230310T034948.750237000â”‹    <Execution ProcessID="4" ThreadID="496">
./logs/programs/evtx/Microsoft-Windows-Kernel-PnP__Configuration.evtxâ”‹20230310T034948.750237000â”‹    </Execution>
./logs/programs/evtx/Microsoft-Windows-Kernel-PnP__Configuration.evtxâ”‹20230310T034948.750237000â”‹    <Channel>Microsoft-Windows-Kernel-PnP/Configuration</Channel>
./logs/programs/evtx/Microsoft-Windows-Kernel-PnP__Configuration.evtxâ”‹20230310T034948.750237000â”‹    <Computer>minwinpc</Computer>
./logs/programs/evtx/Microsoft-Windows-Kernel-PnP__Configuration.evtxâ”‹20230310T034948.750237000â”‹    <Security UserID="S-1-5-18">
./logs/programs/evtx/Microsoft-Windows-Kernel-PnP__Configuration.evtxâ”‹20230310T034948.750237000â”‹    </Security>
./logs/programs/evtx/Microsoft-Windows-Kernel-PnP__Configuration.evtxâ”‹20230310T034948.750237000â”‹  </System>
./logs/programs/evtx/Microsoft-Windows-Kernel-PnP__Configuration.evtxâ”‹20230310T034948.750237000â”‹  <EventData>
./logs/programs/evtx/Microsoft-Windows-Kernel-PnP__Configuration.evtxâ”‹20230310T034948.750237000â”‹    <Data Name="DeviceInstanceId">UMB\UMB\1&amp;841921d&amp;0&amp;TERMINPUT_BUS</Data>
./logs/programs/evtx/Microsoft-Windows-Kernel-PnP__Configuration.evtxâ”‹20230310T034948.750237000â”‹    <Data Name="DriverName">umbus.inf</Data>
./logs/programs/evtx/Microsoft-Windows-Kernel-PnP__Configuration.evtxâ”‹20230310T034948.750237000â”‹    <Data Name="ClassGuid">4D36E97D-E325-11CE-BFC1-08002BE10318</Data>
./logs/programs/evtx/Microsoft-Windows-Kernel-PnP__Configuration.evtxâ”‹20230310T034948.750237000â”‹    <Data Name="ServiceName">umbus</Data>
./logs/programs/evtx/Microsoft-Windows-Kernel-PnP__Configuration.evtxâ”‹20230310T034948.750237000â”‹    <Data Name="LowerFilters"></Data>
./logs/programs/evtx/Microsoft-Windows-Kernel-PnP__Configuration.evtxâ”‹20230310T034948.750237000â”‹    <Data Name="UpperFilters"></Data>
./logs/programs/evtx/Microsoft-Windows-Kernel-PnP__Configuration.evtxâ”‹20230310T034948.750237000â”‹    <Data Name="Problem">0x0</Data>
./logs/programs/evtx/Microsoft-Windows-Kernel-PnP__Configuration.evtxâ”‹20230310T034948.750237000â”‹    <Data Name="Status">0x0</Data>
./logs/programs/evtx/Microsoft-Windows-Kernel-PnP__Configuration.evtxâ”‹20230310T034948.750237000â”‹  </EventData>
./logs/programs/evtx/Microsoft-Windows-Kernel-PnP__Configuration.evtxâ”‹20230310T034948.750237000â”‹</Event>
â‡ł
./logs/programs/evtx/Microsoft-Windows-Kernel-PnP__Configuration.evtxâ”‹20230310T034949.530111000â”‹<?xml version="1.0" encoding="utf-8"?>
./logs/programs/evtx/Microsoft-Windows-Kernel-PnP__Configuration.evtxâ”‹20230310T034949.530111000â”‹<Event xmlns="http://schemas.microsoft.com/win/2004/08/events/event">
./logs/programs/evtx/Microsoft-Windows-Kernel-PnP__Configuration.evtxâ”‹20230310T034949.530111000â”‹  <System>
./logs/programs/evtx/Microsoft-Windows-Kernel-PnP__Configuration.evtxâ”‹20230310T034949.530111000â”‹    <Provider Name="Microsoft-Windows-Kernel-PnP" Guid="9C205A39-1250-487D-ABD7-E831C6290539">
./logs/programs/evtx/Microsoft-Windows-Kernel-PnP__Configuration.evtxâ”‹20230310T034949.530111000â”‹    </Provider>
./logs/programs/evtx/Microsoft-Windows-Kernel-PnP__Configuration.evtxâ”‹20230310T034949.530111000â”‹    <EventID>400</EventID>
./logs/programs/evtx/Microsoft-Windows-Kernel-PnP__Configuration.evtxâ”‹20230310T034949.530111000â”‹    <Version>0</Version>
./logs/programs/evtx/Microsoft-Windows-Kernel-PnP__Configuration.evtxâ”‹20230310T034949.530111000â”‹    <Level>4</Level>
./logs/programs/evtx/Microsoft-Windows-Kernel-PnP__Configuration.evtxâ”‹20230310T034949.530111000â”‹    <Task>0</Task>
./logs/programs/evtx/Microsoft-Windows-Kernel-PnP__Configuration.evtxâ”‹20230310T034949.530111000â”‹    <Opcode>0</Opcode>
./logs/programs/evtx/Microsoft-Windows-Kernel-PnP__Configuration.evtxâ”‹20230310T034949.530111000â”‹    <Keywords>0x4000000000000000</Keywords>
./logs/programs/evtx/Microsoft-Windows-Kernel-PnP__Configuration.evtxâ”‹20230310T034949.530111000â”‹    <TimeCreated SystemTime="2023-03-10T03:49:49.530111Z">
./logs/programs/evtx/Microsoft-Windows-Kernel-PnP__Configuration.evtxâ”‹20230310T034949.530111000â”‹    </TimeCreated>
./logs/programs/evtx/Microsoft-Windows-Kernel-PnP__Configuration.evtxâ”‹20230310T034949.530111000â”‹    <EventRecordID>141</EventRecordID>
./logs/programs/evtx/Microsoft-Windows-Kernel-PnP__Configuration.evtxâ”‹20230310T034949.530111000â”‹    <Correlation>
./logs/programs/evtx/Microsoft-Windows-Kernel-PnP__Configuration.evtxâ”‹20230310T034949.530111000â”‹    </Correlation>
./logs/programs/evtx/Microsoft-Windows-Kernel-PnP__Configuration.evtxâ”‹20230310T034949.530111000â”‹    <Execution ProcessID="4" ThreadID="496">
./logs/programs/evtx/Microsoft-Windows-Kernel-PnP__Configuration.evtxâ”‹20230310T034949.530111000â”‹    </Execution>
./logs/programs/evtx/Microsoft-Windows-Kernel-PnP__Configuration.evtxâ”‹20230310T034949.530111000â”‹    <Channel>Microsoft-Windows-Kernel-PnP/Configuration</Channel>
./logs/programs/evtx/Microsoft-Windows-Kernel-PnP__Configuration.evtxâ”‹20230310T034949.530111000â”‹    <Computer>minwinpc</Computer>
./logs/programs/evtx/Microsoft-Windows-Kernel-PnP__Configuration.evtxâ”‹20230310T034949.530111000â”‹    <Security UserID="S-1-5-18">
./logs/programs/evtx/Microsoft-Windows-Kernel-PnP__Configuration.evtxâ”‹20230310T034949.530111000â”‹    </Security>
./logs/programs/evtx/Microsoft-Windows-Kernel-PnP__Configuration.evtxâ”‹20230310T034949.530111000â”‹  </System>
./logs/programs/evtx/Microsoft-Windows-Kernel-PnP__Configuration.evtxâ”‹20230310T034949.530111000â”‹  <EventData>
./logs/programs/evtx/Microsoft-Windows-Kernel-PnP__Configuration.evtxâ”‹20230310T034949.530111000â”‹    <Data Name="DeviceInstanceId">SWD\MMDEVAPI\MicrosoftGSWavetableSynth</Data>
./logs/programs/evtx/Microsoft-Windows-Kernel-PnP__Configuration.evtxâ”‹20230310T034949.530111000â”‹    <Data Name="DriverName">c_swdevice.inf</Data>
./logs/programs/evtx/Microsoft-Windows-Kernel-PnP__Configuration.evtxâ”‹20230310T034949.530111000â”‹    <Data Name="ClassGuid">62F9C741-B25A-46CE-B54C-9BCCCE08B6F2</Data>
./logs/programs/evtx/Microsoft-Windows-Kernel-PnP__Configuration.evtxâ”‹20230310T034949.530111000â”‹    <Data Name="DriverDate">06/21/2006</Data>
./logs/programs/evtx/Microsoft-Windows-Kernel-PnP__Configuration.evtxâ”‹20230310T034949.530111000â”‹    <Data Name="DriverVersion">10.0.22621.1</Data>
./logs/programs/evtx/Microsoft-Windows-Kernel-PnP__Configuration.evtxâ”‹20230310T034949.530111000â”‹    <Data Name="DriverProvider">Microsoft</Data>
./logs/programs/evtx/Microsoft-Windows-Kernel-PnP__Configuration.evtxâ”‹20230310T034949.530111000â”‹    <Data Name="DriverInbox">true</Data>
./logs/programs/evtx/Microsoft-Windows-Kernel-PnP__Configuration.evtxâ”‹20230310T034949.530111000â”‹    <Data Name="DriverSection">SoftwareDevice</Data>
./logs/programs/evtx/Microsoft-Windows-Kernel-PnP__Configuration.evtxâ”‹20230310T034949.530111000â”‹    <Data Name="DriverRank">0xff3000</Data>
./logs/programs/evtx/Microsoft-Windows-Kernel-PnP__Configuration.evtxâ”‹20230310T034949.530111000â”‹    <Data Name="MatchingDeviceId">SWD\GenericRaw</Data>
./logs/programs/evtx/Microsoft-Windows-Kernel-PnP__Configuration.evtxâ”‹20230310T034949.530111000â”‹    <Data Name="OutrankedDrivers"></Data>
./logs/programs/evtx/Microsoft-Windows-Kernel-PnP__Configuration.evtxâ”‹20230310T034949.530111000â”‹    <Data Name="DeviceUpdated">false</Data>
./logs/programs/evtx/Microsoft-Windows-Kernel-PnP__Configuration.evtxâ”‹20230310T034949.530111000â”‹    <Data Name="Status">0x0</Data>
./logs/programs/evtx/Microsoft-Windows-Kernel-PnP__Configuration.evtxâ”‹20230310T034949.530111000â”‹    <Data Name="ParentDeviceInstanceId">HTREE\ROOT\0</Data>
./logs/programs/evtx/Microsoft-Windows-Kernel-PnP__Configuration.evtxâ”‹20230310T034949.530111000â”‹  </EventData>
./logs/programs/evtx/Microsoft-Windows-Kernel-PnP__Configuration.evtxâ”‹20230310T034949.530111000â”‹</Event>
â‡ł
./logs/programs/evtx/Microsoft-Windows-Kernel-PnP__Configuration.evtxâ”‹20230310T034949.532536000â”‹<?xml version="1.0" encoding="utf-8"?>
./logs/programs/evtx/Microsoft-Windows-Kernel-PnP__Configuration.evtxâ”‹20230310T034949.532536000â”‹<Event xmlns="http://schemas.microsoft.com/win/2004/08/events/event">
./logs/programs/evtx/Microsoft-Windows-Kernel-PnP__Configuration.evtxâ”‹20230310T034949.532536000â”‹  <System>
./logs/programs/evtx/Microsoft-Windows-Kernel-PnP__Configuration.evtxâ”‹20230310T034949.532536000â”‹    <Provider Name="Microsoft-Windows-Kernel-PnP" Guid="9C205A39-1250-487D-ABD7-E831C6290539">
./logs/programs/evtx/Microsoft-Windows-Kernel-PnP__Configuration.evtxâ”‹20230310T034949.532536000â”‹    </Provider>
./logs/programs/evtx/Microsoft-Windows-Kernel-PnP__Configuration.evtxâ”‹20230310T034949.532536000â”‹    <EventID>410</EventID>
./logs/programs/evtx/Microsoft-Windows-Kernel-PnP__Configuration.evtxâ”‹20230310T034949.532536000â”‹    <Version>0</Version>
./logs/programs/evtx/Microsoft-Windows-Kernel-PnP__Configuration.evtxâ”‹20230310T034949.532536000â”‹    <Level>4</Level>
./logs/programs/evtx/Microsoft-Windows-Kernel-PnP__Configuration.evtxâ”‹20230310T034949.532536000â”‹    <Task>0</Task>
./logs/programs/evtx/Microsoft-Windows-Kernel-PnP__Configuration.evtxâ”‹20230310T034949.532536000â”‹    <Opcode>0</Opcode>
./logs/programs/evtx/Microsoft-Windows-Kernel-PnP__Configuration.evtxâ”‹20230310T034949.532536000â”‹    <Keywords>0x4000000000000000</Keywords>
./logs/programs/evtx/Microsoft-Windows-Kernel-PnP__Configuration.evtxâ”‹20230310T034949.532536000â”‹    <TimeCreated SystemTime="2023-03-10T03:49:49.532536Z">
./logs/programs/evtx/Microsoft-Windows-Kernel-PnP__Configuration.evtxâ”‹20230310T034949.532536000â”‹    </TimeCreated>
./logs/programs/evtx/Microsoft-Windows-Kernel-PnP__Configuration.evtxâ”‹20230310T034949.532536000â”‹    <EventRecordID>142</EventRecordID>
./logs/programs/evtx/Microsoft-Windows-Kernel-PnP__Configuration.evtxâ”‹20230310T034949.532536000â”‹    <Correlation>
./logs/programs/evtx/Microsoft-Windows-Kernel-PnP__Configuration.evtxâ”‹20230310T034949.532536000â”‹    </Correlation>
./logs/programs/evtx/Microsoft-Windows-Kernel-PnP__Configuration.evtxâ”‹20230310T034949.532536000â”‹    <Execution ProcessID="4" ThreadID="496">
./logs/programs/evtx/Microsoft-Windows-Kernel-PnP__Configuration.evtxâ”‹20230310T034949.532536000â”‹    </Execution>
./logs/programs/evtx/Microsoft-Windows-Kernel-PnP__Configuration.evtxâ”‹20230310T034949.532536000â”‹    <Channel>Microsoft-Windows-Kernel-PnP/Configuration</Channel>
./logs/programs/evtx/Microsoft-Windows-Kernel-PnP__Configuration.evtxâ”‹20230310T034949.532536000â”‹    <Computer>minwinpc</Computer>
./logs/programs/evtx/Microsoft-Windows-Kernel-PnP__Configuration.evtxâ”‹20230310T034949.532536000â”‹    <Security UserID="S-1-5-18">
./logs/programs/evtx/Microsoft-Windows-Kernel-PnP__Configuration.evtxâ”‹20230310T034949.532536000â”‹    </Security>
./logs/programs/evtx/Microsoft-Windows-Kernel-PnP__Configuration.evtxâ”‹20230310T034949.532536000â”‹  </System>
./logs/programs/evtx/Microsoft-Windows-Kernel-PnP__Configuration.evtxâ”‹20230310T034949.532536000â”‹  <EventData>
./logs/programs/evtx/Microsoft-Windows-Kernel-PnP__Configuration.evtxâ”‹20230310T034949.532536000â”‹    <Data Name="DeviceInstanceId">SWD\MMDEVAPI\MicrosoftGSWavetableSynth</Data>
./logs/programs/evtx/Microsoft-Windows-Kernel-PnP__Configuration.evtxâ”‹20230310T034949.532536000â”‹    <Data Name="DriverName">c_swdevice.inf</Data>
./logs/programs/evtx/Microsoft-Windows-Kernel-PnP__Configuration.evtxâ”‹20230310T034949.532536000â”‹    <Data Name="ClassGuid">62F9C741-B25A-46CE-B54C-9BCCCE08B6F2</Data>
./logs/programs/evtx/Microsoft-Windows-Kernel-PnP__Configuration.evtxâ”‹20230310T034949.532536000â”‹    <Data Name="ServiceName"></Data>
./logs/programs/evtx/Microsoft-Windows-Kernel-PnP__Configuration.evtxâ”‹20230310T034949.532536000â”‹    <Data Name="LowerFilters"></Data>
./logs/programs/evtx/Microsoft-Windows-Kernel-PnP__Configuration.evtxâ”‹20230310T034949.532536000â”‹    <Data Name="UpperFilters"></Data>
./logs/programs/evtx/Microsoft-Windows-Kernel-PnP__Configuration.evtxâ”‹20230310T034949.532536000â”‹    <Data Name="Problem">0x0</Data>
./logs/programs/evtx/Microsoft-Windows-Kernel-PnP__Configuration.evtxâ”‹20230310T034949.532536000â”‹    <Data Name="Status">0x0</Data>
./logs/programs/evtx/Microsoft-Windows-Kernel-PnP__Configuration.evtxâ”‹20230310T034949.532536000â”‹  </EventData>
./logs/programs/evtx/Microsoft-Windows-Kernel-PnP__Configuration.evtxâ”‹20230310T034949.532536000â”‹</Event>
â‡ł
./logs/programs/evtx/Microsoft-Windows-Kernel-PnP__Configuration.evtxâ”‹20230310T034949.566813000â”‹<?xml version="1.0" encoding="utf-8"?>
./logs/programs/evtx/Microsoft-Windows-Kernel-PnP__Configuration.evtxâ”‹20230310T034949.566813000â”‹<Event xmlns="http://schemas.microsoft.com/win/2004/08/events/event">
./logs/programs/evtx/Microsoft-Windows-Kernel-PnP__Configuration.evtxâ”‹20230310T034949.566813000â”‹  <System>
./logs/programs/evtx/Microsoft-Windows-Kernel-PnP__Configuration.evtxâ”‹20230310T034949.566813000â”‹    <Provider Name="Microsoft-Windows-Kernel-PnP" Guid="9C205A39-1250-487D-ABD7-E831C6290539">
./logs/programs/evtx/Microsoft-Windows-Kernel-PnP__Configuration.evtxâ”‹20230310T034949.566813000â”‹    </Provider>
./logs/programs/evtx/Microsoft-Windows-Kernel-PnP__Configuration.evtxâ”‹20230310T034949.566813000â”‹    <EventID>400</EventID>
./logs/programs/evtx/Microsoft-Windows-Kernel-PnP__Configuration.evtxâ”‹20230310T034949.566813000â”‹    <Version>0</Version>
./logs/programs/evtx/Microsoft-Windows-Kernel-PnP__Configuration.evtxâ”‹20230310T034949.566813000â”‹    <Level>4</Level>
./logs/programs/evtx/Microsoft-Windows-Kernel-PnP__Configuration.evtxâ”‹20230310T034949.566813000â”‹    <Task>0</Task>
./logs/programs/evtx/Microsoft-Windows-Kernel-PnP__Configuration.evtxâ”‹20230310T034949.566813000â”‹    <Opcode>0</Opcode>
./logs/programs/evtx/Microsoft-Windows-Kernel-PnP__Configuration.evtxâ”‹20230310T034949.566813000â”‹    <Keywords>0x4000000000000000</Keywords>
./logs/programs/evtx/Microsoft-Windows-Kernel-PnP__Configuration.evtxâ”‹20230310T034949.566813000â”‹    <TimeCreated SystemTime="2023-03-10T03:49:49.566813Z">
./logs/programs/evtx/Microsoft-Windows-Kernel-PnP__Configuration.evtxâ”‹20230310T034949.566813000â”‹    </TimeCreated>
./logs/programs/evtx/Microsoft-Windows-Kernel-PnP__Configuration.evtxâ”‹20230310T034949.566813000â”‹    <EventRecordID>143</EventRecordID>
./logs/programs/evtx/Microsoft-Windows-Kernel-PnP__Configuration.evtxâ”‹20230310T034949.566813000â”‹    <Correlation>
./logs/programs/evtx/Microsoft-Windows-Kernel-PnP__Configuration.evtxâ”‹20230310T034949.566813000â”‹    </Correlation>
./logs/programs/evtx/Microsoft-Windows-Kernel-PnP__Configuration.evtxâ”‹20230310T034949.566813000â”‹    <Execution ProcessID="4" ThreadID="476">
./logs/programs/evtx/Microsoft-Windows-Kernel-PnP__Configuration.evtxâ”‹20230310T034949.566813000â”‹    </Execution>
./logs/programs/evtx/Microsoft-Windows-Kernel-PnP__Configuration.evtxâ”‹20230310T034949.566813000â”‹    <Channel>Microsoft-Windows-Kernel-PnP/Configuration</Channel>
./logs/programs/evtx/Microsoft-Windows-Kernel-PnP__Configuration.evtxâ”‹20230310T034949.566813000â”‹    <Computer>minwinpc</Computer>
./logs/programs/evtx/Microsoft-Windows-Kernel-PnP__Configuration.evtxâ”‹20230310T034949.566813000â”‹    <Security UserID="S-1-5-18">
./logs/programs/evtx/Microsoft-Windows-Kernel-PnP__Configuration.evtxâ”‹20230310T034949.566813000â”‹    </Security>
./logs/programs/evtx/Microsoft-Windows-Kernel-PnP__Configuration.evtxâ”‹20230310T034949.566813000â”‹  </System>
./logs/programs/evtx/Microsoft-Windows-Kernel-PnP__Configuration.evtxâ”‹20230310T034949.566813000â”‹  <EventData>
./logs/programs/evtx/Microsoft-Windows-Kernel-PnP__Configuration.evtxâ”‹20230310T034949.566813000â”‹    <Data Name="DeviceInstanceId">UMB\UMB\1&amp;841921d&amp;0&amp;TSBUS</Data>
./logs/programs/evtx/Microsoft-Windows-Kernel-PnP__Configuration.evtxâ”‹20230310T034949.566813000â”‹    <Data Name="DriverName">umbus.inf</Data>
./logs/programs/evtx/Microsoft-Windows-Kernel-PnP__Configuration.evtxâ”‹20230310T034949.566813000â”‹    <Data Name="ClassGuid">4D36E97D-E325-11CE-BFC1-08002BE10318</Data>
./logs/programs/evtx/Microsoft-Windows-Kernel-PnP__Configuration.evtxâ”‹20230310T034949.566813000â”‹    <Data Name="DriverDate">06/21/2006</Data>
./logs/programs/evtx/Microsoft-Windows-Kernel-PnP__Configuration.evtxâ”‹20230310T034949.566813000â”‹    <Data Name="DriverVersion">10.0.22621.608</Data>
./logs/programs/evtx/Microsoft-Windows-Kernel-PnP__Configuration.evtxâ”‹20230310T034949.566813000â”‹    <Data Name="DriverProvider">Microsoft</Data>
./logs/programs/evtx/Microsoft-Windows-Kernel-PnP__Configuration.evtxâ”‹20230310T034949.566813000â”‹    <Data Name="DriverInbox">true</Data>
./logs/programs/evtx/Microsoft-Windows-Kernel-PnP__Configuration.evtxâ”‹20230310T034949.566813000â”‹    <Data Name="DriverSection">UmBus_Device.NT</Data>
./logs/programs/evtx/Microsoft-Windows-Kernel-PnP__Configuration.evtxâ”‹20230310T034949.566813000â”‹    <Data Name="DriverRank">0xff0000</Data>
./logs/programs/evtx/Microsoft-Windows-Kernel-PnP__Configuration.evtxâ”‹20230310T034949.566813000â”‹    <Data Name="MatchingDeviceId">UMB\UMBUS</Data>
./logs/programs/evtx/Microsoft-Windows-Kernel-PnP__Configuration.evtxâ”‹20230310T034949.566813000â”‹    <Data Name="OutrankedDrivers"></Data>
./logs/programs/evtx/Microsoft-Windows-Kernel-PnP__Configuration.evtxâ”‹20230310T034949.566813000â”‹    <Data Name="DeviceUpdated">false</Data>
./logs/programs/evtx/Microsoft-Windows-Kernel-PnP__Configuration.evtxâ”‹20230310T034949.566813000â”‹    <Data Name="Status">0x0</Data>
./logs/programs/evtx/Microsoft-Windows-Kernel-PnP__Configuration.evtxâ”‹20230310T034949.566813000â”‹    <Data Name="ParentDeviceInstanceId">ROOT\UMBUS\0000</Data>
./logs/programs/evtx/Microsoft-Windows-Kernel-PnP__Configuration.evtxâ”‹20230310T034949.566813000â”‹  </EventData>
./logs/programs/evtx/Microsoft-Windows-Kernel-PnP__Configuration.evtxâ”‹20230310T034949.566813000â”‹</Event>
â‡ł
./logs/programs/evtx/Microsoft-Windows-Kernel-PnP__Configuration.evtxâ”‹20230310T034949.570070000â”‹<?xml version="1.0" encoding="utf-8"?>
./logs/programs/evtx/Microsoft-Windows-Kernel-PnP__Configuration.evtxâ”‹20230310T034949.570070000â”‹<Event xmlns="http://schemas.microsoft.com/win/2004/08/events/event">
./logs/programs/evtx/Microsoft-Windows-Kernel-PnP__Configuration.evtxâ”‹20230310T034949.570070000â”‹  <System>
./logs/programs/evtx/Microsoft-Windows-Kernel-PnP__Configuration.evtxâ”‹20230310T034949.570070000â”‹    <Provider Name="Microsoft-Windows-Kernel-PnP" Guid="9C205A39-1250-487D-ABD7-E831C6290539">
./logs/programs/evtx/Microsoft-Windows-Kernel-PnP__Configuration.evtxâ”‹20230310T034949.570070000â”‹    </Provider>
./logs/programs/evtx/Microsoft-Windows-Kernel-PnP__Configuration.evtxâ”‹20230310T034949.570070000â”‹    <EventID>410</EventID>
./logs/programs/evtx/Microsoft-Windows-Kernel-PnP__Configuration.evtxâ”‹20230310T034949.570070000â”‹    <Version>0</Version>
./logs/programs/evtx/Microsoft-Windows-Kernel-PnP__Configuration.evtxâ”‹20230310T034949.570070000â”‹    <Level>4</Level>
./logs/programs/evtx/Microsoft-Windows-Kernel-PnP__Configuration.evtxâ”‹20230310T034949.570070000â”‹    <Task>0</Task>
./logs/programs/evtx/Microsoft-Windows-Kernel-PnP__Configuration.evtxâ”‹20230310T034949.570070000â”‹    <Opcode>0</Opcode>
./logs/programs/evtx/Microsoft-Windows-Kernel-PnP__Configuration.evtxâ”‹20230310T034949.570070000â”‹    <Keywords>0x4000000000000000</Keywords>
./logs/programs/evtx/Microsoft-Windows-Kernel-PnP__Configuration.evtxâ”‹20230310T034949.570070000â”‹    <TimeCreated SystemTime="2023-03-10T03:49:49.570070Z">
./logs/programs/evtx/Microsoft-Windows-Kernel-PnP__Configuration.evtxâ”‹20230310T034949.570070000â”‹    </TimeCreated>
./logs/programs/evtx/Microsoft-Windows-Kernel-PnP__Configuration.evtxâ”‹20230310T034949.570070000â”‹    <EventRecordID>144</EventRecordID>
./logs/programs/evtx/Microsoft-Windows-Kernel-PnP__Configuration.evtxâ”‹20230310T034949.570070000â”‹    <Correlation>
./logs/programs/evtx/Microsoft-Windows-Kernel-PnP__Configuration.evtxâ”‹20230310T034949.570070000â”‹    </Correlation>
./logs/programs/evtx/Microsoft-Windows-Kernel-PnP__Configuration.evtxâ”‹20230310T034949.570070000â”‹    <Execution ProcessID="4" ThreadID="476">
./logs/programs/evtx/Microsoft-Windows-Kernel-PnP__Configuration.evtxâ”‹20230310T034949.570070000â”‹    </Execution>
./logs/programs/evtx/Microsoft-Windows-Kernel-PnP__Configuration.evtxâ”‹20230310T034949.570070000â”‹    <Channel>Microsoft-Windows-Kernel-PnP/Configuration</Channel>
./logs/programs/evtx/Microsoft-Windows-Kernel-PnP__Configuration.evtxâ”‹20230310T034949.570070000â”‹    <Computer>minwinpc</Computer>
./logs/programs/evtx/Microsoft-Windows-Kernel-PnP__Configuration.evtxâ”‹20230310T034949.570070000â”‹    <Security UserID="S-1-5-18">
./logs/programs/evtx/Microsoft-Windows-Kernel-PnP__Configuration.evtxâ”‹20230310T034949.570070000â”‹    </Security>
./logs/programs/evtx/Microsoft-Windows-Kernel-PnP__Configuration.evtxâ”‹20230310T034949.570070000â”‹  </System>
./logs/programs/evtx/Microsoft-Windows-Kernel-PnP__Configuration.evtxâ”‹20230310T034949.570070000â”‹  <EventData>
./logs/programs/evtx/Microsoft-Windows-Kernel-PnP__Configuration.evtxâ”‹20230310T034949.570070000â”‹    <Data Name="DeviceInstanceId">UMB\UMB\1&amp;841921d&amp;0&amp;TSBUS</Data>
./logs/programs/evtx/Microsoft-Windows-Kernel-PnP__Configuration.evtxâ”‹20230310T034949.570070000â”‹    <Data Name="DriverName">umbus.inf</Data>
./logs/programs/evtx/Microsoft-Windows-Kernel-PnP__Configuration.evtxâ”‹20230310T034949.570070000â”‹    <Data Name="ClassGuid">4D36E97D-E325-11CE-BFC1-08002BE10318</Data>
./logs/programs/evtx/Microsoft-Windows-Kernel-PnP__Configuration.evtxâ”‹20230310T034949.570070000â”‹    <Data Name="ServiceName">umbus</Data>
./logs/programs/evtx/Microsoft-Windows-Kernel-PnP__Configuration.evtxâ”‹20230310T034949.570070000â”‹    <Data Name="LowerFilters"></Data>
./logs/programs/evtx/Microsoft-Windows-Kernel-PnP__Configuration.evtxâ”‹20230310T034949.570070000â”‹    <Data Name="UpperFilters"></Data>
./logs/programs/evtx/Microsoft-Windows-Kernel-PnP__Configuration.evtxâ”‹20230310T034949.570070000â”‹    <Data Name="Problem">0x0</Data>
./logs/programs/evtx/Microsoft-Windows-Kernel-PnP__Configuration.evtxâ”‹20230310T034949.570070000â”‹    <Data Name="Status">0x0</Data>
./logs/programs/evtx/Microsoft-Windows-Kernel-PnP__Configuration.evtxâ”‹20230310T034949.570070000â”‹  </EventData>
./logs/programs/evtx/Microsoft-Windows-Kernel-PnP__Configuration.evtxâ”‹20230310T034949.570070000â”‹</Event>
â‡ł
./logs/programs/evtx/Microsoft-Windows-Kernel-PnP__Configuration.evtxâ”‹20230310T034949.576058000â”‹<?xml version="1.0" encoding="utf-8"?>
./logs/programs/evtx/Microsoft-Windows-Kernel-PnP__Configuration.evtxâ”‹20230310T034949.576058000â”‹<Event xmlns="http://schemas.microsoft.com/win/2004/08/events/event">
./logs/programs/evtx/Microsoft-Windows-Kernel-PnP__Configuration.evtxâ”‹20230310T034949.576058000â”‹  <System>
./logs/programs/evtx/Microsoft-Windows-Kernel-PnP__Configuration.evtxâ”‹20230310T034949.576058000â”‹    <Provider Name="Microsoft-Windows-Kernel-PnP" Guid="9C205A39-1250-487D-ABD7-E831C6290539">
./logs/programs/evtx/Microsoft-Windows-Kernel-PnP__Configuration.evtxâ”‹20230310T034949.576058000â”‹    </Provider>
./logs/programs/evtx/Microsoft-Windows-Kernel-PnP__Configuration.evtxâ”‹20230310T034949.576058000â”‹    <EventID>400</EventID>
./logs/programs/evtx/Microsoft-Windows-Kernel-PnP__Configuration.evtxâ”‹20230310T034949.576058000â”‹    <Version>0</Version>
./logs/programs/evtx/Microsoft-Windows-Kernel-PnP__Configuration.evtxâ”‹20230310T034949.576058000â”‹    <Level>4</Level>
./logs/programs/evtx/Microsoft-Windows-Kernel-PnP__Configuration.evtxâ”‹20230310T034949.576058000â”‹    <Task>0</Task>
./logs/programs/evtx/Microsoft-Windows-Kernel-PnP__Configuration.evtxâ”‹20230310T034949.576058000â”‹    <Opcode>0</Opcode>
./logs/programs/evtx/Microsoft-Windows-Kernel-PnP__Configuration.evtxâ”‹20230310T034949.576058000â”‹    <Keywords>0x4000000000000000</Keywords>
./logs/programs/evtx/Microsoft-Windows-Kernel-PnP__Configuration.evtxâ”‹20230310T034949.576058000â”‹    <TimeCreated SystemTime="2023-03-10T03:49:49.576058Z">
./logs/programs/evtx/Microsoft-Windows-Kernel-PnP__Configuration.evtxâ”‹20230310T034949.576058000â”‹    </TimeCreated>
./logs/programs/evtx/Microsoft-Windows-Kernel-PnP__Configuration.evtxâ”‹20230310T034949.576058000â”‹    <EventRecordID>145</EventRecordID>
./logs/programs/evtx/Microsoft-Windows-Kernel-PnP__Configuration.evtxâ”‹20230310T034949.576058000â”‹    <Correlation>
./logs/programs/evtx/Microsoft-Windows-Kernel-PnP__Configuration.evtxâ”‹20230310T034949.576058000â”‹    </Correlation>
./logs/programs/evtx/Microsoft-Windows-Kernel-PnP__Configuration.evtxâ”‹20230310T034949.576058000â”‹    <Execution ProcessID="4" ThreadID="476">
./logs/programs/evtx/Microsoft-Windows-Kernel-PnP__Configuration.evtxâ”‹20230310T034949.576058000â”‹    </Execution>
./logs/programs/evtx/Microsoft-Windows-Kernel-PnP__Configuration.evtxâ”‹20230310T034949.576058000â”‹    <Channel>Microsoft-Windows-Kernel-PnP/Configuration</Channel>
./logs/programs/evtx/Microsoft-Windows-Kernel-PnP__Configuration.evtxâ”‹20230310T034949.576058000â”‹    <Computer>minwinpc</Computer>
./logs/programs/evtx/Microsoft-Windows-Kernel-PnP__Configuration.evtxâ”‹20230310T034949.576058000â”‹    <Security UserID="S-1-5-18">
./logs/programs/evtx/Microsoft-Windows-Kernel-PnP__Configuration.evtxâ”‹20230310T034949.576058000â”‹    </Security>
./logs/programs/evtx/Microsoft-Windows-Kernel-PnP__Configuration.evtxâ”‹20230310T034949.576058000â”‹  </System>
./logs/programs/evtx/Microsoft-Windows-Kernel-PnP__Configuration.evtxâ”‹20230310T034949.576058000â”‹  <EventData>
./logs/programs/evtx/Microsoft-Windows-Kernel-PnP__Configuration.evtxâ”‹20230310T034949.576058000â”‹    <Data Name="DeviceInstanceId">UMB\UMB\1&amp;841921d&amp;0&amp;TS_USB_HUB_Enumerator</Data>
./logs/programs/evtx/Microsoft-Windows-Kernel-PnP__Configuration.evtxâ”‹20230310T034949.576058000â”‹    <Data Name="DriverName">umbus.inf</Data>
./logs/programs/evtx/Microsoft-Windows-Kernel-PnP__Configuration.evtxâ”‹20230310T034949.576058000â”‹    <Data Name="ClassGuid">4D36E97D-E325-11CE-BFC1-08002BE10318</Data>
./logs/programs/evtx/Microsoft-Windows-Kernel-PnP__Configuration.evtxâ”‹20230310T034949.576058000â”‹    <Data Name="DriverDate">06/21/2006</Data>
./logs/programs/evtx/Microsoft-Windows-Kernel-PnP__Configuration.evtxâ”‹20230310T034949.576058000â”‹    <Data Name="DriverVersion">10.0.22621.608</Data>
./logs/programs/evtx/Microsoft-Windows-Kernel-PnP__Configuration.evtxâ”‹20230310T034949.576058000â”‹    <Data Name="DriverProvider">Microsoft</Data>
./logs/programs/evtx/Microsoft-Windows-Kernel-PnP__Configuration.evtxâ”‹20230310T034949.576058000â”‹    <Data Name="DriverInbox">true</Data>
./logs/programs/evtx/Microsoft-Windows-Kernel-PnP__Configuration.evtxâ”‹20230310T034949.576058000â”‹    <Data Name="DriverSection">UmBus_Device.NT</Data>
./logs/programs/evtx/Microsoft-Windows-Kernel-PnP__Configuration.evtxâ”‹20230310T034949.576058000â”‹    <Data Name="DriverRank">0xff0000</Data>
./logs/programs/evtx/Microsoft-Windows-Kernel-PnP__Configuration.evtxâ”‹20230310T034949.576058000â”‹    <Data Name="MatchingDeviceId">UMB\UMBUS</Data>
./logs/programs/evtx/Microsoft-Windows-Kernel-PnP__Configuration.evtxâ”‹20230310T034949.576058000â”‹    <Data Name="OutrankedDrivers"></Data>
./logs/programs/evtx/Microsoft-Windows-Kernel-PnP__Configuration.evtxâ”‹20230310T034949.576058000â”‹    <Data Name="DeviceUpdated">false</Data>
./logs/programs/evtx/Microsoft-Windows-Kernel-PnP__Configuration.evtxâ”‹20230310T034949.576058000â”‹    <Data Name="Status">0x0</Data>
./logs/programs/evtx/Microsoft-Windows-Kernel-PnP__Configuration.evtxâ”‹20230310T034949.576058000â”‹    <Data Name="ParentDeviceInstanceId">ROOT\UMBUS\0000</Data>
./logs/programs/evtx/Microsoft-Windows-Kernel-PnP__Configuration.evtxâ”‹20230310T034949.576058000â”‹  </EventData>
./logs/programs/evtx/Microsoft-Windows-Kernel-PnP__Configuration.evtxâ”‹20230310T034949.576058000â”‹</Event>
â‡ł
./logs/programs/evtx/Microsoft-Windows-Kernel-PnP__Configuration.evtxâ”‹20230310T034949.583559000â”‹<?xml version="1.0" encoding="utf-8"?>
./logs/programs/evtx/Microsoft-Windows-Kernel-PnP__Configuration.evtxâ”‹20230310T034949.583559000â”‹<Event xmlns="http://schemas.microsoft.com/win/2004/08/events/event">
./logs/programs/evtx/Microsoft-Windows-Kernel-PnP__Configuration.evtxâ”‹20230310T034949.583559000â”‹  <System>
./logs/programs/evtx/Microsoft-Windows-Kernel-PnP__Configuration.evtxâ”‹20230310T034949.583559000â”‹    <Provider Name="Microsoft-Windows-Kernel-PnP" Guid="9C205A39-1250-487D-ABD7-E831C6290539">
./logs/programs/evtx/Microsoft-Windows-Kernel-PnP__Configuration.evtxâ”‹20230310T034949.583559000â”‹    </Provider>
./logs/programs/evtx/Microsoft-Windows-Kernel-PnP__Configuration.evtxâ”‹20230310T034949.583559000â”‹    <EventID>400</EventID>
./logs/programs/evtx/Microsoft-Windows-Kernel-PnP__Configuration.evtxâ”‹20230310T034949.583559000â”‹    <Version>0</Version>
./logs/programs/evtx/Microsoft-Windows-Kernel-PnP__Configuration.evtxâ”‹20230310T034949.583559000â”‹    <Level>4</Level>
./logs/programs/evtx/Microsoft-Windows-Kernel-PnP__Configuration.evtxâ”‹20230310T034949.583559000â”‹    <Task>0</Task>
./logs/programs/evtx/Microsoft-Windows-Kernel-PnP__Configuration.evtxâ”‹20230310T034949.583559000â”‹    <Opcode>0</Opcode>
./logs/programs/evtx/Microsoft-Windows-Kernel-PnP__Configuration.evtxâ”‹20230310T034949.583559000â”‹    <Keywords>0x4000000000000000</Keywords>
./logs/programs/evtx/Microsoft-Windows-Kernel-PnP__Configuration.evtxâ”‹20230310T034949.583559000â”‹    <TimeCreated SystemTime="2023-03-10T03:49:49.583559Z">
./logs/programs/evtx/Microsoft-Windows-Kernel-PnP__Configuration.evtxâ”‹20230310T034949.583559000â”‹    </TimeCreated>
./logs/programs/evtx/Microsoft-Windows-Kernel-PnP__Configuration.evtxâ”‹20230310T034949.583559000â”‹    <EventRecordID>146</EventRecordID>
./logs/programs/evtx/Microsoft-Windows-Kernel-PnP__Configuration.evtxâ”‹20230310T034949.583559000â”‹    <Correlation>
./logs/programs/evtx/Microsoft-Windows-Kernel-PnP__Configuration.evtxâ”‹20230310T034949.583559000â”‹    </Correlation>
./logs/programs/evtx/Microsoft-Windows-Kernel-PnP__Configuration.evtxâ”‹20230310T034949.583559000â”‹    <Execution ProcessID="4" ThreadID="476">
./logs/programs/evtx/Microsoft-Windows-Kernel-PnP__Configuration.evtxâ”‹20230310T034949.583559000â”‹    </Execution>
./logs/programs/evtx/Microsoft-Windows-Kernel-PnP__Configuration.evtxâ”‹20230310T034949.583559000â”‹    <Channel>Microsoft-Windows-Kernel-PnP/Configuration</Channel>
./logs/programs/evtx/Microsoft-Windows-Kernel-PnP__Configuration.evtxâ”‹20230310T034949.583559000â”‹    <Computer>minwinpc</Computer>
./logs/programs/evtx/Microsoft-Windows-Kernel-PnP__Configuration.evtxâ”‹20230310T034949.583559000â”‹    <Security UserID="S-1-5-18">
./logs/programs/evtx/Microsoft-Windows-Kernel-PnP__Configuration.evtxâ”‹20230310T034949.583559000â”‹    </Security>
./logs/programs/evtx/Microsoft-Windows-Kernel-PnP__Configuration.evtxâ”‹20230310T034949.583559000â”‹  </System>
./logs/programs/evtx/Microsoft-Windows-Kernel-PnP__Configuration.evtxâ”‹20230310T034949.583559000â”‹  <EventData>
./logs/programs/evtx/Microsoft-Windows-Kernel-PnP__Configuration.evtxâ”‹20230310T034949.583559000â”‹    <Data Name="DeviceInstanceId">UMB\UMB\1&amp;841921d&amp;0&amp;RDCAMERA_BUS</Data>
./logs/programs/evtx/Microsoft-Windows-Kernel-PnP__Configuration.evtxâ”‹20230310T034949.583559000â”‹    <Data Name="DriverName">umbus.inf</Data>
./logs/programs/evtx/Microsoft-Windows-Kernel-PnP__Configuration.evtxâ”‹20230310T034949.583559000â”‹    <Data Name="ClassGuid">4D36E97D-E325-11CE-BFC1-08002BE10318</Data>
./logs/programs/evtx/Microsoft-Windows-Kernel-PnP__Configuration.evtxâ”‹20230310T034949.583559000â”‹    <Data Name="DriverDate">06/21/2006</Data>
./logs/programs/evtx/Microsoft-Windows-Kernel-PnP__Configuration.evtxâ”‹20230310T034949.583559000â”‹    <Data Name="DriverVersion">10.0.22621.608</Data>
./logs/programs/evtx/Microsoft-Windows-Kernel-PnP__Configuration.evtxâ”‹20230310T034949.583559000â”‹    <Data Name="DriverProvider">Microsoft</Data>
./logs/programs/evtx/Microsoft-Windows-Kernel-PnP__Configuration.evtxâ”‹20230310T034949.583559000â”‹    <Data Name="DriverInbox">true</Data>
./logs/programs/evtx/Microsoft-Windows-Kernel-PnP__Configuration.evtxâ”‹20230310T034949.583559000â”‹    <Data Name="DriverSection">UmBus_Device.NT</Data>
./logs/programs/evtx/Microsoft-Windows-Kernel-PnP__Configuration.evtxâ”‹20230310T034949.583559000â”‹    <Data Name="DriverRank">0xff0000</Data>
./logs/programs/evtx/Microsoft-Windows-Kernel-PnP__Configuration.evtxâ”‹20230310T034949.583559000â”‹    <Data Name="MatchingDeviceId">UMB\UMBUS</Data>
./logs/programs/evtx/Microsoft-Windows-Kernel-PnP__Configuration.evtxâ”‹20230310T034949.583559000â”‹    <Data Name="OutrankedDrivers"></Data>
./logs/programs/evtx/Microsoft-Windows-Kernel-PnP__Configuration.evtxâ”‹20230310T034949.583559000â”‹    <Data Name="DeviceUpdated">false</Data>
./logs/programs/evtx/Microsoft-Windows-Kernel-PnP__Configuration.evtxâ”‹20230310T034949.583559000â”‹    <Data Name="Status">0x0</Data>
./logs/programs/evtx/Microsoft-Windows-Kernel-PnP__Configuration.evtxâ”‹20230310T034949.583559000â”‹    <Data Name="ParentDeviceInstanceId">ROOT\UMBUS\0000</Data>
./logs/programs/evtx/Microsoft-Windows-Kernel-PnP__Configuration.evtxâ”‹20230310T034949.583559000â”‹  </EventData>
./logs/programs/evtx/Microsoft-Windows-Kernel-PnP__Configuration.evtxâ”‹20230310T034949.583559000â”‹</Event>
â‡ł
./logs/programs/evtx/Microsoft-Windows-Kernel-PnP__Configuration.evtxâ”‹20230310T034949.587465000â”‹<?xml version="1.0" encoding="utf-8"?>
./logs/programs/evtx/Microsoft-Windows-Kernel-PnP__Configuration.evtxâ”‹20230310T034949.587465000â”‹<Event xmlns="http://schemas.microsoft.com/win/2004/08/events/event">
./logs/programs/evtx/Microsoft-Windows-Kernel-PnP__Configuration.evtxâ”‹20230310T034949.587465000â”‹  <System>
./logs/programs/evtx/Microsoft-Windows-Kernel-PnP__Configuration.evtxâ”‹20230310T034949.587465000â”‹    <Provider Name="Microsoft-Windows-Kernel-PnP" Guid="9C205A39-1250-487D-ABD7-E831C6290539">
./logs/programs/evtx/Microsoft-Windows-Kernel-PnP__Configuration.evtxâ”‹20230310T034949.587465000â”‹    </Provider>
./logs/programs/evtx/Microsoft-Windows-Kernel-PnP__Configuration.evtxâ”‹20230310T034949.587465000â”‹    <EventID>410</EventID>
./logs/programs/evtx/Microsoft-Windows-Kernel-PnP__Configuration.evtxâ”‹20230310T034949.587465000â”‹    <Version>0</Version>
./logs/programs/evtx/Microsoft-Windows-Kernel-PnP__Configuration.evtxâ”‹20230310T034949.587465000â”‹    <Level>4</Level>
./logs/programs/evtx/Microsoft-Windows-Kernel-PnP__Configuration.evtxâ”‹20230310T034949.587465000â”‹    <Task>0</Task>
./logs/programs/evtx/Microsoft-Windows-Kernel-PnP__Configuration.evtxâ”‹20230310T034949.587465000â”‹    <Opcode>0</Opcode>
./logs/programs/evtx/Microsoft-Windows-Kernel-PnP__Configuration.evtxâ”‹20230310T034949.587465000â”‹    <Keywords>0x4000000000000000</Keywords>
./logs/programs/evtx/Microsoft-Windows-Kernel-PnP__Configuration.evtxâ”‹20230310T034949.587465000â”‹    <TimeCreated SystemTime="2023-03-10T03:49:49.587465Z">
./logs/programs/evtx/Microsoft-Windows-Kernel-PnP__Configuration.evtxâ”‹20230310T034949.587465000â”‹    </TimeCreated>
./logs/programs/evtx/Microsoft-Windows-Kernel-PnP__Configuration.evtxâ”‹20230310T034949.587465000â”‹    <EventRecordID>147</EventRecordID>
./logs/programs/evtx/Microsoft-Windows-Kernel-PnP__Configuration.evtxâ”‹20230310T034949.587465000â”‹    <Correlation>
./logs/programs/evtx/Microsoft-Windows-Kernel-PnP__Configuration.evtxâ”‹20230310T034949.587465000â”‹    </Correlation>
./logs/programs/evtx/Microsoft-Windows-Kernel-PnP__Configuration.evtxâ”‹20230310T034949.587465000â”‹    <Execution ProcessID="4" ThreadID="476">
./logs/programs/evtx/Microsoft-Windows-Kernel-PnP__Configuration.evtxâ”‹20230310T034949.587465000â”‹    </Execution>
./logs/programs/evtx/Microsoft-Windows-Kernel-PnP__Configuration.evtxâ”‹20230310T034949.587465000â”‹    <Channel>Microsoft-Windows-Kernel-PnP/Configuration</Channel>
./logs/programs/evtx/Microsoft-Windows-Kernel-PnP__Configuration.evtxâ”‹20230310T034949.587465000â”‹    <Computer>minwinpc</Computer>
./logs/programs/evtx/Microsoft-Windows-Kernel-PnP__Configuration.evtxâ”‹20230310T034949.587465000â”‹    <Security UserID="S-1-5-18">
./logs/programs/evtx/Microsoft-Windows-Kernel-PnP__Configuration.evtxâ”‹20230310T034949.587465000â”‹    </Security>
./logs/programs/evtx/Microsoft-Windows-Kernel-PnP__Configuration.evtxâ”‹20230310T034949.587465000â”‹  </System>
./logs/programs/evtx/Microsoft-Windows-Kernel-PnP__Configuration.evtxâ”‹20230310T034949.587465000â”‹  <EventData>
./logs/programs/evtx/Microsoft-Windows-Kernel-PnP__Configuration.evtxâ”‹20230310T034949.587465000â”‹    <Data Name="DeviceInstanceId">UMB\UMB\1&amp;841921d&amp;0&amp;TS_USB_HUB_Enumerator</Data>
./logs/programs/evtx/Microsoft-Windows-Kernel-PnP__Configuration.evtxâ”‹20230310T034949.587465000â”‹    <Data Name="DriverName">umbus.inf</Data>
./logs/programs/evtx/Microsoft-Windows-Kernel-PnP__Configuration.evtxâ”‹20230310T034949.587465000â”‹    <Data Name="ClassGuid">4D36E97D-E325-11CE-BFC1-08002BE10318</Data>
./logs/programs/evtx/Microsoft-Windows-Kernel-PnP__Configuration.evtxâ”‹20230310T034949.587465000â”‹    <Data Name="ServiceName">umbus</Data>
./logs/programs/evtx/Microsoft-Windows-Kernel-PnP__Configuration.evtxâ”‹20230310T034949.587465000â”‹    <Data Name="LowerFilters"></Data>
./logs/programs/evtx/Microsoft-Windows-Kernel-PnP__Configuration.evtxâ”‹20230310T034949.587465000â”‹    <Data Name="UpperFilters"></Data>
./logs/programs/evtx/Microsoft-Windows-Kernel-PnP__Configuration.evtxâ”‹20230310T034949.587465000â”‹    <Data Name="Problem">0x0</Data>
./logs/programs/evtx/Microsoft-Windows-Kernel-PnP__Configuration.evtxâ”‹20230310T034949.587465000â”‹    <Data Name="Status">0x0</Data>
./logs/programs/evtx/Microsoft-Windows-Kernel-PnP__Configuration.evtxâ”‹20230310T034949.587465000â”‹  </EventData>
./logs/programs/evtx/Microsoft-Windows-Kernel-PnP__Configuration.evtxâ”‹20230310T034949.587465000â”‹</Event>
â‡ł
./logs/programs/evtx/Microsoft-Windows-Kernel-PnP__Configuration.evtxâ”‹20230310T034949.587902000â”‹<?xml version="1.0" encoding="utf-8"?>
./logs/programs/evtx/Microsoft-Windows-Kernel-PnP__Configuration.evtxâ”‹20230310T034949.587902000â”‹<Event xmlns="http://schemas.microsoft.com/win/2004/08/events/event">
./logs/programs/evtx/Microsoft-Windows-Kernel-PnP__Configuration.evtxâ”‹20230310T034949.587902000â”‹  <System>
./logs/programs/evtx/Microsoft-Windows-Kernel-PnP__Configuration.evtxâ”‹20230310T034949.587902000â”‹    <Provider Name="Microsoft-Windows-Kernel-PnP" Guid="9C205A39-1250-487D-ABD7-E831C6290539">
./logs/programs/evtx/Microsoft-Windows-Kernel-PnP__Configuration.evtxâ”‹20230310T034949.587902000â”‹    </Provider>
./logs/programs/evtx/Microsoft-Windows-Kernel-PnP__Configuration.evtxâ”‹20230310T034949.587902000â”‹    <EventID>410</EventID>
./logs/programs/evtx/Microsoft-Windows-Kernel-PnP__Configuration.evtxâ”‹20230310T034949.587902000â”‹    <Version>0</Version>
./logs/programs/evtx/Microsoft-Windows-Kernel-PnP__Configuration.evtxâ”‹20230310T034949.587902000â”‹    <Level>4</Level>
./logs/programs/evtx/Microsoft-Windows-Kernel-PnP__Configuration.evtxâ”‹20230310T034949.587902000â”‹    <Task>0</Task>
./logs/programs/evtx/Microsoft-Windows-Kernel-PnP__Configuration.evtxâ”‹20230310T034949.587902000â”‹    <Opcode>0</Opcode>
./logs/programs/evtx/Microsoft-Windows-Kernel-PnP__Configuration.evtxâ”‹20230310T034949.587902000â”‹    <Keywords>0x4000000000000000</Keywords>
./logs/programs/evtx/Microsoft-Windows-Kernel-PnP__Configuration.evtxâ”‹20230310T034949.587902000â”‹    <TimeCreated SystemTime="2023-03-10T03:49:49.587902Z">
./logs/programs/evtx/Microsoft-Windows-Kernel-PnP__Configuration.evtxâ”‹20230310T034949.587902000â”‹    </TimeCreated>
./logs/programs/evtx/Microsoft-Windows-Kernel-PnP__Configuration.evtxâ”‹20230310T034949.587902000â”‹    <EventRecordID>148</EventRecordID>
