./logs/programs/evtx/Microsoft-Windows-Kernel-PnP__Configuration.evtxâ”‹20230310T034945.066249000â”‹    <Correlation>
./logs/programs/evtx/Microsoft-Windows-Kernel-PnP__Configuration.evtxâ”‹20230310T034945.066249000â”‹    </Correlation>
./logs/programs/evtx/Microsoft-Windows-Kernel-PnP__Configuration.evtxâ”‹20230310T034945.066249000â”‹    <Execution ProcessID="4" ThreadID="528">
./logs/programs/evtx/Microsoft-Windows-Kernel-PnP__Configuration.evtxâ”‹20230310T034945.066249000â”‹    </Execution>
./logs/programs/evtx/Microsoft-Windows-Kernel-PnP__Configuration.evtxâ”‹20230310T034945.066249000â”‹    <Channel>Microsoft-Windows-Kernel-PnP/Configuration</Channel>
./logs/programs/evtx/Microsoft-Windows-Kernel-PnP__Configuration.evtxâ”‹20230310T034945.066249000â”‹    <Computer>minwinpc</Computer>
./logs/programs/evtx/Microsoft-Windows-Kernel-PnP__Configuration.evtxâ”‹20230310T034945.066249000â”‹    <Security UserID="S-1-5-18">
./logs/programs/evtx/Microsoft-Windows-Kernel-PnP__Configuration.evtxâ”‹20230310T034945.066249000â”‹    </Security>
./logs/programs/evtx/Microsoft-Windows-Kernel-PnP__Configuration.evtxâ”‹20230310T034945.066249000â”‹  </System>
./logs/programs/evtx/Microsoft-Windows-Kernel-PnP__Configuration.evtxâ”‹20230310T034945.066249000â”‹  <EventData>
./logs/programs/evtx/Microsoft-Windows-Kernel-PnP__Configuration.evtxâ”‹20230310T034945.066249000â”‹    <Data Name="DeviceInstanceId">ACPI\GenuineIntel_-_Intel64_Family_6_Model_79_-_Intel(R)_Xeon(R)_CPU_E5-2697_v4_@_2.30GHz\15</Data>
./logs/programs/evtx/Microsoft-Windows-Kernel-PnP__Configuration.evtxâ”‹20230310T034945.066249000â”‹    <Data Name="DriverName">cpu.inf</Data>
./logs/programs/evtx/Microsoft-Windows-Kernel-PnP__Configuration.evtxâ”‹20230310T034945.066249000â”‹    <Data Name="ClassGuid">50127DC3-0F36-415E-A6CC-4CB3BE910B65</Data>
./logs/programs/evtx/Microsoft-Windows-Kernel-PnP__Configuration.evtxâ”‹20230310T034945.066249000â”‹    <Data Name="ServiceName">intelppm</Data>
./logs/programs/evtx/Microsoft-Windows-Kernel-PnP__Configuration.evtxâ”‹20230310T034945.066249000â”‹    <Data Name="LowerFilters"></Data>
./logs/programs/evtx/Microsoft-Windows-Kernel-PnP__Configuration.evtxâ”‹20230310T034945.066249000â”‹    <Data Name="UpperFilters"></Data>
./logs/programs/evtx/Microsoft-Windows-Kernel-PnP__Configuration.evtxâ”‹20230310T034945.066249000â”‹    <Data Name="Problem">0x0</Data>
./logs/programs/evtx/Microsoft-Windows-Kernel-PnP__Configuration.evtxâ”‹20230310T034945.066249000â”‹    <Data Name="Status">0x0</Data>
./logs/programs/evtx/Microsoft-Windows-Kernel-PnP__Configuration.evtxâ”‹20230310T034945.066249000â”‹  </EventData>
./logs/programs/evtx/Microsoft-Windows-Kernel-PnP__Configuration.evtxâ”‹20230310T034945.066249000â”‹</Event>
â‡ł
./logs/programs/evtx/Microsoft-Windows-Kernel-PnP__Configuration.evtxâ”‹20230310T034945.066784000â”‹<?xml version="1.0" encoding="utf-8"?>
./logs/programs/evtx/Microsoft-Windows-Kernel-PnP__Configuration.evtxâ”‹20230310T034945.066784000â”‹<Event xmlns="http://schemas.microsoft.com/win/2004/08/events/event">
./logs/programs/evtx/Microsoft-Windows-Kernel-PnP__Configuration.evtxâ”‹20230310T034945.066784000â”‹  <System>
./logs/programs/evtx/Microsoft-Windows-Kernel-PnP__Configuration.evtxâ”‹20230310T034945.066784000â”‹    <Provider Name="Microsoft-Windows-Kernel-PnP" Guid="9C205A39-1250-487D-ABD7-E831C6290539">
./logs/programs/evtx/Microsoft-Windows-Kernel-PnP__Configuration.evtxâ”‹20230310T034945.066784000â”‹    </Provider>
./logs/programs/evtx/Microsoft-Windows-Kernel-PnP__Configuration.evtxâ”‹20230310T034945.066784000â”‹    <EventID>410</EventID>
./logs/programs/evtx/Microsoft-Windows-Kernel-PnP__Configuration.evtxâ”‹20230310T034945.066784000â”‹    <Version>0</Version>
./logs/programs/evtx/Microsoft-Windows-Kernel-PnP__Configuration.evtxâ”‹20230310T034945.066784000â”‹    <Level>4</Level>
./logs/programs/evtx/Microsoft-Windows-Kernel-PnP__Configuration.evtxâ”‹20230310T034945.066784000â”‹    <Task>0</Task>
./logs/programs/evtx/Microsoft-Windows-Kernel-PnP__Configuration.evtxâ”‹20230310T034945.066784000â”‹    <Opcode>0</Opcode>
./logs/programs/evtx/Microsoft-Windows-Kernel-PnP__Configuration.evtxâ”‹20230310T034945.066784000â”‹    <Keywords>0x4000000000000000</Keywords>
./logs/programs/evtx/Microsoft-Windows-Kernel-PnP__Configuration.evtxâ”‹20230310T034945.066784000â”‹    <TimeCreated SystemTime="2023-03-10T03:49:45.066784Z">
./logs/programs/evtx/Microsoft-Windows-Kernel-PnP__Configuration.evtxâ”‹20230310T034945.066784000â”‹    </TimeCreated>
./logs/programs/evtx/Microsoft-Windows-Kernel-PnP__Configuration.evtxâ”‹20230310T034945.066784000â”‹    <EventRecordID>120</EventRecordID>
./logs/programs/evtx/Microsoft-Windows-Kernel-PnP__Configuration.evtxâ”‹20230310T034945.066784000â”‹    <Correlation>
./logs/programs/evtx/Microsoft-Windows-Kernel-PnP__Configuration.evtxâ”‹20230310T034945.066784000â”‹    </Correlation>
./logs/programs/evtx/Microsoft-Windows-Kernel-PnP__Configuration.evtxâ”‹20230310T034945.066784000â”‹    <Execution ProcessID="4" ThreadID="528">
./logs/programs/evtx/Microsoft-Windows-Kernel-PnP__Configuration.evtxâ”‹20230310T034945.066784000â”‹    </Execution>
./logs/programs/evtx/Microsoft-Windows-Kernel-PnP__Configuration.evtxâ”‹20230310T034945.066784000â”‹    <Channel>Microsoft-Windows-Kernel-PnP/Configuration</Channel>
./logs/programs/evtx/Microsoft-Windows-Kernel-PnP__Configuration.evtxâ”‹20230310T034945.066784000â”‹    <Computer>minwinpc</Computer>
./logs/programs/evtx/Microsoft-Windows-Kernel-PnP__Configuration.evtxâ”‹20230310T034945.066784000â”‹    <Security UserID="S-1-5-18">
./logs/programs/evtx/Microsoft-Windows-Kernel-PnP__Configuration.evtxâ”‹20230310T034945.066784000â”‹    </Security>
./logs/programs/evtx/Microsoft-Windows-Kernel-PnP__Configuration.evtxâ”‹20230310T034945.066784000â”‹  </System>
./logs/programs/evtx/Microsoft-Windows-Kernel-PnP__Configuration.evtxâ”‹20230310T034945.066784000â”‹  <EventData>
./logs/programs/evtx/Microsoft-Windows-Kernel-PnP__Configuration.evtxâ”‹20230310T034945.066784000â”‹    <Data Name="DeviceInstanceId">ACPI\GenuineIntel_-_Intel64_Family_6_Model_79_-_Intel(R)_Xeon(R)_CPU_E5-2697_v4_@_2.30GHz\16</Data>
./logs/programs/evtx/Microsoft-Windows-Kernel-PnP__Configuration.evtxâ”‹20230310T034945.066784000â”‹    <Data Name="DriverName">cpu.inf</Data>
./logs/programs/evtx/Microsoft-Windows-Kernel-PnP__Configuration.evtxâ”‹20230310T034945.066784000â”‹    <Data Name="ClassGuid">50127DC3-0F36-415E-A6CC-4CB3BE910B65</Data>
./logs/programs/evtx/Microsoft-Windows-Kernel-PnP__Configuration.evtxâ”‹20230310T034945.066784000â”‹    <Data Name="ServiceName">intelppm</Data>
./logs/programs/evtx/Microsoft-Windows-Kernel-PnP__Configuration.evtxâ”‹20230310T034945.066784000â”‹    <Data Name="LowerFilters"></Data>
./logs/programs/evtx/Microsoft-Windows-Kernel-PnP__Configuration.evtxâ”‹20230310T034945.066784000â”‹    <Data Name="UpperFilters"></Data>
./logs/programs/evtx/Microsoft-Windows-Kernel-PnP__Configuration.evtxâ”‹20230310T034945.066784000â”‹    <Data Name="Problem">0x0</Data>
./logs/programs/evtx/Microsoft-Windows-Kernel-PnP__Configuration.evtxâ”‹20230310T034945.066784000â”‹    <Data Name="Status">0x0</Data>
./logs/programs/evtx/Microsoft-Windows-Kernel-PnP__Configuration.evtxâ”‹20230310T034945.066784000â”‹  </EventData>
./logs/programs/evtx/Microsoft-Windows-Kernel-PnP__Configuration.evtxâ”‹20230310T034945.066784000â”‹</Event>
â‡ł
./logs/programs/evtx/Microsoft-Windows-Kernel-PnP__Configuration.evtxâ”‹20230310T034945.067315000â”‹<?xml version="1.0" encoding="utf-8"?>
./logs/programs/evtx/Microsoft-Windows-Kernel-PnP__Configuration.evtxâ”‹20230310T034945.067315000â”‹<Event xmlns="http://schemas.microsoft.com/win/2004/08/events/event">
./logs/programs/evtx/Microsoft-Windows-Kernel-PnP__Configuration.evtxâ”‹20230310T034945.067315000â”‹  <System>
./logs/programs/evtx/Microsoft-Windows-Kernel-PnP__Configuration.evtxâ”‹20230310T034945.067315000â”‹    <Provider Name="Microsoft-Windows-Kernel-PnP" Guid="9C205A39-1250-487D-ABD7-E831C6290539">
./logs/programs/evtx/Microsoft-Windows-Kernel-PnP__Configuration.evtxâ”‹20230310T034945.067315000â”‹    </Provider>
./logs/programs/evtx/Microsoft-Windows-Kernel-PnP__Configuration.evtxâ”‹20230310T034945.067315000â”‹    <EventID>410</EventID>
./logs/programs/evtx/Microsoft-Windows-Kernel-PnP__Configuration.evtxâ”‹20230310T034945.067315000â”‹    <Version>0</Version>
./logs/programs/evtx/Microsoft-Windows-Kernel-PnP__Configuration.evtxâ”‹20230310T034945.067315000â”‹    <Level>4</Level>
./logs/programs/evtx/Microsoft-Windows-Kernel-PnP__Configuration.evtxâ”‹20230310T034945.067315000â”‹    <Task>0</Task>
./logs/programs/evtx/Microsoft-Windows-Kernel-PnP__Configuration.evtxâ”‹20230310T034945.067315000â”‹    <Opcode>0</Opcode>
./logs/programs/evtx/Microsoft-Windows-Kernel-PnP__Configuration.evtxâ”‹20230310T034945.067315000â”‹    <Keywords>0x4000000000000000</Keywords>
./logs/programs/evtx/Microsoft-Windows-Kernel-PnP__Configuration.evtxâ”‹20230310T034945.067315000â”‹    <TimeCreated SystemTime="2023-03-10T03:49:45.067315Z">
./logs/programs/evtx/Microsoft-Windows-Kernel-PnP__Configuration.evtxâ”‹20230310T034945.067315000â”‹    </TimeCreated>
./logs/programs/evtx/Microsoft-Windows-Kernel-PnP__Configuration.evtxâ”‹20230310T034945.067315000â”‹    <EventRecordID>121</EventRecordID>
./logs/programs/evtx/Microsoft-Windows-Kernel-PnP__Configuration.evtxâ”‹20230310T034945.067315000â”‹    <Correlation>
./logs/programs/evtx/Microsoft-Windows-Kernel-PnP__Configuration.evtxâ”‹20230310T034945.067315000â”‹    </Correlation>
./logs/programs/evtx/Microsoft-Windows-Kernel-PnP__Configuration.evtxâ”‹20230310T034945.067315000â”‹    <Execution ProcessID="4" ThreadID="528">
./logs/programs/evtx/Microsoft-Windows-Kernel-PnP__Configuration.evtxâ”‹20230310T034945.067315000â”‹    </Execution>
./logs/programs/evtx/Microsoft-Windows-Kernel-PnP__Configuration.evtxâ”‹20230310T034945.067315000â”‹    <Channel>Microsoft-Windows-Kernel-PnP/Configuration</Channel>
./logs/programs/evtx/Microsoft-Windows-Kernel-PnP__Configuration.evtxâ”‹20230310T034945.067315000â”‹    <Computer>minwinpc</Computer>
./logs/programs/evtx/Microsoft-Windows-Kernel-PnP__Configuration.evtxâ”‹20230310T034945.067315000â”‹    <Security UserID="S-1-5-18">
./logs/programs/evtx/Microsoft-Windows-Kernel-PnP__Configuration.evtxâ”‹20230310T034945.067315000â”‹    </Security>
./logs/programs/evtx/Microsoft-Windows-Kernel-PnP__Configuration.evtxâ”‹20230310T034945.067315000â”‹  </System>
./logs/programs/evtx/Microsoft-Windows-Kernel-PnP__Configuration.evtxâ”‹20230310T034945.067315000â”‹  <EventData>
./logs/programs/evtx/Microsoft-Windows-Kernel-PnP__Configuration.evtxâ”‹20230310T034945.067315000â”‹    <Data Name="DeviceInstanceId">ACPI\GenuineIntel_-_Intel64_Family_6_Model_79_-_Intel(R)_Xeon(R)_CPU_E5-2697_v4_@_2.30GHz\17</Data>
./logs/programs/evtx/Microsoft-Windows-Kernel-PnP__Configuration.evtxâ”‹20230310T034945.067315000â”‹    <Data Name="DriverName">cpu.inf</Data>
./logs/programs/evtx/Microsoft-Windows-Kernel-PnP__Configuration.evtxâ”‹20230310T034945.067315000â”‹    <Data Name="ClassGuid">50127DC3-0F36-415E-A6CC-4CB3BE910B65</Data>
./logs/programs/evtx/Microsoft-Windows-Kernel-PnP__Configuration.evtxâ”‹20230310T034945.067315000â”‹    <Data Name="ServiceName">intelppm</Data>
./logs/programs/evtx/Microsoft-Windows-Kernel-PnP__Configuration.evtxâ”‹20230310T034945.067315000â”‹    <Data Name="LowerFilters"></Data>
./logs/programs/evtx/Microsoft-Windows-Kernel-PnP__Configuration.evtxâ”‹20230310T034945.067315000â”‹    <Data Name="UpperFilters"></Data>
./logs/programs/evtx/Microsoft-Windows-Kernel-PnP__Configuration.evtxâ”‹20230310T034945.067315000â”‹    <Data Name="Problem">0x0</Data>
./logs/programs/evtx/Microsoft-Windows-Kernel-PnP__Configuration.evtxâ”‹20230310T034945.067315000â”‹    <Data Name="Status">0x0</Data>
./logs/programs/evtx/Microsoft-Windows-Kernel-PnP__Configuration.evtxâ”‹20230310T034945.067315000â”‹  </EventData>
./logs/programs/evtx/Microsoft-Windows-Kernel-PnP__Configuration.evtxâ”‹20230310T034945.067315000â”‹</Event>
â‡ł
./logs/programs/evtx/Microsoft-Windows-Kernel-PnP__Configuration.evtxâ”‹20230310T034945.067913000â”‹<?xml version="1.0" encoding="utf-8"?>
./logs/programs/evtx/Microsoft-Windows-Kernel-PnP__Configuration.evtxâ”‹20230310T034945.067913000â”‹<Event xmlns="http://schemas.microsoft.com/win/2004/08/events/event">
./logs/programs/evtx/Microsoft-Windows-Kernel-PnP__Configuration.evtxâ”‹20230310T034945.067913000â”‹  <System>
./logs/programs/evtx/Microsoft-Windows-Kernel-PnP__Configuration.evtxâ”‹20230310T034945.067913000â”‹    <Provider Name="Microsoft-Windows-Kernel-PnP" Guid="9C205A39-1250-487D-ABD7-E831C6290539">
./logs/programs/evtx/Microsoft-Windows-Kernel-PnP__Configuration.evtxâ”‹20230310T034945.067913000â”‹    </Provider>
./logs/programs/evtx/Microsoft-Windows-Kernel-PnP__Configuration.evtxâ”‹20230310T034945.067913000â”‹    <EventID>410</EventID>
./logs/programs/evtx/Microsoft-Windows-Kernel-PnP__Configuration.evtxâ”‹20230310T034945.067913000â”‹    <Version>0</Version>
./logs/programs/evtx/Microsoft-Windows-Kernel-PnP__Configuration.evtxâ”‹20230310T034945.067913000â”‹    <Level>4</Level>
./logs/programs/evtx/Microsoft-Windows-Kernel-PnP__Configuration.evtxâ”‹20230310T034945.067913000â”‹    <Task>0</Task>
./logs/programs/evtx/Microsoft-Windows-Kernel-PnP__Configuration.evtxâ”‹20230310T034945.067913000â”‹    <Opcode>0</Opcode>
./logs/programs/evtx/Microsoft-Windows-Kernel-PnP__Configuration.evtxâ”‹20230310T034945.067913000â”‹    <Keywords>0x4000000000000000</Keywords>
./logs/programs/evtx/Microsoft-Windows-Kernel-PnP__Configuration.evtxâ”‹20230310T034945.067913000â”‹    <TimeCreated SystemTime="2023-03-10T03:49:45.067913Z">
./logs/programs/evtx/Microsoft-Windows-Kernel-PnP__Configuration.evtxâ”‹20230310T034945.067913000â”‹    </TimeCreated>
./logs/programs/evtx/Microsoft-Windows-Kernel-PnP__Configuration.evtxâ”‹20230310T034945.067913000â”‹    <EventRecordID>122</EventRecordID>
./logs/programs/evtx/Microsoft-Windows-Kernel-PnP__Configuration.evtxâ”‹20230310T034945.067913000â”‹    <Correlation>
./logs/programs/evtx/Microsoft-Windows-Kernel-PnP__Configuration.evtxâ”‹20230310T034945.067913000â”‹    </Correlation>
./logs/programs/evtx/Microsoft-Windows-Kernel-PnP__Configuration.evtxâ”‹20230310T034945.067913000â”‹    <Execution ProcessID="4" ThreadID="528">
./logs/programs/evtx/Microsoft-Windows-Kernel-PnP__Configuration.evtxâ”‹20230310T034945.067913000â”‹    </Execution>
./logs/programs/evtx/Microsoft-Windows-Kernel-PnP__Configuration.evtxâ”‹20230310T034945.067913000â”‹    <Channel>Microsoft-Windows-Kernel-PnP/Configuration</Channel>
./logs/programs/evtx/Microsoft-Windows-Kernel-PnP__Configuration.evtxâ”‹20230310T034945.067913000â”‹    <Computer>minwinpc</Computer>
./logs/programs/evtx/Microsoft-Windows-Kernel-PnP__Configuration.evtxâ”‹20230310T034945.067913000â”‹    <Security UserID="S-1-5-18">
./logs/programs/evtx/Microsoft-Windows-Kernel-PnP__Configuration.evtxâ”‹20230310T034945.067913000â”‹    </Security>
./logs/programs/evtx/Microsoft-Windows-Kernel-PnP__Configuration.evtxâ”‹20230310T034945.067913000â”‹  </System>
./logs/programs/evtx/Microsoft-Windows-Kernel-PnP__Configuration.evtxâ”‹20230310T034945.067913000â”‹  <EventData>
./logs/programs/evtx/Microsoft-Windows-Kernel-PnP__Configuration.evtxâ”‹20230310T034945.067913000â”‹    <Data Name="DeviceInstanceId">ACPI\GenuineIntel_-_Intel64_Family_6_Model_79_-_Intel(R)_Xeon(R)_CPU_E5-2697_v4_@_2.30GHz\18</Data>
./logs/programs/evtx/Microsoft-Windows-Kernel-PnP__Configuration.evtxâ”‹20230310T034945.067913000â”‹    <Data Name="DriverName">cpu.inf</Data>
./logs/programs/evtx/Microsoft-Windows-Kernel-PnP__Configuration.evtxâ”‹20230310T034945.067913000â”‹    <Data Name="ClassGuid">50127DC3-0F36-415E-A6CC-4CB3BE910B65</Data>
./logs/programs/evtx/Microsoft-Windows-Kernel-PnP__Configuration.evtxâ”‹20230310T034945.067913000â”‹    <Data Name="ServiceName">intelppm</Data>
./logs/programs/evtx/Microsoft-Windows-Kernel-PnP__Configuration.evtxâ”‹20230310T034945.067913000â”‹    <Data Name="LowerFilters"></Data>
./logs/programs/evtx/Microsoft-Windows-Kernel-PnP__Configuration.evtxâ”‹20230310T034945.067913000â”‹    <Data Name="UpperFilters"></Data>
./logs/programs/evtx/Microsoft-Windows-Kernel-PnP__Configuration.evtxâ”‹20230310T034945.067913000â”‹    <Data Name="Problem">0x0</Data>
./logs/programs/evtx/Microsoft-Windows-Kernel-PnP__Configuration.evtxâ”‹20230310T034945.067913000â”‹    <Data Name="Status">0x0</Data>
./logs/programs/evtx/Microsoft-Windows-Kernel-PnP__Configuration.evtxâ”‹20230310T034945.067913000â”‹  </EventData>
./logs/programs/evtx/Microsoft-Windows-Kernel-PnP__Configuration.evtxâ”‹20230310T034945.067913000â”‹</Event>
â‡ł
./logs/programs/evtx/Microsoft-Windows-Kernel-PnP__Configuration.evtxâ”‹20230310T034945.068530000â”‹<?xml version="1.0" encoding="utf-8"?>
./logs/programs/evtx/Microsoft-Windows-Kernel-PnP__Configuration.evtxâ”‹20230310T034945.068530000â”‹<Event xmlns="http://schemas.microsoft.com/win/2004/08/events/event">
./logs/programs/evtx/Microsoft-Windows-Kernel-PnP__Configuration.evtxâ”‹20230310T034945.068530000â”‹  <System>
./logs/programs/evtx/Microsoft-Windows-Kernel-PnP__Configuration.evtxâ”‹20230310T034945.068530000â”‹    <Provider Name="Microsoft-Windows-Kernel-PnP" Guid="9C205A39-1250-487D-ABD7-E831C6290539">
./logs/programs/evtx/Microsoft-Windows-Kernel-PnP__Configuration.evtxâ”‹20230310T034945.068530000â”‹    </Provider>
./logs/programs/evtx/Microsoft-Windows-Kernel-PnP__Configuration.evtxâ”‹20230310T034945.068530000â”‹    <EventID>410</EventID>
./logs/programs/evtx/Microsoft-Windows-Kernel-PnP__Configuration.evtxâ”‹20230310T034945.068530000â”‹    <Version>0</Version>
./logs/programs/evtx/Microsoft-Windows-Kernel-PnP__Configuration.evtxâ”‹20230310T034945.068530000â”‹    <Level>4</Level>
./logs/programs/evtx/Microsoft-Windows-Kernel-PnP__Configuration.evtxâ”‹20230310T034945.068530000â”‹    <Task>0</Task>
./logs/programs/evtx/Microsoft-Windows-Kernel-PnP__Configuration.evtxâ”‹20230310T034945.068530000â”‹    <Opcode>0</Opcode>
./logs/programs/evtx/Microsoft-Windows-Kernel-PnP__Configuration.evtxâ”‹20230310T034945.068530000â”‹    <Keywords>0x4000000000000000</Keywords>
./logs/programs/evtx/Microsoft-Windows-Kernel-PnP__Configuration.evtxâ”‹20230310T034945.068530000â”‹    <TimeCreated SystemTime="2023-03-10T03:49:45.068530Z">
./logs/programs/evtx/Microsoft-Windows-Kernel-PnP__Configuration.evtxâ”‹20230310T034945.068530000â”‹    </TimeCreated>
./logs/programs/evtx/Microsoft-Windows-Kernel-PnP__Configuration.evtxâ”‹20230310T034945.068530000â”‹    <EventRecordID>123</EventRecordID>
./logs/programs/evtx/Microsoft-Windows-Kernel-PnP__Configuration.evtxâ”‹20230310T034945.068530000â”‹    <Correlation>
./logs/programs/evtx/Microsoft-Windows-Kernel-PnP__Configuration.evtxâ”‹20230310T034945.068530000â”‹    </Correlation>
./logs/programs/evtx/Microsoft-Windows-Kernel-PnP__Configuration.evtxâ”‹20230310T034945.068530000â”‹    <Execution ProcessID="4" ThreadID="528">
./logs/programs/evtx/Microsoft-Windows-Kernel-PnP__Configuration.evtxâ”‹20230310T034945.068530000â”‹    </Execution>
./logs/programs/evtx/Microsoft-Windows-Kernel-PnP__Configuration.evtxâ”‹20230310T034945.068530000â”‹    <Channel>Microsoft-Windows-Kernel-PnP/Configuration</Channel>
./logs/programs/evtx/Microsoft-Windows-Kernel-PnP__Configuration.evtxâ”‹20230310T034945.068530000â”‹    <Computer>minwinpc</Computer>
./logs/programs/evtx/Microsoft-Windows-Kernel-PnP__Configuration.evtxâ”‹20230310T034945.068530000â”‹    <Security UserID="S-1-5-18">
./logs/programs/evtx/Microsoft-Windows-Kernel-PnP__Configuration.evtxâ”‹20230310T034945.068530000â”‹    </Security>
./logs/programs/evtx/Microsoft-Windows-Kernel-PnP__Configuration.evtxâ”‹20230310T034945.068530000â”‹  </System>
./logs/programs/evtx/Microsoft-Windows-Kernel-PnP__Configuration.evtxâ”‹20230310T034945.068530000â”‹  <EventData>
./logs/programs/evtx/Microsoft-Windows-Kernel-PnP__Configuration.evtxâ”‹20230310T034945.068530000â”‹    <Data Name="DeviceInstanceId">ACPI\GenuineIntel_-_Intel64_Family_6_Model_79_-_Intel(R)_Xeon(R)_CPU_E5-2697_v4_@_2.30GHz\19</Data>
./logs/programs/evtx/Microsoft-Windows-Kernel-PnP__Configuration.evtxâ”‹20230310T034945.068530000â”‹    <Data Name="DriverName">cpu.inf</Data>
./logs/programs/evtx/Microsoft-Windows-Kernel-PnP__Configuration.evtxâ”‹20230310T034945.068530000â”‹    <Data Name="ClassGuid">50127DC3-0F36-415E-A6CC-4CB3BE910B65</Data>
./logs/programs/evtx/Microsoft-Windows-Kernel-PnP__Configuration.evtxâ”‹20230310T034945.068530000â”‹    <Data Name="ServiceName">intelppm</Data>
./logs/programs/evtx/Microsoft-Windows-Kernel-PnP__Configuration.evtxâ”‹20230310T034945.068530000â”‹    <Data Name="LowerFilters"></Data>
./logs/programs/evtx/Microsoft-Windows-Kernel-PnP__Configuration.evtxâ”‹20230310T034945.068530000â”‹    <Data Name="UpperFilters"></Data>
./logs/programs/evtx/Microsoft-Windows-Kernel-PnP__Configuration.evtxâ”‹20230310T034945.068530000â”‹    <Data Name="Problem">0x0</Data>
./logs/programs/evtx/Microsoft-Windows-Kernel-PnP__Configuration.evtxâ”‹20230310T034945.068530000â”‹    <Data Name="Status">0x0</Data>
./logs/programs/evtx/Microsoft-Windows-Kernel-PnP__Configuration.evtxâ”‹20230310T034945.068530000â”‹  </EventData>
./logs/programs/evtx/Microsoft-Windows-Kernel-PnP__Configuration.evtxâ”‹20230310T034945.068530000â”‹</Event>
â‡ł
./logs/programs/evtx/Microsoft-Windows-Kernel-PnP__Configuration.evtxâ”‹20230310T034945.069069000â”‹<?xml version="1.0" encoding="utf-8"?>
./logs/programs/evtx/Microsoft-Windows-Kernel-PnP__Configuration.evtxâ”‹20230310T034945.069069000â”‹<Event xmlns="http://schemas.microsoft.com/win/2004/08/events/event">
./logs/programs/evtx/Microsoft-Windows-Kernel-PnP__Configuration.evtxâ”‹20230310T034945.069069000â”‹  <System>
./logs/programs/evtx/Microsoft-Windows-Kernel-PnP__Configuration.evtxâ”‹20230310T034945.069069000â”‹    <Provider Name="Microsoft-Windows-Kernel-PnP" Guid="9C205A39-1250-487D-ABD7-E831C6290539">
./logs/programs/evtx/Microsoft-Windows-Kernel-PnP__Configuration.evtxâ”‹20230310T034945.069069000â”‹    </Provider>
./logs/programs/evtx/Microsoft-Windows-Kernel-PnP__Configuration.evtxâ”‹20230310T034945.069069000â”‹    <EventID>410</EventID>
./logs/programs/evtx/Microsoft-Windows-Kernel-PnP__Configuration.evtxâ”‹20230310T034945.069069000â”‹    <Version>0</Version>
./logs/programs/evtx/Microsoft-Windows-Kernel-PnP__Configuration.evtxâ”‹20230310T034945.069069000â”‹    <Level>4</Level>
./logs/programs/evtx/Microsoft-Windows-Kernel-PnP__Configuration.evtxâ”‹20230310T034945.069069000â”‹    <Task>0</Task>
./logs/programs/evtx/Microsoft-Windows-Kernel-PnP__Configuration.evtxâ”‹20230310T034945.069069000â”‹    <Opcode>0</Opcode>
./logs/programs/evtx/Microsoft-Windows-Kernel-PnP__Configuration.evtxâ”‹20230310T034945.069069000â”‹    <Keywords>0x4000000000000000</Keywords>
./logs/programs/evtx/Microsoft-Windows-Kernel-PnP__Configuration.evtxâ”‹20230310T034945.069069000â”‹    <TimeCreated SystemTime="2023-03-10T03:49:45.069069Z">
./logs/programs/evtx/Microsoft-Windows-Kernel-PnP__Configuration.evtxâ”‹20230310T034945.069069000â”‹    </TimeCreated>
./logs/programs/evtx/Microsoft-Windows-Kernel-PnP__Configuration.evtxâ”‹20230310T034945.069069000â”‹    <EventRecordID>124</EventRecordID>
./logs/programs/evtx/Microsoft-Windows-Kernel-PnP__Configuration.evtxâ”‹20230310T034945.069069000â”‹    <Correlation>
./logs/programs/evtx/Microsoft-Windows-Kernel-PnP__Configuration.evtxâ”‹20230310T034945.069069000â”‹    </Correlation>
./logs/programs/evtx/Microsoft-Windows-Kernel-PnP__Configuration.evtxâ”‹20230310T034945.069069000â”‹    <Execution ProcessID="4" ThreadID="528">
./logs/programs/evtx/Microsoft-Windows-Kernel-PnP__Configuration.evtxâ”‹20230310T034945.069069000â”‹    </Execution>
./logs/programs/evtx/Microsoft-Windows-Kernel-PnP__Configuration.evtxâ”‹20230310T034945.069069000â”‹    <Channel>Microsoft-Windows-Kernel-PnP/Configuration</Channel>
./logs/programs/evtx/Microsoft-Windows-Kernel-PnP__Configuration.evtxâ”‹20230310T034945.069069000â”‹    <Computer>minwinpc</Computer>
./logs/programs/evtx/Microsoft-Windows-Kernel-PnP__Configuration.evtxâ”‹20230310T034945.069069000â”‹    <Security UserID="S-1-5-18">
./logs/programs/evtx/Microsoft-Windows-Kernel-PnP__Configuration.evtxâ”‹20230310T034945.069069000â”‹    </Security>
./logs/programs/evtx/Microsoft-Windows-Kernel-PnP__Configuration.evtxâ”‹20230310T034945.069069000â”‹  </System>
./logs/programs/evtx/Microsoft-Windows-Kernel-PnP__Configuration.evtxâ”‹20230310T034945.069069000â”‹  <EventData>
./logs/programs/evtx/Microsoft-Windows-Kernel-PnP__Configuration.evtxâ”‹20230310T034945.069069000â”‹    <Data Name="DeviceInstanceId">ACPI\GenuineIntel_-_Intel64_Family_6_Model_79_-_Intel(R)_Xeon(R)_CPU_E5-2697_v4_@_2.30GHz\1a</Data>
./logs/programs/evtx/Microsoft-Windows-Kernel-PnP__Configuration.evtxâ”‹20230310T034945.069069000â”‹    <Data Name="DriverName">cpu.inf</Data>
./logs/programs/evtx/Microsoft-Windows-Kernel-PnP__Configuration.evtxâ”‹20230310T034945.069069000â”‹    <Data Name="ClassGuid">50127DC3-0F36-415E-A6CC-4CB3BE910B65</Data>
./logs/programs/evtx/Microsoft-Windows-Kernel-PnP__Configuration.evtxâ”‹20230310T034945.069069000â”‹    <Data Name="ServiceName">intelppm</Data>
./logs/programs/evtx/Microsoft-Windows-Kernel-PnP__Configuration.evtxâ”‹20230310T034945.069069000â”‹    <Data Name="LowerFilters"></Data>
./logs/programs/evtx/Microsoft-Windows-Kernel-PnP__Configuration.evtxâ”‹20230310T034945.069069000â”‹    <Data Name="UpperFilters"></Data>
./logs/programs/evtx/Microsoft-Windows-Kernel-PnP__Configuration.evtxâ”‹20230310T034945.069069000â”‹    <Data Name="Problem">0x0</Data>
./logs/programs/evtx/Microsoft-Windows-Kernel-PnP__Configuration.evtxâ”‹20230310T034945.069069000â”‹    <Data Name="Status">0x0</Data>
./logs/programs/evtx/Microsoft-Windows-Kernel-PnP__Configuration.evtxâ”‹20230310T034945.069069000â”‹  </EventData>
./logs/programs/evtx/Microsoft-Windows-Kernel-PnP__Configuration.evtxâ”‹20230310T034945.069069000â”‹</Event>
â‡ł
./logs/programs/evtx/Microsoft-Windows-Kernel-PnP__Configuration.evtxâ”‹20230310T034945.069609000â”‹<?xml version="1.0" encoding="utf-8"?>
./logs/programs/evtx/Microsoft-Windows-Kernel-PnP__Configuration.evtxâ”‹20230310T034945.069609000â”‹<Event xmlns="http://schemas.microsoft.com/win/2004/08/events/event">
./logs/programs/evtx/Microsoft-Windows-Kernel-PnP__Configuration.evtxâ”‹20230310T034945.069609000â”‹  <System>
./logs/programs/evtx/Microsoft-Windows-Kernel-PnP__Configuration.evtxâ”‹20230310T034945.069609000â”‹    <Provider Name="Microsoft-Windows-Kernel-PnP" Guid="9C205A39-1250-487D-ABD7-E831C6290539">
./logs/programs/evtx/Microsoft-Windows-Kernel-PnP__Configuration.evtxâ”‹20230310T034945.069609000â”‹    </Provider>
./logs/programs/evtx/Microsoft-Windows-Kernel-PnP__Configuration.evtxâ”‹20230310T034945.069609000â”‹    <EventID>410</EventID>
./logs/programs/evtx/Microsoft-Windows-Kernel-PnP__Configuration.evtxâ”‹20230310T034945.069609000â”‹    <Version>0</Version>
./logs/programs/evtx/Microsoft-Windows-Kernel-PnP__Configuration.evtxâ”‹20230310T034945.069609000â”‹    <Level>4</Level>
./logs/programs/evtx/Microsoft-Windows-Kernel-PnP__Configuration.evtxâ”‹20230310T034945.069609000â”‹    <Task>0</Task>
./logs/programs/evtx/Microsoft-Windows-Kernel-PnP__Configuration.evtxâ”‹20230310T034945.069609000â”‹    <Opcode>0</Opcode>
./logs/programs/evtx/Microsoft-Windows-Kernel-PnP__Configuration.evtxâ”‹20230310T034945.069609000â”‹    <Keywords>0x4000000000000000</Keywords>
./logs/programs/evtx/Microsoft-Windows-Kernel-PnP__Configuration.evtxâ”‹20230310T034945.069609000â”‹    <TimeCreated SystemTime="2023-03-10T03:49:45.069609Z">
./logs/programs/evtx/Microsoft-Windows-Kernel-PnP__Configuration.evtxâ”‹20230310T034945.069609000â”‹    </TimeCreated>
./logs/programs/evtx/Microsoft-Windows-Kernel-PnP__Configuration.evtxâ”‹20230310T034945.069609000â”‹    <EventRecordID>125</EventRecordID>
./logs/programs/evtx/Microsoft-Windows-Kernel-PnP__Configuration.evtxâ”‹20230310T034945.069609000â”‹    <Correlation>
./logs/programs/evtx/Microsoft-Windows-Kernel-PnP__Configuration.evtxâ”‹20230310T034945.069609000â”‹    </Correlation>
./logs/programs/evtx/Microsoft-Windows-Kernel-PnP__Configuration.evtxâ”‹20230310T034945.069609000â”‹    <Execution ProcessID="4" ThreadID="528">
./logs/programs/evtx/Microsoft-Windows-Kernel-PnP__Configuration.evtxâ”‹20230310T034945.069609000â”‹    </Execution>
./logs/programs/evtx/Microsoft-Windows-Kernel-PnP__Configuration.evtxâ”‹20230310T034945.069609000â”‹    <Channel>Microsoft-Windows-Kernel-PnP/Configuration</Channel>
./logs/programs/evtx/Microsoft-Windows-Kernel-PnP__Configuration.evtxâ”‹20230310T034945.069609000â”‹    <Computer>minwinpc</Computer>
./logs/programs/evtx/Microsoft-Windows-Kernel-PnP__Configuration.evtxâ”‹20230310T034945.069609000â”‹    <Security UserID="S-1-5-18">
./logs/programs/evtx/Microsoft-Windows-Kernel-PnP__Configuration.evtxâ”‹20230310T034945.069609000â”‹    </Security>
./logs/programs/evtx/Microsoft-Windows-Kernel-PnP__Configuration.evtxâ”‹20230310T034945.069609000â”‹  </System>
./logs/programs/evtx/Microsoft-Windows-Kernel-PnP__Configuration.evtxâ”‹20230310T034945.069609000â”‹  <EventData>
./logs/programs/evtx/Microsoft-Windows-Kernel-PnP__Configuration.evtxâ”‹20230310T034945.069609000â”‹    <Data Name="DeviceInstanceId">ACPI\GenuineIntel_-_Intel64_Family_6_Model_79_-_Intel(R)_Xeon(R)_CPU_E5-2697_v4_@_2.30GHz\1b</Data>
./logs/programs/evtx/Microsoft-Windows-Kernel-PnP__Configuration.evtxâ”‹20230310T034945.069609000â”‹    <Data Name="DriverName">cpu.inf</Data>
./logs/programs/evtx/Microsoft-Windows-Kernel-PnP__Configuration.evtxâ”‹20230310T034945.069609000â”‹    <Data Name="ClassGuid">50127DC3-0F36-415E-A6CC-4CB3BE910B65</Data>
./logs/programs/evtx/Microsoft-Windows-Kernel-PnP__Configuration.evtxâ”‹20230310T034945.069609000â”‹    <Data Name="ServiceName">intelppm</Data>
./logs/programs/evtx/Microsoft-Windows-Kernel-PnP__Configuration.evtxâ”‹20230310T034945.069609000â”‹    <Data Name="LowerFilters"></Data>
./logs/programs/evtx/Microsoft-Windows-Kernel-PnP__Configuration.evtxâ”‹20230310T034945.069609000â”‹    <Data Name="UpperFilters"></Data>
./logs/programs/evtx/Microsoft-Windows-Kernel-PnP__Configuration.evtxâ”‹20230310T034945.069609000â”‹    <Data Name="Problem">0x0</Data>
./logs/programs/evtx/Microsoft-Windows-Kernel-PnP__Configuration.evtxâ”‹20230310T034945.069609000â”‹    <Data Name="Status">0x0</Data>
./logs/programs/evtx/Microsoft-Windows-Kernel-PnP__Configuration.evtxâ”‹20230310T034945.069609000â”‹  </EventData>
./logs/programs/evtx/Microsoft-Windows-Kernel-PnP__Configuration.evtxâ”‹20230310T034945.069609000â”‹</Event>
â‡ł
./logs/programs/evtx/Microsoft-Windows-Kernel-PnP__Configuration.evtxâ”‹20230310T034945.070145000â”‹<?xml version="1.0" encoding="utf-8"?>
./logs/programs/evtx/Microsoft-Windows-Kernel-PnP__Configuration.evtxâ”‹20230310T034945.070145000â”‹<Event xmlns="http://schemas.microsoft.com/win/2004/08/events/event">
./logs/programs/evtx/Microsoft-Windows-Kernel-PnP__Configuration.evtxâ”‹20230310T034945.070145000â”‹  <System>
./logs/programs/evtx/Microsoft-Windows-Kernel-PnP__Configuration.evtxâ”‹20230310T034945.070145000â”‹    <Provider Name="Microsoft-Windows-Kernel-PnP" Guid="9C205A39-1250-487D-ABD7-E831C6290539">
./logs/programs/evtx/Microsoft-Windows-Kernel-PnP__Configuration.evtxâ”‹20230310T034945.070145000â”‹    </Provider>
./logs/programs/evtx/Microsoft-Windows-Kernel-PnP__Configuration.evtxâ”‹20230310T034945.070145000â”‹    <EventID>410</EventID>
./logs/programs/evtx/Microsoft-Windows-Kernel-PnP__Configuration.evtxâ”‹20230310T034945.070145000â”‹    <Version>0</Version>
./logs/programs/evtx/Microsoft-Windows-Kernel-PnP__Configuration.evtxâ”‹20230310T034945.070145000â”‹    <Level>4</Level>
./logs/programs/evtx/Microsoft-Windows-Kernel-PnP__Configuration.evtxâ”‹20230310T034945.070145000â”‹    <Task>0</Task>
./logs/programs/evtx/Microsoft-Windows-Kernel-PnP__Configuration.evtxâ”‹20230310T034945.070145000â”‹    <Opcode>0</Opcode>
./logs/programs/evtx/Microsoft-Windows-Kernel-PnP__Configuration.evtxâ”‹20230310T034945.070145000â”‹    <Keywords>0x4000000000000000</Keywords>
./logs/programs/evtx/Microsoft-Windows-Kernel-PnP__Configuration.evtxâ”‹20230310T034945.070145000â”‹    <TimeCreated SystemTime="2023-03-10T03:49:45.070145Z">
./logs/programs/evtx/Microsoft-Windows-Kernel-PnP__Configuration.evtxâ”‹20230310T034945.070145000â”‹    </TimeCreated>
./logs/programs/evtx/Microsoft-Windows-Kernel-PnP__Configuration.evtxâ”‹20230310T034945.070145000â”‹    <EventRecordID>126</EventRecordID>
./logs/programs/evtx/Microsoft-Windows-Kernel-PnP__Configuration.evtxâ”‹20230310T034945.070145000â”‹    <Correlation>
./logs/programs/evtx/Microsoft-Windows-Kernel-PnP__Configuration.evtxâ”‹20230310T034945.070145000â”‹    </Correlation>
./logs/programs/evtx/Microsoft-Windows-Kernel-PnP__Configuration.evtxâ”‹20230310T034945.070145000â”‹    <Execution ProcessID="4" ThreadID="528">
./logs/programs/evtx/Microsoft-Windows-Kernel-PnP__Configuration.evtxâ”‹20230310T034945.070145000â”‹    </Execution>
./logs/programs/evtx/Microsoft-Windows-Kernel-PnP__Configuration.evtxâ”‹20230310T034945.070145000â”‹    <Channel>Microsoft-Windows-Kernel-PnP/Configuration</Channel>
./logs/programs/evtx/Microsoft-Windows-Kernel-PnP__Configuration.evtxâ”‹20230310T034945.070145000â”‹    <Computer>minwinpc</Computer>
./logs/programs/evtx/Microsoft-Windows-Kernel-PnP__Configuration.evtxâ”‹20230310T034945.070145000â”‹    <Security UserID="S-1-5-18">
./logs/programs/evtx/Microsoft-Windows-Kernel-PnP__Configuration.evtxâ”‹20230310T034945.070145000â”‹    </Security>
./logs/programs/evtx/Microsoft-Windows-Kernel-PnP__Configuration.evtxâ”‹20230310T034945.070145000â”‹  </System>
./logs/programs/evtx/Microsoft-Windows-Kernel-PnP__Configuration.evtxâ”‹20230310T034945.070145000â”‹  <EventData>
./logs/programs/evtx/Microsoft-Windows-Kernel-PnP__Configuration.evtxâ”‹20230310T034945.070145000â”‹    <Data Name="DeviceInstanceId">ACPI\GenuineIntel_-_Intel64_Family_6_Model_79_-_Intel(R)_Xeon(R)_CPU_E5-2697_v4_@_2.30GHz\1c</Data>
./logs/programs/evtx/Microsoft-Windows-Kernel-PnP__Configuration.evtxâ”‹20230310T034945.070145000â”‹    <Data Name="DriverName">cpu.inf</Data>
./logs/programs/evtx/Microsoft-Windows-Kernel-PnP__Configuration.evtxâ”‹20230310T034945.070145000â”‹    <Data Name="ClassGuid">50127DC3-0F36-415E-A6CC-4CB3BE910B65</Data>
./logs/programs/evtx/Microsoft-Windows-Kernel-PnP__Configuration.evtxâ”‹20230310T034945.070145000â”‹    <Data Name="ServiceName">intelppm</Data>
./logs/programs/evtx/Microsoft-Windows-Kernel-PnP__Configuration.evtxâ”‹20230310T034945.070145000â”‹    <Data Name="LowerFilters"></Data>
./logs/programs/evtx/Microsoft-Windows-Kernel-PnP__Configuration.evtxâ”‹20230310T034945.070145000â”‹    <Data Name="UpperFilters"></Data>
./logs/programs/evtx/Microsoft-Windows-Kernel-PnP__Configuration.evtxâ”‹20230310T034945.070145000â”‹    <Data Name="Problem">0x0</Data>
./logs/programs/evtx/Microsoft-Windows-Kernel-PnP__Configuration.evtxâ”‹20230310T034945.070145000â”‹    <Data Name="Status">0x0</Data>
./logs/programs/evtx/Microsoft-Windows-Kernel-PnP__Configuration.evtxâ”‹20230310T034945.070145000â”‹  </EventData>
./logs/programs/evtx/Microsoft-Windows-Kernel-PnP__Configuration.evtxâ”‹20230310T034945.070145000â”‹</Event>
â‡ł
./logs/programs/evtx/Microsoft-Windows-Kernel-PnP__Configuration.evtxâ”‹20230310T034945.070712000â”‹<?xml version="1.0" encoding="utf-8"?>
./logs/programs/evtx/Microsoft-Windows-Kernel-PnP__Configuration.evtxâ”‹20230310T034945.070712000â”‹<Event xmlns="http://schemas.microsoft.com/win/2004/08/events/event">
./logs/programs/evtx/Microsoft-Windows-Kernel-PnP__Configuration.evtxâ”‹20230310T034945.070712000â”‹  <System>
./logs/programs/evtx/Microsoft-Windows-Kernel-PnP__Configuration.evtxâ”‹20230310T034945.070712000â”‹    <Provider Name="Microsoft-Windows-Kernel-PnP" Guid="9C205A39-1250-487D-ABD7-E831C6290539">
./logs/programs/evtx/Microsoft-Windows-Kernel-PnP__Configuration.evtxâ”‹20230310T034945.070712000â”‹    </Provider>
./logs/programs/evtx/Microsoft-Windows-Kernel-PnP__Configuration.evtxâ”‹20230310T034945.070712000â”‹    <EventID>410</EventID>
./logs/programs/evtx/Microsoft-Windows-Kernel-PnP__Configuration.evtxâ”‹20230310T034945.070712000â”‹    <Version>0</Version>
./logs/programs/evtx/Microsoft-Windows-Kernel-PnP__Configuration.evtxâ”‹20230310T034945.070712000â”‹    <Level>4</Level>
./logs/programs/evtx/Microsoft-Windows-Kernel-PnP__Configuration.evtxâ”‹20230310T034945.070712000â”‹    <Task>0</Task>
./logs/programs/evtx/Microsoft-Windows-Kernel-PnP__Configuration.evtxâ”‹20230310T034945.070712000â”‹    <Opcode>0</Opcode>
./logs/programs/evtx/Microsoft-Windows-Kernel-PnP__Configuration.evtxâ”‹20230310T034945.070712000â”‹    <Keywords>0x4000000000000000</Keywords>
./logs/programs/evtx/Microsoft-Windows-Kernel-PnP__Configuration.evtxâ”‹20230310T034945.070712000â”‹    <TimeCreated SystemTime="2023-03-10T03:49:45.070712Z">
./logs/programs/evtx/Microsoft-Windows-Kernel-PnP__Configuration.evtxâ”‹20230310T034945.070712000â”‹    </TimeCreated>
./logs/programs/evtx/Microsoft-Windows-Kernel-PnP__Configuration.evtxâ”‹20230310T034945.070712000â”‹    <EventRecordID>127</EventRecordID>
./logs/programs/evtx/Microsoft-Windows-Kernel-PnP__Configuration.evtxâ”‹20230310T034945.070712000â”‹    <Correlation>
./logs/programs/evtx/Microsoft-Windows-Kernel-PnP__Configuration.evtxâ”‹20230310T034945.070712000â”‹    </Correlation>
./logs/programs/evtx/Microsoft-Windows-Kernel-PnP__Configuration.evtxâ”‹20230310T034945.070712000â”‹    <Execution ProcessID="4" ThreadID="528">
./logs/programs/evtx/Microsoft-Windows-Kernel-PnP__Configuration.evtxâ”‹20230310T034945.070712000â”‹    </Execution>
./logs/programs/evtx/Microsoft-Windows-Kernel-PnP__Configuration.evtxâ”‹20230310T034945.070712000â”‹    <Channel>Microsoft-Windows-Kernel-PnP/Configuration</Channel>
./logs/programs/evtx/Microsoft-Windows-Kernel-PnP__Configuration.evtxâ”‹20230310T034945.070712000â”‹    <Computer>minwinpc</Computer>
./logs/programs/evtx/Microsoft-Windows-Kernel-PnP__Configuration.evtxâ”‹20230310T034945.070712000â”‹    <Security UserID="S-1-5-18">
./logs/programs/evtx/Microsoft-Windows-Kernel-PnP__Configuration.evtxâ”‹20230310T034945.070712000â”‹    </Security>
./logs/programs/evtx/Microsoft-Windows-Kernel-PnP__Configuration.evtxâ”‹20230310T034945.070712000â”‹  </System>
./logs/programs/evtx/Microsoft-Windows-Kernel-PnP__Configuration.evtxâ”‹20230310T034945.070712000â”‹  <EventData>
./logs/programs/evtx/Microsoft-Windows-Kernel-PnP__Configuration.evtxâ”‹20230310T034945.070712000â”‹    <Data Name="DeviceInstanceId">ACPI\GenuineIntel_-_Intel64_Family_6_Model_79_-_Intel(R)_Xeon(R)_CPU_E5-2697_v4_@_2.30GHz\1d</Data>
./logs/programs/evtx/Microsoft-Windows-Kernel-PnP__Configuration.evtxâ”‹20230310T034945.070712000â”‹    <Data Name="DriverName">cpu.inf</Data>
./logs/programs/evtx/Microsoft-Windows-Kernel-PnP__Configuration.evtxâ”‹20230310T034945.070712000â”‹    <Data Name="ClassGuid">50127DC3-0F36-415E-A6CC-4CB3BE910B65</Data>
./logs/programs/evtx/Microsoft-Windows-Kernel-PnP__Configuration.evtxâ”‹20230310T034945.070712000â”‹    <Data Name="ServiceName">intelppm</Data>
./logs/programs/evtx/Microsoft-Windows-Kernel-PnP__Configuration.evtxâ”‹20230310T034945.070712000â”‹    <Data Name="LowerFilters"></Data>
./logs/programs/evtx/Microsoft-Windows-Kernel-PnP__Configuration.evtxâ”‹20230310T034945.070712000â”‹    <Data Name="UpperFilters"></Data>
./logs/programs/evtx/Microsoft-Windows-Kernel-PnP__Configuration.evtxâ”‹20230310T034945.070712000â”‹    <Data Name="Problem">0x0</Data>
./logs/programs/evtx/Microsoft-Windows-Kernel-PnP__Configuration.evtxâ”‹20230310T034945.070712000â”‹    <Data Name="Status">0x0</Data>
./logs/programs/evtx/Microsoft-Windows-Kernel-PnP__Configuration.evtxâ”‹20230310T034945.070712000â”‹  </EventData>
./logs/programs/evtx/Microsoft-Windows-Kernel-PnP__Configuration.evtxâ”‹20230310T034945.070712000â”‹</Event>
â‡ł
./logs/programs/evtx/Microsoft-Windows-Kernel-PnP__Configuration.evtxâ”‹20230310T034945.071249000â”‹<?xml version="1.0" encoding="utf-8"?>
./logs/programs/evtx/Microsoft-Windows-Kernel-PnP__Configuration.evtxâ”‹20230310T034945.071249000â”‹<Event xmlns="http://schemas.microsoft.com/win/2004/08/events/event">
./logs/programs/evtx/Microsoft-Windows-Kernel-PnP__Configuration.evtxâ”‹20230310T034945.071249000â”‹  <System>
./logs/programs/evtx/Microsoft-Windows-Kernel-PnP__Configuration.evtxâ”‹20230310T034945.071249000â”‹    <Provider Name="Microsoft-Windows-Kernel-PnP" Guid="9C205A39-1250-487D-ABD7-E831C6290539">
./logs/programs/evtx/Microsoft-Windows-Kernel-PnP__Configuration.evtxâ”‹20230310T034945.071249000â”‹    </Provider>
./logs/programs/evtx/Microsoft-Windows-Kernel-PnP__Configuration.evtxâ”‹20230310T034945.071249000â”‹    <EventID>410</EventID>
./logs/programs/evtx/Microsoft-Windows-Kernel-PnP__Configuration.evtxâ”‹20230310T034945.071249000â”‹    <Version>0</Version>
./logs/programs/evtx/Microsoft-Windows-Kernel-PnP__Configuration.evtxâ”‹20230310T034945.071249000â”‹    <Level>4</Level>
./logs/programs/evtx/Microsoft-Windows-Kernel-PnP__Configuration.evtxâ”‹20230310T034945.071249000â”‹    <Task>0</Task>
./logs/programs/evtx/Microsoft-Windows-Kernel-PnP__Configuration.evtxâ”‹20230310T034945.071249000â”‹    <Opcode>0</Opcode>
./logs/programs/evtx/Microsoft-Windows-Kernel-PnP__Configuration.evtxâ”‹20230310T034945.071249000â”‹    <Keywords>0x4000000000000000</Keywords>
./logs/programs/evtx/Microsoft-Windows-Kernel-PnP__Configuration.evtxâ”‹20230310T034945.071249000â”‹    <TimeCreated SystemTime="2023-03-10T03:49:45.071249Z">
./logs/programs/evtx/Microsoft-Windows-Kernel-PnP__Configuration.evtxâ”‹20230310T034945.071249000â”‹    </TimeCreated>
./logs/programs/evtx/Microsoft-Windows-Kernel-PnP__Configuration.evtxâ”‹20230310T034945.071249000â”‹    <EventRecordID>128</EventRecordID>
./logs/programs/evtx/Microsoft-Windows-Kernel-PnP__Configuration.evtxâ”‹20230310T034945.071249000â”‹    <Correlation>
./logs/programs/evtx/Microsoft-Windows-Kernel-PnP__Configuration.evtxâ”‹20230310T034945.071249000â”‹    </Correlation>
./logs/programs/evtx/Microsoft-Windows-Kernel-PnP__Configuration.evtxâ”‹20230310T034945.071249000â”‹    <Execution ProcessID="4" ThreadID="528">
./logs/programs/evtx/Microsoft-Windows-Kernel-PnP__Configuration.evtxâ”‹20230310T034945.071249000â”‹    </Execution>
./logs/programs/evtx/Microsoft-Windows-Kernel-PnP__Configuration.evtxâ”‹20230310T034945.071249000â”‹    <Channel>Microsoft-Windows-Kernel-PnP/Configuration</Channel>
./logs/programs/evtx/Microsoft-Windows-Kernel-PnP__Configuration.evtxâ”‹20230310T034945.071249000â”‹    <Computer>minwinpc</Computer>
./logs/programs/evtx/Microsoft-Windows-Kernel-PnP__Configuration.evtxâ”‹20230310T034945.071249000â”‹    <Security UserID="S-1-5-18">
./logs/programs/evtx/Microsoft-Windows-Kernel-PnP__Configuration.evtxâ”‹20230310T034945.071249000â”‹    </Security>
./logs/programs/evtx/Microsoft-Windows-Kernel-PnP__Configuration.evtxâ”‹20230310T034945.071249000â”‹  </System>
./logs/programs/evtx/Microsoft-Windows-Kernel-PnP__Configuration.evtxâ”‹20230310T034945.071249000â”‹  <EventData>
./logs/programs/evtx/Microsoft-Windows-Kernel-PnP__Configuration.evtxâ”‹20230310T034945.071249000â”‹    <Data Name="DeviceInstanceId">ACPI\GenuineIntel_-_Intel64_Family_6_Model_79_-_Intel(R)_Xeon(R)_CPU_E5-2697_v4_@_2.30GHz\1e</Data>
./logs/programs/evtx/Microsoft-Windows-Kernel-PnP__Configuration.evtxâ”‹20230310T034945.071249000â”‹    <Data Name="DriverName">cpu.inf</Data>
./logs/programs/evtx/Microsoft-Windows-Kernel-PnP__Configuration.evtxâ”‹20230310T034945.071249000â”‹    <Data Name="ClassGuid">50127DC3-0F36-415E-A6CC-4CB3BE910B65</Data>
./logs/programs/evtx/Microsoft-Windows-Kernel-PnP__Configuration.evtxâ”‹20230310T034945.071249000â”‹    <Data Name="ServiceName">intelppm</Data>
./logs/programs/evtx/Microsoft-Windows-Kernel-PnP__Configuration.evtxâ”‹20230310T034945.071249000â”‹    <Data Name="LowerFilters"></Data>
./logs/programs/evtx/Microsoft-Windows-Kernel-PnP__Configuration.evtxâ”‹20230310T034945.071249000â”‹    <Data Name="UpperFilters"></Data>
./logs/programs/evtx/Microsoft-Windows-Kernel-PnP__Configuration.evtxâ”‹20230310T034945.071249000â”‹    <Data Name="Problem">0x0</Data>
./logs/programs/evtx/Microsoft-Windows-Kernel-PnP__Configuration.evtxâ”‹20230310T034945.071249000â”‹    <Data Name="Status">0x0</Data>
./logs/programs/evtx/Microsoft-Windows-Kernel-PnP__Configuration.evtxâ”‹20230310T034945.071249000â”‹  </EventData>
./logs/programs/evtx/Microsoft-Windows-Kernel-PnP__Configuration.evtxâ”‹20230310T034945.071249000â”‹</Event>
â‡ł
./logs/programs/evtx/Microsoft-Windows-Kernel-PnP__Configuration.evtxâ”‹20230310T034945.071801000â”‹<?xml version="1.0" encoding="utf-8"?>
./logs/programs/evtx/Microsoft-Windows-Kernel-PnP__Configuration.evtxâ”‹20230310T034945.071801000â”‹<Event xmlns="http://schemas.microsoft.com/win/2004/08/events/event">
./logs/programs/evtx/Microsoft-Windows-Kernel-PnP__Configuration.evtxâ”‹20230310T034945.071801000â”‹  <System>
./logs/programs/evtx/Microsoft-Windows-Kernel-PnP__Configuration.evtxâ”‹20230310T034945.071801000â”‹    <Provider Name="Microsoft-Windows-Kernel-PnP" Guid="9C205A39-1250-487D-ABD7-E831C6290539">
./logs/programs/evtx/Microsoft-Windows-Kernel-PnP__Configuration.evtxâ”‹20230310T034945.071801000â”‹    </Provider>
./logs/programs/evtx/Microsoft-Windows-Kernel-PnP__Configuration.evtxâ”‹20230310T034945.071801000â”‹    <EventID>410</EventID>
./logs/programs/evtx/Microsoft-Windows-Kernel-PnP__Configuration.evtxâ”‹20230310T034945.071801000â”‹    <Version>0</Version>
./logs/programs/evtx/Microsoft-Windows-Kernel-PnP__Configuration.evtxâ”‹20230310T034945.071801000â”‹    <Level>4</Level>
./logs/programs/evtx/Microsoft-Windows-Kernel-PnP__Configuration.evtxâ”‹20230310T034945.071801000â”‹    <Task>0</Task>
./logs/programs/evtx/Microsoft-Windows-Kernel-PnP__Configuration.evtxâ”‹20230310T034945.071801000â”‹    <Opcode>0</Opcode>
./logs/programs/evtx/Microsoft-Windows-Kernel-PnP__Configuration.evtxâ”‹20230310T034945.071801000â”‹    <Keywords>0x4000000000000000</Keywords>
./logs/programs/evtx/Microsoft-Windows-Kernel-PnP__Configuration.evtxâ”‹20230310T034945.071801000â”‹    <TimeCreated SystemTime="2023-03-10T03:49:45.071801Z">
./logs/programs/evtx/Microsoft-Windows-Kernel-PnP__Configuration.evtxâ”‹20230310T034945.071801000â”‹    </TimeCreated>
./logs/programs/evtx/Microsoft-Windows-Kernel-PnP__Configuration.evtxâ”‹20230310T034945.071801000â”‹    <EventRecordID>129</EventRecordID>
