./logs/programs/evtx/Microsoft-Windows-Kernel-PnP__Configuration.evtxâ”‹20230310T034949.587902000â”‹    <Correlation>
./logs/programs/evtx/Microsoft-Windows-Kernel-PnP__Configuration.evtxâ”‹20230310T034949.587902000â”‹    </Correlation>
./logs/programs/evtx/Microsoft-Windows-Kernel-PnP__Configuration.evtxâ”‹20230310T034949.587902000â”‹    <Execution ProcessID="4" ThreadID="476">
./logs/programs/evtx/Microsoft-Windows-Kernel-PnP__Configuration.evtxâ”‹20230310T034949.587902000â”‹    </Execution>
./logs/programs/evtx/Microsoft-Windows-Kernel-PnP__Configuration.evtxâ”‹20230310T034949.587902000â”‹    <Channel>Microsoft-Windows-Kernel-PnP/Configuration</Channel>
./logs/programs/evtx/Microsoft-Windows-Kernel-PnP__Configuration.evtxâ”‹20230310T034949.587902000â”‹    <Computer>minwinpc</Computer>
./logs/programs/evtx/Microsoft-Windows-Kernel-PnP__Configuration.evtxâ”‹20230310T034949.587902000â”‹    <Security UserID="S-1-5-18">
./logs/programs/evtx/Microsoft-Windows-Kernel-PnP__Configuration.evtxâ”‹20230310T034949.587902000â”‹    </Security>
./logs/programs/evtx/Microsoft-Windows-Kernel-PnP__Configuration.evtxâ”‹20230310T034949.587902000â”‹  </System>
./logs/programs/evtx/Microsoft-Windows-Kernel-PnP__Configuration.evtxâ”‹20230310T034949.587902000â”‹  <EventData>
./logs/programs/evtx/Microsoft-Windows-Kernel-PnP__Configuration.evtxâ”‹20230310T034949.587902000â”‹    <Data Name="DeviceInstanceId">UMB\UMB\1&amp;841921d&amp;0&amp;RDCAMERA_BUS</Data>
./logs/programs/evtx/Microsoft-Windows-Kernel-PnP__Configuration.evtxâ”‹20230310T034949.587902000â”‹    <Data Name="DriverName">umbus.inf</Data>
./logs/programs/evtx/Microsoft-Windows-Kernel-PnP__Configuration.evtxâ”‹20230310T034949.587902000â”‹    <Data Name="ClassGuid">4D36E97D-E325-11CE-BFC1-08002BE10318</Data>
./logs/programs/evtx/Microsoft-Windows-Kernel-PnP__Configuration.evtxâ”‹20230310T034949.587902000â”‹    <Data Name="ServiceName">umbus</Data>
./logs/programs/evtx/Microsoft-Windows-Kernel-PnP__Configuration.evtxâ”‹20230310T034949.587902000â”‹    <Data Name="LowerFilters"></Data>
./logs/programs/evtx/Microsoft-Windows-Kernel-PnP__Configuration.evtxâ”‹20230310T034949.587902000â”‹    <Data Name="UpperFilters"></Data>
./logs/programs/evtx/Microsoft-Windows-Kernel-PnP__Configuration.evtxâ”‹20230310T034949.587902000â”‹    <Data Name="Problem">0x0</Data>
./logs/programs/evtx/Microsoft-Windows-Kernel-PnP__Configuration.evtxâ”‹20230310T034949.587902000â”‹    <Data Name="Status">0x0</Data>
./logs/programs/evtx/Microsoft-Windows-Kernel-PnP__Configuration.evtxâ”‹20230310T034949.587902000â”‹  </EventData>
./logs/programs/evtx/Microsoft-Windows-Kernel-PnP__Configuration.evtxâ”‹20230310T034949.587902000â”‹</Event>
â‡ł
./logs/programs/evtx/Microsoft-Windows-Kernel-PnP__Configuration.evtxâ”‹20230310T034949.591825000â”‹<?xml version="1.0" encoding="utf-8"?>
./logs/programs/evtx/Microsoft-Windows-Kernel-PnP__Configuration.evtxâ”‹20230310T034949.591825000â”‹<Event xmlns="http://schemas.microsoft.com/win/2004/08/events/event">
./logs/programs/evtx/Microsoft-Windows-Kernel-PnP__Configuration.evtxâ”‹20230310T034949.591825000â”‹  <System>
./logs/programs/evtx/Microsoft-Windows-Kernel-PnP__Configuration.evtxâ”‹20230310T034949.591825000â”‹    <Provider Name="Microsoft-Windows-Kernel-PnP" Guid="9C205A39-1250-487D-ABD7-E831C6290539">
./logs/programs/evtx/Microsoft-Windows-Kernel-PnP__Configuration.evtxâ”‹20230310T034949.591825000â”‹    </Provider>
./logs/programs/evtx/Microsoft-Windows-Kernel-PnP__Configuration.evtxâ”‹20230310T034949.591825000â”‹    <EventID>400</EventID>
./logs/programs/evtx/Microsoft-Windows-Kernel-PnP__Configuration.evtxâ”‹20230310T034949.591825000â”‹    <Version>0</Version>
./logs/programs/evtx/Microsoft-Windows-Kernel-PnP__Configuration.evtxâ”‹20230310T034949.591825000â”‹    <Level>4</Level>
./logs/programs/evtx/Microsoft-Windows-Kernel-PnP__Configuration.evtxâ”‹20230310T034949.591825000â”‹    <Task>0</Task>
./logs/programs/evtx/Microsoft-Windows-Kernel-PnP__Configuration.evtxâ”‹20230310T034949.591825000â”‹    <Opcode>0</Opcode>
./logs/programs/evtx/Microsoft-Windows-Kernel-PnP__Configuration.evtxâ”‹20230310T034949.591825000â”‹    <Keywords>0x4000000000000000</Keywords>
./logs/programs/evtx/Microsoft-Windows-Kernel-PnP__Configuration.evtxâ”‹20230310T034949.591825000â”‹    <TimeCreated SystemTime="2023-03-10T03:49:49.591825Z">
./logs/programs/evtx/Microsoft-Windows-Kernel-PnP__Configuration.evtxâ”‹20230310T034949.591825000â”‹    </TimeCreated>
./logs/programs/evtx/Microsoft-Windows-Kernel-PnP__Configuration.evtxâ”‹20230310T034949.591825000â”‹    <EventRecordID>149</EventRecordID>
./logs/programs/evtx/Microsoft-Windows-Kernel-PnP__Configuration.evtxâ”‹20230310T034949.591825000â”‹    <Correlation>
./logs/programs/evtx/Microsoft-Windows-Kernel-PnP__Configuration.evtxâ”‹20230310T034949.591825000â”‹    </Correlation>
./logs/programs/evtx/Microsoft-Windows-Kernel-PnP__Configuration.evtxâ”‹20230310T034949.591825000â”‹    <Execution ProcessID="4" ThreadID="476">
./logs/programs/evtx/Microsoft-Windows-Kernel-PnP__Configuration.evtxâ”‹20230310T034949.591825000â”‹    </Execution>
./logs/programs/evtx/Microsoft-Windows-Kernel-PnP__Configuration.evtxâ”‹20230310T034949.591825000â”‹    <Channel>Microsoft-Windows-Kernel-PnP/Configuration</Channel>
./logs/programs/evtx/Microsoft-Windows-Kernel-PnP__Configuration.evtxâ”‹20230310T034949.591825000â”‹    <Computer>minwinpc</Computer>
./logs/programs/evtx/Microsoft-Windows-Kernel-PnP__Configuration.evtxâ”‹20230310T034949.591825000â”‹    <Security UserID="S-1-5-18">
./logs/programs/evtx/Microsoft-Windows-Kernel-PnP__Configuration.evtxâ”‹20230310T034949.591825000â”‹    </Security>
./logs/programs/evtx/Microsoft-Windows-Kernel-PnP__Configuration.evtxâ”‹20230310T034949.591825000â”‹  </System>
./logs/programs/evtx/Microsoft-Windows-Kernel-PnP__Configuration.evtxâ”‹20230310T034949.591825000â”‹  <EventData>
./logs/programs/evtx/Microsoft-Windows-Kernel-PnP__Configuration.evtxâ”‹20230310T034949.591825000â”‹    <Data Name="DeviceInstanceId">TS_USB_HUB_Enumerator\UMB\2&amp;30d3618&amp;0&amp;TS_USB_HUB</Data>
./logs/programs/evtx/Microsoft-Windows-Kernel-PnP__Configuration.evtxâ”‹20230310T034949.591825000â”‹    <Data Name="DriverName">null</Data>
./logs/programs/evtx/Microsoft-Windows-Kernel-PnP__Configuration.evtxâ”‹20230310T034949.591825000â”‹    <Data Name="ClassGuid">00000000-0000-0000-0000-000000000000</Data>
./logs/programs/evtx/Microsoft-Windows-Kernel-PnP__Configuration.evtxâ”‹20230310T034949.591825000â”‹    <Data Name="DriverDate"></Data>
./logs/programs/evtx/Microsoft-Windows-Kernel-PnP__Configuration.evtxâ”‹20230310T034949.591825000â”‹    <Data Name="DriverVersion"></Data>
./logs/programs/evtx/Microsoft-Windows-Kernel-PnP__Configuration.evtxâ”‹20230310T034949.591825000â”‹    <Data Name="DriverProvider"></Data>
./logs/programs/evtx/Microsoft-Windows-Kernel-PnP__Configuration.evtxâ”‹20230310T034949.591825000â”‹    <Data Name="DriverInbox">false</Data>
./logs/programs/evtx/Microsoft-Windows-Kernel-PnP__Configuration.evtxâ”‹20230310T034949.591825000â”‹    <Data Name="DriverSection"></Data>
./logs/programs/evtx/Microsoft-Windows-Kernel-PnP__Configuration.evtxâ”‹20230310T034949.591825000â”‹    <Data Name="DriverRank">0x0</Data>
./logs/programs/evtx/Microsoft-Windows-Kernel-PnP__Configuration.evtxâ”‹20230310T034949.591825000â”‹    <Data Name="MatchingDeviceId"></Data>
./logs/programs/evtx/Microsoft-Windows-Kernel-PnP__Configuration.evtxâ”‹20230310T034949.591825000â”‹    <Data Name="OutrankedDrivers"></Data>
./logs/programs/evtx/Microsoft-Windows-Kernel-PnP__Configuration.evtxâ”‹20230310T034949.591825000â”‹    <Data Name="DeviceUpdated">false</Data>
./logs/programs/evtx/Microsoft-Windows-Kernel-PnP__Configuration.evtxâ”‹20230310T034949.591825000â”‹    <Data Name="Status">0x0</Data>
./logs/programs/evtx/Microsoft-Windows-Kernel-PnP__Configuration.evtxâ”‹20230310T034949.591825000â”‹    <Data Name="ParentDeviceInstanceId">UMB\UMB\1&amp;841921d&amp;0&amp;TS_USB_HUB_Enumerator</Data>
./logs/programs/evtx/Microsoft-Windows-Kernel-PnP__Configuration.evtxâ”‹20230310T034949.591825000â”‹  </EventData>
./logs/programs/evtx/Microsoft-Windows-Kernel-PnP__Configuration.evtxâ”‹20230310T034949.591825000â”‹</Event>
â‡ł
./logs/programs/evtx/Microsoft-Windows-Kernel-PnP__Configuration.evtxâ”‹20230310T034949.634578000â”‹<?xml version="1.0" encoding="utf-8"?>
./logs/programs/evtx/Microsoft-Windows-Kernel-PnP__Configuration.evtxâ”‹20230310T034949.634578000â”‹<Event xmlns="http://schemas.microsoft.com/win/2004/08/events/event">
./logs/programs/evtx/Microsoft-Windows-Kernel-PnP__Configuration.evtxâ”‹20230310T034949.634578000â”‹  <System>
./logs/programs/evtx/Microsoft-Windows-Kernel-PnP__Configuration.evtxâ”‹20230310T034949.634578000â”‹    <Provider Name="Microsoft-Windows-Kernel-PnP" Guid="9C205A39-1250-487D-ABD7-E831C6290539">
./logs/programs/evtx/Microsoft-Windows-Kernel-PnP__Configuration.evtxâ”‹20230310T034949.634578000â”‹    </Provider>
./logs/programs/evtx/Microsoft-Windows-Kernel-PnP__Configuration.evtxâ”‹20230310T034949.634578000â”‹    <EventID>400</EventID>
./logs/programs/evtx/Microsoft-Windows-Kernel-PnP__Configuration.evtxâ”‹20230310T034949.634578000â”‹    <Version>0</Version>
./logs/programs/evtx/Microsoft-Windows-Kernel-PnP__Configuration.evtxâ”‹20230310T034949.634578000â”‹    <Level>4</Level>
./logs/programs/evtx/Microsoft-Windows-Kernel-PnP__Configuration.evtxâ”‹20230310T034949.634578000â”‹    <Task>0</Task>
./logs/programs/evtx/Microsoft-Windows-Kernel-PnP__Configuration.evtxâ”‹20230310T034949.634578000â”‹    <Opcode>0</Opcode>
./logs/programs/evtx/Microsoft-Windows-Kernel-PnP__Configuration.evtxâ”‹20230310T034949.634578000â”‹    <Keywords>0x4000000000000000</Keywords>
./logs/programs/evtx/Microsoft-Windows-Kernel-PnP__Configuration.evtxâ”‹20230310T034949.634578000â”‹    <TimeCreated SystemTime="2023-03-10T03:49:49.634578Z">
./logs/programs/evtx/Microsoft-Windows-Kernel-PnP__Configuration.evtxâ”‹20230310T034949.634578000â”‹    </TimeCreated>
./logs/programs/evtx/Microsoft-Windows-Kernel-PnP__Configuration.evtxâ”‹20230310T034949.634578000â”‹    <EventRecordID>150</EventRecordID>
./logs/programs/evtx/Microsoft-Windows-Kernel-PnP__Configuration.evtxâ”‹20230310T034949.634578000â”‹    <Correlation>
./logs/programs/evtx/Microsoft-Windows-Kernel-PnP__Configuration.evtxâ”‹20230310T034949.634578000â”‹    </Correlation>
./logs/programs/evtx/Microsoft-Windows-Kernel-PnP__Configuration.evtxâ”‹20230310T034949.634578000â”‹    <Execution ProcessID="4" ThreadID="180">
./logs/programs/evtx/Microsoft-Windows-Kernel-PnP__Configuration.evtxâ”‹20230310T034949.634578000â”‹    </Execution>
./logs/programs/evtx/Microsoft-Windows-Kernel-PnP__Configuration.evtxâ”‹20230310T034949.634578000â”‹    <Channel>Microsoft-Windows-Kernel-PnP/Configuration</Channel>
./logs/programs/evtx/Microsoft-Windows-Kernel-PnP__Configuration.evtxâ”‹20230310T034949.634578000â”‹    <Computer>minwinpc</Computer>
./logs/programs/evtx/Microsoft-Windows-Kernel-PnP__Configuration.evtxâ”‹20230310T034949.634578000â”‹    <Security UserID="S-1-5-18">
./logs/programs/evtx/Microsoft-Windows-Kernel-PnP__Configuration.evtxâ”‹20230310T034949.634578000â”‹    </Security>
./logs/programs/evtx/Microsoft-Windows-Kernel-PnP__Configuration.evtxâ”‹20230310T034949.634578000â”‹  </System>
./logs/programs/evtx/Microsoft-Windows-Kernel-PnP__Configuration.evtxâ”‹20230310T034949.634578000â”‹  <EventData>
./logs/programs/evtx/Microsoft-Windows-Kernel-PnP__Configuration.evtxâ”‹20230310T034949.634578000â”‹    <Data Name="DeviceInstanceId">SWD\RADIO\{3DB5895D-CC28-44B3-AD3D-6F01A782B8D2}</Data>
./logs/programs/evtx/Microsoft-Windows-Kernel-PnP__Configuration.evtxâ”‹20230310T034949.634578000â”‹    <Data Name="DriverName">c_swdevice.inf</Data>
./logs/programs/evtx/Microsoft-Windows-Kernel-PnP__Configuration.evtxâ”‹20230310T034949.634578000â”‹    <Data Name="ClassGuid">62F9C741-B25A-46CE-B54C-9BCCCE08B6F2</Data>
./logs/programs/evtx/Microsoft-Windows-Kernel-PnP__Configuration.evtxâ”‹20230310T034949.634578000â”‹    <Data Name="DriverDate">06/21/2006</Data>
./logs/programs/evtx/Microsoft-Windows-Kernel-PnP__Configuration.evtxâ”‹20230310T034949.634578000â”‹    <Data Name="DriverVersion">10.0.22621.1</Data>
./logs/programs/evtx/Microsoft-Windows-Kernel-PnP__Configuration.evtxâ”‹20230310T034949.634578000â”‹    <Data Name="DriverProvider">Microsoft</Data>
./logs/programs/evtx/Microsoft-Windows-Kernel-PnP__Configuration.evtxâ”‹20230310T034949.634578000â”‹    <Data Name="DriverInbox">true</Data>
./logs/programs/evtx/Microsoft-Windows-Kernel-PnP__Configuration.evtxâ”‹20230310T034949.634578000â”‹    <Data Name="DriverSection">SoftwareDevice</Data>
./logs/programs/evtx/Microsoft-Windows-Kernel-PnP__Configuration.evtxâ”‹20230310T034949.634578000â”‹    <Data Name="DriverRank">0xff3000</Data>
./logs/programs/evtx/Microsoft-Windows-Kernel-PnP__Configuration.evtxâ”‹20230310T034949.634578000â”‹    <Data Name="MatchingDeviceId">SWD\GenericRaw</Data>
./logs/programs/evtx/Microsoft-Windows-Kernel-PnP__Configuration.evtxâ”‹20230310T034949.634578000â”‹    <Data Name="OutrankedDrivers"></Data>
./logs/programs/evtx/Microsoft-Windows-Kernel-PnP__Configuration.evtxâ”‹20230310T034949.634578000â”‹    <Data Name="DeviceUpdated">false</Data>
./logs/programs/evtx/Microsoft-Windows-Kernel-PnP__Configuration.evtxâ”‹20230310T034949.634578000â”‹    <Data Name="Status">0x0</Data>
./logs/programs/evtx/Microsoft-Windows-Kernel-PnP__Configuration.evtxâ”‹20230310T034949.634578000â”‹    <Data Name="ParentDeviceInstanceId">HTREE\ROOT\0</Data>
./logs/programs/evtx/Microsoft-Windows-Kernel-PnP__Configuration.evtxâ”‹20230310T034949.634578000â”‹  </EventData>
./logs/programs/evtx/Microsoft-Windows-Kernel-PnP__Configuration.evtxâ”‹20230310T034949.634578000â”‹</Event>
â‡ł
./logs/programs/evtx/Microsoft-Windows-Kernel-PnP__Configuration.evtxâ”‹20230310T034949.636908000â”‹<?xml version="1.0" encoding="utf-8"?>
./logs/programs/evtx/Microsoft-Windows-Kernel-PnP__Configuration.evtxâ”‹20230310T034949.636908000â”‹<Event xmlns="http://schemas.microsoft.com/win/2004/08/events/event">
./logs/programs/evtx/Microsoft-Windows-Kernel-PnP__Configuration.evtxâ”‹20230310T034949.636908000â”‹  <System>
./logs/programs/evtx/Microsoft-Windows-Kernel-PnP__Configuration.evtxâ”‹20230310T034949.636908000â”‹    <Provider Name="Microsoft-Windows-Kernel-PnP" Guid="9C205A39-1250-487D-ABD7-E831C6290539">
./logs/programs/evtx/Microsoft-Windows-Kernel-PnP__Configuration.evtxâ”‹20230310T034949.636908000â”‹    </Provider>
./logs/programs/evtx/Microsoft-Windows-Kernel-PnP__Configuration.evtxâ”‹20230310T034949.636908000â”‹    <EventID>410</EventID>
./logs/programs/evtx/Microsoft-Windows-Kernel-PnP__Configuration.evtxâ”‹20230310T034949.636908000â”‹    <Version>0</Version>
./logs/programs/evtx/Microsoft-Windows-Kernel-PnP__Configuration.evtxâ”‹20230310T034949.636908000â”‹    <Level>4</Level>
./logs/programs/evtx/Microsoft-Windows-Kernel-PnP__Configuration.evtxâ”‹20230310T034949.636908000â”‹    <Task>0</Task>
./logs/programs/evtx/Microsoft-Windows-Kernel-PnP__Configuration.evtxâ”‹20230310T034949.636908000â”‹    <Opcode>0</Opcode>
./logs/programs/evtx/Microsoft-Windows-Kernel-PnP__Configuration.evtxâ”‹20230310T034949.636908000â”‹    <Keywords>0x4000000000000000</Keywords>
./logs/programs/evtx/Microsoft-Windows-Kernel-PnP__Configuration.evtxâ”‹20230310T034949.636908000â”‹    <TimeCreated SystemTime="2023-03-10T03:49:49.636908Z">
./logs/programs/evtx/Microsoft-Windows-Kernel-PnP__Configuration.evtxâ”‹20230310T034949.636908000â”‹    </TimeCreated>
./logs/programs/evtx/Microsoft-Windows-Kernel-PnP__Configuration.evtxâ”‹20230310T034949.636908000â”‹    <EventRecordID>151</EventRecordID>
./logs/programs/evtx/Microsoft-Windows-Kernel-PnP__Configuration.evtxâ”‹20230310T034949.636908000â”‹    <Correlation>
./logs/programs/evtx/Microsoft-Windows-Kernel-PnP__Configuration.evtxâ”‹20230310T034949.636908000â”‹    </Correlation>
./logs/programs/evtx/Microsoft-Windows-Kernel-PnP__Configuration.evtxâ”‹20230310T034949.636908000â”‹    <Execution ProcessID="4" ThreadID="180">
./logs/programs/evtx/Microsoft-Windows-Kernel-PnP__Configuration.evtxâ”‹20230310T034949.636908000â”‹    </Execution>
./logs/programs/evtx/Microsoft-Windows-Kernel-PnP__Configuration.evtxâ”‹20230310T034949.636908000â”‹    <Channel>Microsoft-Windows-Kernel-PnP/Configuration</Channel>
./logs/programs/evtx/Microsoft-Windows-Kernel-PnP__Configuration.evtxâ”‹20230310T034949.636908000â”‹    <Computer>minwinpc</Computer>
./logs/programs/evtx/Microsoft-Windows-Kernel-PnP__Configuration.evtxâ”‹20230310T034949.636908000â”‹    <Security UserID="S-1-5-18">
./logs/programs/evtx/Microsoft-Windows-Kernel-PnP__Configuration.evtxâ”‹20230310T034949.636908000â”‹    </Security>
./logs/programs/evtx/Microsoft-Windows-Kernel-PnP__Configuration.evtxâ”‹20230310T034949.636908000â”‹  </System>
./logs/programs/evtx/Microsoft-Windows-Kernel-PnP__Configuration.evtxâ”‹20230310T034949.636908000â”‹  <EventData>
./logs/programs/evtx/Microsoft-Windows-Kernel-PnP__Configuration.evtxâ”‹20230310T034949.636908000â”‹    <Data Name="DeviceInstanceId">SWD\RADIO\{3DB5895D-CC28-44B3-AD3D-6F01A782B8D2}</Data>
./logs/programs/evtx/Microsoft-Windows-Kernel-PnP__Configuration.evtxâ”‹20230310T034949.636908000â”‹    <Data Name="DriverName">c_swdevice.inf</Data>
./logs/programs/evtx/Microsoft-Windows-Kernel-PnP__Configuration.evtxâ”‹20230310T034949.636908000â”‹    <Data Name="ClassGuid">62F9C741-B25A-46CE-B54C-9BCCCE08B6F2</Data>
./logs/programs/evtx/Microsoft-Windows-Kernel-PnP__Configuration.evtxâ”‹20230310T034949.636908000â”‹    <Data Name="ServiceName"></Data>
./logs/programs/evtx/Microsoft-Windows-Kernel-PnP__Configuration.evtxâ”‹20230310T034949.636908000â”‹    <Data Name="LowerFilters"></Data>
./logs/programs/evtx/Microsoft-Windows-Kernel-PnP__Configuration.evtxâ”‹20230310T034949.636908000â”‹    <Data Name="UpperFilters"></Data>
./logs/programs/evtx/Microsoft-Windows-Kernel-PnP__Configuration.evtxâ”‹20230310T034949.636908000â”‹    <Data Name="Problem">0x0</Data>
./logs/programs/evtx/Microsoft-Windows-Kernel-PnP__Configuration.evtxâ”‹20230310T034949.636908000â”‹    <Data Name="Status">0x0</Data>
./logs/programs/evtx/Microsoft-Windows-Kernel-PnP__Configuration.evtxâ”‹20230310T034949.636908000â”‹  </EventData>
./logs/programs/evtx/Microsoft-Windows-Kernel-PnP__Configuration.evtxâ”‹20230310T034949.636908000â”‹</Event>
â‡ł
./logs/programs/evtx/Microsoft-Windows-Kernel-PnP__Configuration.evtxâ”‹20230310T034952.758064000â”‹<?xml version="1.0" encoding="utf-8"?>
./logs/programs/evtx/Microsoft-Windows-Kernel-PnP__Configuration.evtxâ”‹20230310T034952.758064000â”‹<Event xmlns="http://schemas.microsoft.com/win/2004/08/events/event">
./logs/programs/evtx/Microsoft-Windows-Kernel-PnP__Configuration.evtxâ”‹20230310T034952.758064000â”‹  <System>
./logs/programs/evtx/Microsoft-Windows-Kernel-PnP__Configuration.evtxâ”‹20230310T034952.758064000â”‹    <Provider Name="Microsoft-Windows-Kernel-PnP" Guid="9C205A39-1250-487D-ABD7-E831C6290539">
./logs/programs/evtx/Microsoft-Windows-Kernel-PnP__Configuration.evtxâ”‹20230310T034952.758064000â”‹    </Provider>
./logs/programs/evtx/Microsoft-Windows-Kernel-PnP__Configuration.evtxâ”‹20230310T034952.758064000â”‹    <EventID>400</EventID>
./logs/programs/evtx/Microsoft-Windows-Kernel-PnP__Configuration.evtxâ”‹20230310T034952.758064000â”‹    <Version>0</Version>
./logs/programs/evtx/Microsoft-Windows-Kernel-PnP__Configuration.evtxâ”‹20230310T034952.758064000â”‹    <Level>4</Level>
./logs/programs/evtx/Microsoft-Windows-Kernel-PnP__Configuration.evtxâ”‹20230310T034952.758064000â”‹    <Task>0</Task>
./logs/programs/evtx/Microsoft-Windows-Kernel-PnP__Configuration.evtxâ”‹20230310T034952.758064000â”‹    <Opcode>0</Opcode>
./logs/programs/evtx/Microsoft-Windows-Kernel-PnP__Configuration.evtxâ”‹20230310T034952.758064000â”‹    <Keywords>0x4000000000000000</Keywords>
./logs/programs/evtx/Microsoft-Windows-Kernel-PnP__Configuration.evtxâ”‹20230310T034952.758064000â”‹    <TimeCreated SystemTime="2023-03-10T03:49:52.758064Z">
./logs/programs/evtx/Microsoft-Windows-Kernel-PnP__Configuration.evtxâ”‹20230310T034952.758064000â”‹    </TimeCreated>
./logs/programs/evtx/Microsoft-Windows-Kernel-PnP__Configuration.evtxâ”‹20230310T034952.758064000â”‹    <EventRecordID>152</EventRecordID>
./logs/programs/evtx/Microsoft-Windows-Kernel-PnP__Configuration.evtxâ”‹20230310T034952.758064000â”‹    <Correlation>
./logs/programs/evtx/Microsoft-Windows-Kernel-PnP__Configuration.evtxâ”‹20230310T034952.758064000â”‹    </Correlation>
./logs/programs/evtx/Microsoft-Windows-Kernel-PnP__Configuration.evtxâ”‹20230310T034952.758064000â”‹    <Execution ProcessID="4" ThreadID="388">
./logs/programs/evtx/Microsoft-Windows-Kernel-PnP__Configuration.evtxâ”‹20230310T034952.758064000â”‹    </Execution>
./logs/programs/evtx/Microsoft-Windows-Kernel-PnP__Configuration.evtxâ”‹20230310T034952.758064000â”‹    <Channel>Microsoft-Windows-Kernel-PnP/Configuration</Channel>
./logs/programs/evtx/Microsoft-Windows-Kernel-PnP__Configuration.evtxâ”‹20230310T034952.758064000â”‹    <Computer>minwinpc</Computer>
./logs/programs/evtx/Microsoft-Windows-Kernel-PnP__Configuration.evtxâ”‹20230310T034952.758064000â”‹    <Security UserID="S-1-5-18">
./logs/programs/evtx/Microsoft-Windows-Kernel-PnP__Configuration.evtxâ”‹20230310T034952.758064000â”‹    </Security>
./logs/programs/evtx/Microsoft-Windows-Kernel-PnP__Configuration.evtxâ”‹20230310T034952.758064000â”‹  </System>
./logs/programs/evtx/Microsoft-Windows-Kernel-PnP__Configuration.evtxâ”‹20230310T034952.758064000â”‹  <EventData>
./logs/programs/evtx/Microsoft-Windows-Kernel-PnP__Configuration.evtxâ”‹20230310T034952.758064000â”‹    <Data Name="DeviceInstanceId">SWD\PRINTENUM\PrintQueues</Data>
./logs/programs/evtx/Microsoft-Windows-Kernel-PnP__Configuration.evtxâ”‹20230310T034952.758064000â”‹    <Data Name="DriverName">printqueue.inf</Data>
./logs/programs/evtx/Microsoft-Windows-Kernel-PnP__Configuration.evtxâ”‹20230310T034952.758064000â”‹    <Data Name="ClassGuid">1ED2BBF9-11F0-4084-B21F-AD83A8E6DCDC</Data>
./logs/programs/evtx/Microsoft-Windows-Kernel-PnP__Configuration.evtxâ”‹20230310T034952.758064000â”‹    <Data Name="DriverDate">06/21/2006</Data>
./logs/programs/evtx/Microsoft-Windows-Kernel-PnP__Configuration.evtxâ”‹20230310T034952.758064000â”‹    <Data Name="DriverVersion">10.0.22621.1</Data>
./logs/programs/evtx/Microsoft-Windows-Kernel-PnP__Configuration.evtxâ”‹20230310T034952.758064000â”‹    <Data Name="DriverProvider">Microsoft</Data>
./logs/programs/evtx/Microsoft-Windows-Kernel-PnP__Configuration.evtxâ”‹20230310T034952.758064000â”‹    <Data Name="DriverInbox">true</Data>
./logs/programs/evtx/Microsoft-Windows-Kernel-PnP__Configuration.evtxâ”‹20230310T034952.758064000â”‹    <Data Name="DriverSection">NO_DRV_LOCAL</Data>
./logs/programs/evtx/Microsoft-Windows-Kernel-PnP__Configuration.evtxâ”‹20230310T034952.758064000â”‹    <Data Name="DriverRank">0x0</Data>
./logs/programs/evtx/Microsoft-Windows-Kernel-PnP__Configuration.evtxâ”‹20230310T034952.758064000â”‹    <Data Name="MatchingDeviceId">PRINTENUM\LocalPrintQueue</Data>
./logs/programs/evtx/Microsoft-Windows-Kernel-PnP__Configuration.evtxâ”‹20230310T034952.758064000â”‹    <Data Name="OutrankedDrivers">c_swdevice.inf:SWD\GenericRaw:00FF3000</Data>
./logs/programs/evtx/Microsoft-Windows-Kernel-PnP__Configuration.evtxâ”‹20230310T034952.758064000â”‹    <Data Name="DeviceUpdated">false</Data>
./logs/programs/evtx/Microsoft-Windows-Kernel-PnP__Configuration.evtxâ”‹20230310T034952.758064000â”‹    <Data Name="Status">0x0</Data>
./logs/programs/evtx/Microsoft-Windows-Kernel-PnP__Configuration.evtxâ”‹20230310T034952.758064000â”‹    <Data Name="ParentDeviceInstanceId">HTREE\ROOT\0</Data>
./logs/programs/evtx/Microsoft-Windows-Kernel-PnP__Configuration.evtxâ”‹20230310T034952.758064000â”‹  </EventData>
./logs/programs/evtx/Microsoft-Windows-Kernel-PnP__Configuration.evtxâ”‹20230310T034952.758064000â”‹</Event>
â‡ł
./logs/programs/evtx/Microsoft-Windows-Kernel-PnP__Configuration.evtxâ”‹20230310T034952.759981000â”‹<?xml version="1.0" encoding="utf-8"?>
./logs/programs/evtx/Microsoft-Windows-Kernel-PnP__Configuration.evtxâ”‹20230310T034952.759981000â”‹<Event xmlns="http://schemas.microsoft.com/win/2004/08/events/event">
./logs/programs/evtx/Microsoft-Windows-Kernel-PnP__Configuration.evtxâ”‹20230310T034952.759981000â”‹  <System>
./logs/programs/evtx/Microsoft-Windows-Kernel-PnP__Configuration.evtxâ”‹20230310T034952.759981000â”‹    <Provider Name="Microsoft-Windows-Kernel-PnP" Guid="9C205A39-1250-487D-ABD7-E831C6290539">
./logs/programs/evtx/Microsoft-Windows-Kernel-PnP__Configuration.evtxâ”‹20230310T034952.759981000â”‹    </Provider>
./logs/programs/evtx/Microsoft-Windows-Kernel-PnP__Configuration.evtxâ”‹20230310T034952.759981000â”‹    <EventID>410</EventID>
./logs/programs/evtx/Microsoft-Windows-Kernel-PnP__Configuration.evtxâ”‹20230310T034952.759981000â”‹    <Version>0</Version>
./logs/programs/evtx/Microsoft-Windows-Kernel-PnP__Configuration.evtxâ”‹20230310T034952.759981000â”‹    <Level>4</Level>
./logs/programs/evtx/Microsoft-Windows-Kernel-PnP__Configuration.evtxâ”‹20230310T034952.759981000â”‹    <Task>0</Task>
./logs/programs/evtx/Microsoft-Windows-Kernel-PnP__Configuration.evtxâ”‹20230310T034952.759981000â”‹    <Opcode>0</Opcode>
./logs/programs/evtx/Microsoft-Windows-Kernel-PnP__Configuration.evtxâ”‹20230310T034952.759981000â”‹    <Keywords>0x4000000000000000</Keywords>
./logs/programs/evtx/Microsoft-Windows-Kernel-PnP__Configuration.evtxâ”‹20230310T034952.759981000â”‹    <TimeCreated SystemTime="2023-03-10T03:49:52.759981Z">
./logs/programs/evtx/Microsoft-Windows-Kernel-PnP__Configuration.evtxâ”‹20230310T034952.759981000â”‹    </TimeCreated>
./logs/programs/evtx/Microsoft-Windows-Kernel-PnP__Configuration.evtxâ”‹20230310T034952.759981000â”‹    <EventRecordID>153</EventRecordID>
./logs/programs/evtx/Microsoft-Windows-Kernel-PnP__Configuration.evtxâ”‹20230310T034952.759981000â”‹    <Correlation>
./logs/programs/evtx/Microsoft-Windows-Kernel-PnP__Configuration.evtxâ”‹20230310T034952.759981000â”‹    </Correlation>
./logs/programs/evtx/Microsoft-Windows-Kernel-PnP__Configuration.evtxâ”‹20230310T034952.759981000â”‹    <Execution ProcessID="4" ThreadID="388">
./logs/programs/evtx/Microsoft-Windows-Kernel-PnP__Configuration.evtxâ”‹20230310T034952.759981000â”‹    </Execution>
./logs/programs/evtx/Microsoft-Windows-Kernel-PnP__Configuration.evtxâ”‹20230310T034952.759981000â”‹    <Channel>Microsoft-Windows-Kernel-PnP/Configuration</Channel>
./logs/programs/evtx/Microsoft-Windows-Kernel-PnP__Configuration.evtxâ”‹20230310T034952.759981000â”‹    <Computer>minwinpc</Computer>
./logs/programs/evtx/Microsoft-Windows-Kernel-PnP__Configuration.evtxâ”‹20230310T034952.759981000â”‹    <Security UserID="S-1-5-18">
./logs/programs/evtx/Microsoft-Windows-Kernel-PnP__Configuration.evtxâ”‹20230310T034952.759981000â”‹    </Security>
./logs/programs/evtx/Microsoft-Windows-Kernel-PnP__Configuration.evtxâ”‹20230310T034952.759981000â”‹  </System>
./logs/programs/evtx/Microsoft-Windows-Kernel-PnP__Configuration.evtxâ”‹20230310T034952.759981000â”‹  <EventData>
./logs/programs/evtx/Microsoft-Windows-Kernel-PnP__Configuration.evtxâ”‹20230310T034952.759981000â”‹    <Data Name="DeviceInstanceId">SWD\PRINTENUM\PrintQueues</Data>
./logs/programs/evtx/Microsoft-Windows-Kernel-PnP__Configuration.evtxâ”‹20230310T034952.759981000â”‹    <Data Name="DriverName">printqueue.inf</Data>
./logs/programs/evtx/Microsoft-Windows-Kernel-PnP__Configuration.evtxâ”‹20230310T034952.759981000â”‹    <Data Name="ClassGuid">1ED2BBF9-11F0-4084-B21F-AD83A8E6DCDC</Data>
./logs/programs/evtx/Microsoft-Windows-Kernel-PnP__Configuration.evtxâ”‹20230310T034952.759981000â”‹    <Data Name="ServiceName"></Data>
./logs/programs/evtx/Microsoft-Windows-Kernel-PnP__Configuration.evtxâ”‹20230310T034952.759981000â”‹    <Data Name="LowerFilters"></Data>
./logs/programs/evtx/Microsoft-Windows-Kernel-PnP__Configuration.evtxâ”‹20230310T034952.759981000â”‹    <Data Name="UpperFilters"></Data>
./logs/programs/evtx/Microsoft-Windows-Kernel-PnP__Configuration.evtxâ”‹20230310T034952.759981000â”‹    <Data Name="Problem">0x0</Data>
./logs/programs/evtx/Microsoft-Windows-Kernel-PnP__Configuration.evtxâ”‹20230310T034952.759981000â”‹    <Data Name="Status">0x0</Data>
./logs/programs/evtx/Microsoft-Windows-Kernel-PnP__Configuration.evtxâ”‹20230310T034952.759981000â”‹  </EventData>
./logs/programs/evtx/Microsoft-Windows-Kernel-PnP__Configuration.evtxâ”‹20230310T034952.759981000â”‹</Event>
â‡ł
./logs/programs/evtx/Microsoft-Windows-Kernel-PnP__Configuration.evtxâ”‹20230316T025433.114503000â”‹<?xml version="1.0" encoding="utf-8"?>
./logs/programs/evtx/Microsoft-Windows-Kernel-PnP__Configuration.evtxâ”‹20230316T025433.114503000â”‹<Event xmlns="http://schemas.microsoft.com/win/2004/08/events/event">
./logs/programs/evtx/Microsoft-Windows-Kernel-PnP__Configuration.evtxâ”‹20230316T025433.114503000â”‹  <System>
./logs/programs/evtx/Microsoft-Windows-Kernel-PnP__Configuration.evtxâ”‹20230316T025433.114503000â”‹    <Provider Name="Microsoft-Windows-Kernel-PnP" Guid="9C205A39-1250-487D-ABD7-E831C6290539">
./logs/programs/evtx/Microsoft-Windows-Kernel-PnP__Configuration.evtxâ”‹20230316T025433.114503000â”‹    </Provider>
./logs/programs/evtx/Microsoft-Windows-Kernel-PnP__Configuration.evtxâ”‹20230316T025433.114503000â”‹    <EventID>400</EventID>
./logs/programs/evtx/Microsoft-Windows-Kernel-PnP__Configuration.evtxâ”‹20230316T025433.114503000â”‹    <Version>0</Version>
./logs/programs/evtx/Microsoft-Windows-Kernel-PnP__Configuration.evtxâ”‹20230316T025433.114503000â”‹    <Level>4</Level>
./logs/programs/evtx/Microsoft-Windows-Kernel-PnP__Configuration.evtxâ”‹20230316T025433.114503000â”‹    <Task>0</Task>
./logs/programs/evtx/Microsoft-Windows-Kernel-PnP__Configuration.evtxâ”‹20230316T025433.114503000â”‹    <Opcode>0</Opcode>
./logs/programs/evtx/Microsoft-Windows-Kernel-PnP__Configuration.evtxâ”‹20230316T025433.114503000â”‹    <Keywords>0x4000000000000000</Keywords>
./logs/programs/evtx/Microsoft-Windows-Kernel-PnP__Configuration.evtxâ”‹20230316T025433.114503000â”‹    <TimeCreated SystemTime="2023-03-16T02:54:33.114503Z">
./logs/programs/evtx/Microsoft-Windows-Kernel-PnP__Configuration.evtxâ”‹20230316T025433.114503000â”‹    </TimeCreated>
./logs/programs/evtx/Microsoft-Windows-Kernel-PnP__Configuration.evtxâ”‹20230316T025433.114503000â”‹    <EventRecordID>204</EventRecordID>
./logs/programs/evtx/Microsoft-Windows-Kernel-PnP__Configuration.evtxâ”‹20230316T025433.114503000â”‹    <Correlation>
./logs/programs/evtx/Microsoft-Windows-Kernel-PnP__Configuration.evtxâ”‹20230316T025433.114503000â”‹    </Correlation>
./logs/programs/evtx/Microsoft-Windows-Kernel-PnP__Configuration.evtxâ”‹20230316T025433.114503000â”‹    <Execution ProcessID="4" ThreadID="288">
./logs/programs/evtx/Microsoft-Windows-Kernel-PnP__Configuration.evtxâ”‹20230316T025433.114503000â”‹    </Execution>
./logs/programs/evtx/Microsoft-Windows-Kernel-PnP__Configuration.evtxâ”‹20230316T025433.114503000â”‹    <Channel>Microsoft-Windows-Kernel-PnP/Configuration</Channel>
./logs/programs/evtx/Microsoft-Windows-Kernel-PnP__Configuration.evtxâ”‹20230316T025433.114503000â”‹    <Computer>b527c22f-097a-438f-904f-884ce1227bda</Computer>
./logs/programs/evtx/Microsoft-Windows-Kernel-PnP__Configuration.evtxâ”‹20230316T025433.114503000â”‹    <Security UserID="S-1-5-18">
./logs/programs/evtx/Microsoft-Windows-Kernel-PnP__Configuration.evtxâ”‹20230316T025433.114503000â”‹    </Security>
./logs/programs/evtx/Microsoft-Windows-Kernel-PnP__Configuration.evtxâ”‹20230316T025433.114503000â”‹  </System>
./logs/programs/evtx/Microsoft-Windows-Kernel-PnP__Configuration.evtxâ”‹20230316T025433.114503000â”‹  <EventData>
./logs/programs/evtx/Microsoft-Windows-Kernel-PnP__Configuration.evtxâ”‹20230316T025433.114503000â”‹    <Data Name="DeviceInstanceId">SW\{96E080C7-143C-11D1-B40F-00A0C9223196}\{3C0D501A-140B-11D1-B40F-00A0C9223196}</Data>
./logs/programs/evtx/Microsoft-Windows-Kernel-PnP__Configuration.evtxâ”‹20230316T025433.114503000â”‹    <Data Name="DriverName">ksfilter.inf</Data>
./logs/programs/evtx/Microsoft-Windows-Kernel-PnP__Configuration.evtxâ”‹20230316T025433.114503000â”‹    <Data Name="ClassGuid">4D36E96C-E325-11CE-BFC1-08002BE10318</Data>
./logs/programs/evtx/Microsoft-Windows-Kernel-PnP__Configuration.evtxâ”‹20230316T025433.114503000â”‹    <Data Name="DriverDate">06/21/2006</Data>
./logs/programs/evtx/Microsoft-Windows-Kernel-PnP__Configuration.evtxâ”‹20230316T025433.114503000â”‹    <Data Name="DriverVersion">10.0.22621.1</Data>
./logs/programs/evtx/Microsoft-Windows-Kernel-PnP__Configuration.evtxâ”‹20230316T025433.114503000â”‹    <Data Name="DriverProvider">Microsoft</Data>
./logs/programs/evtx/Microsoft-Windows-Kernel-PnP__Configuration.evtxâ”‹20230316T025433.114503000â”‹    <Data Name="DriverInbox">true</Data>
./logs/programs/evtx/Microsoft-Windows-Kernel-PnP__Configuration.evtxâ”‹20230316T025433.114503000â”‹    <Data Name="DriverSection">MSKSSRV.NT</Data>
./logs/programs/evtx/Microsoft-Windows-Kernel-PnP__Configuration.evtxâ”‹20230316T025433.114503000â”‹    <Data Name="DriverRank">0xff0000</Data>
./logs/programs/evtx/Microsoft-Windows-Kernel-PnP__Configuration.evtxâ”‹20230316T025433.114503000â”‹    <Data Name="MatchingDeviceId">SW\{96E080C7-143C-11D1-B40F-00A0C9223196}</Data>
./logs/programs/evtx/Microsoft-Windows-Kernel-PnP__Configuration.evtxâ”‹20230316T025433.114503000â”‹    <Data Name="OutrankedDrivers"></Data>
./logs/programs/evtx/Microsoft-Windows-Kernel-PnP__Configuration.evtxâ”‹20230316T025433.114503000â”‹    <Data Name="DeviceUpdated">false</Data>
./logs/programs/evtx/Microsoft-Windows-Kernel-PnP__Configuration.evtxâ”‹20230316T025433.114503000â”‹    <Data Name="Status">0x0</Data>
./logs/programs/evtx/Microsoft-Windows-Kernel-PnP__Configuration.evtxâ”‹20230316T025433.114503000â”‹    <Data Name="ParentDeviceInstanceId">ROOT\SYSTEM\0000</Data>
./logs/programs/evtx/Microsoft-Windows-Kernel-PnP__Configuration.evtxâ”‹20230316T025433.114503000â”‹  </EventData>
./logs/programs/evtx/Microsoft-Windows-Kernel-PnP__Configuration.evtxâ”‹20230316T025433.114503000â”‹</Event>
â‡ł
./logs/programs/evtx/Microsoft-Windows-Kernel-PnP__Configuration.evtxâ”‹20230316T025433.120211000â”‹<?xml version="1.0" encoding="utf-8"?>
./logs/programs/evtx/Microsoft-Windows-Kernel-PnP__Configuration.evtxâ”‹20230316T025433.120211000â”‹<Event xmlns="http://schemas.microsoft.com/win/2004/08/events/event">
./logs/programs/evtx/Microsoft-Windows-Kernel-PnP__Configuration.evtxâ”‹20230316T025433.120211000â”‹  <System>
./logs/programs/evtx/Microsoft-Windows-Kernel-PnP__Configuration.evtxâ”‹20230316T025433.120211000â”‹    <Provider Name="Microsoft-Windows-Kernel-PnP" Guid="9C205A39-1250-487D-ABD7-E831C6290539">
./logs/programs/evtx/Microsoft-Windows-Kernel-PnP__Configuration.evtxâ”‹20230316T025433.120211000â”‹    </Provider>
./logs/programs/evtx/Microsoft-Windows-Kernel-PnP__Configuration.evtxâ”‹20230316T025433.120211000â”‹    <EventID>410</EventID>
./logs/programs/evtx/Microsoft-Windows-Kernel-PnP__Configuration.evtxâ”‹20230316T025433.120211000â”‹    <Version>0</Version>
./logs/programs/evtx/Microsoft-Windows-Kernel-PnP__Configuration.evtxâ”‹20230316T025433.120211000â”‹    <Level>4</Level>
./logs/programs/evtx/Microsoft-Windows-Kernel-PnP__Configuration.evtxâ”‹20230316T025433.120211000â”‹    <Task>0</Task>
./logs/programs/evtx/Microsoft-Windows-Kernel-PnP__Configuration.evtxâ”‹20230316T025433.120211000â”‹    <Opcode>0</Opcode>
./logs/programs/evtx/Microsoft-Windows-Kernel-PnP__Configuration.evtxâ”‹20230316T025433.120211000â”‹    <Keywords>0x4000000000000000</Keywords>
./logs/programs/evtx/Microsoft-Windows-Kernel-PnP__Configuration.evtxâ”‹20230316T025433.120211000â”‹    <TimeCreated SystemTime="2023-03-16T02:54:33.120211Z">
./logs/programs/evtx/Microsoft-Windows-Kernel-PnP__Configuration.evtxâ”‹20230316T025433.120211000â”‹    </TimeCreated>
./logs/programs/evtx/Microsoft-Windows-Kernel-PnP__Configuration.evtxâ”‹20230316T025433.120211000â”‹    <EventRecordID>205</EventRecordID>
./logs/programs/evtx/Microsoft-Windows-Kernel-PnP__Configuration.evtxâ”‹20230316T025433.120211000â”‹    <Correlation>
./logs/programs/evtx/Microsoft-Windows-Kernel-PnP__Configuration.evtxâ”‹20230316T025433.120211000â”‹    </Correlation>
./logs/programs/evtx/Microsoft-Windows-Kernel-PnP__Configuration.evtxâ”‹20230316T025433.120211000â”‹    <Execution ProcessID="4" ThreadID="288">
./logs/programs/evtx/Microsoft-Windows-Kernel-PnP__Configuration.evtxâ”‹20230316T025433.120211000â”‹    </Execution>
./logs/programs/evtx/Microsoft-Windows-Kernel-PnP__Configuration.evtxâ”‹20230316T025433.120211000â”‹    <Channel>Microsoft-Windows-Kernel-PnP/Configuration</Channel>
./logs/programs/evtx/Microsoft-Windows-Kernel-PnP__Configuration.evtxâ”‹20230316T025433.120211000â”‹    <Computer>b527c22f-097a-438f-904f-884ce1227bda</Computer>
./logs/programs/evtx/Microsoft-Windows-Kernel-PnP__Configuration.evtxâ”‹20230316T025433.120211000â”‹    <Security UserID="S-1-5-18">
./logs/programs/evtx/Microsoft-Windows-Kernel-PnP__Configuration.evtxâ”‹20230316T025433.120211000â”‹    </Security>
./logs/programs/evtx/Microsoft-Windows-Kernel-PnP__Configuration.evtxâ”‹20230316T025433.120211000â”‹  </System>
./logs/programs/evtx/Microsoft-Windows-Kernel-PnP__Configuration.evtxâ”‹20230316T025433.120211000â”‹  <EventData>
./logs/programs/evtx/Microsoft-Windows-Kernel-PnP__Configuration.evtxâ”‹20230316T025433.120211000â”‹    <Data Name="DeviceInstanceId">SW\{96E080C7-143C-11D1-B40F-00A0C9223196}\{3C0D501A-140B-11D1-B40F-00A0C9223196}</Data>
./logs/programs/evtx/Microsoft-Windows-Kernel-PnP__Configuration.evtxâ”‹20230316T025433.120211000â”‹    <Data Name="DriverName">ksfilter.inf</Data>
./logs/programs/evtx/Microsoft-Windows-Kernel-PnP__Configuration.evtxâ”‹20230316T025433.120211000â”‹    <Data Name="ClassGuid">4D36E96C-E325-11CE-BFC1-08002BE10318</Data>
./logs/programs/evtx/Microsoft-Windows-Kernel-PnP__Configuration.evtxâ”‹20230316T025433.120211000â”‹    <Data Name="ServiceName">MSKSSRV</Data>
./logs/programs/evtx/Microsoft-Windows-Kernel-PnP__Configuration.evtxâ”‹20230316T025433.120211000â”‹    <Data Name="LowerFilters"></Data>
./logs/programs/evtx/Microsoft-Windows-Kernel-PnP__Configuration.evtxâ”‹20230316T025433.120211000â”‹    <Data Name="UpperFilters"></Data>
./logs/programs/evtx/Microsoft-Windows-Kernel-PnP__Configuration.evtxâ”‹20230316T025433.120211000â”‹    <Data Name="Problem">0x0</Data>
./logs/programs/evtx/Microsoft-Windows-Kernel-PnP__Configuration.evtxâ”‹20230316T025433.120211000â”‹    <Data Name="Status">0x0</Data>
./logs/programs/evtx/Microsoft-Windows-Kernel-PnP__Configuration.evtxâ”‹20230316T025433.120211000â”‹  </EventData>
./logs/programs/evtx/Microsoft-Windows-Kernel-PnP__Configuration.evtxâ”‹20230316T025433.120211000â”‹</Event>
â‡ł
./logs/programs/evtx/Microsoft-Windows-Kernel-PnP__Configuration.evtxâ”‹20230316T035430.807567000â”‹<?xml version="1.0" encoding="utf-8"?>
./logs/programs/evtx/Microsoft-Windows-Kernel-PnP__Configuration.evtxâ”‹20230316T035430.807567000â”‹<Event xmlns="http://schemas.microsoft.com/win/2004/08/events/event">
./logs/programs/evtx/Microsoft-Windows-Kernel-PnP__Configuration.evtxâ”‹20230316T035430.807567000â”‹  <System>
./logs/programs/evtx/Microsoft-Windows-Kernel-PnP__Configuration.evtxâ”‹20230316T035430.807567000â”‹    <Provider Name="Microsoft-Windows-Kernel-PnP" Guid="9C205A39-1250-487D-ABD7-E831C6290539">
./logs/programs/evtx/Microsoft-Windows-Kernel-PnP__Configuration.evtxâ”‹20230316T035430.807567000â”‹    </Provider>
./logs/programs/evtx/Microsoft-Windows-Kernel-PnP__Configuration.evtxâ”‹20230316T035430.807567000â”‹    <EventID>400</EventID>
./logs/programs/evtx/Microsoft-Windows-Kernel-PnP__Configuration.evtxâ”‹20230316T035430.807567000â”‹    <Version>0</Version>
./logs/programs/evtx/Microsoft-Windows-Kernel-PnP__Configuration.evtxâ”‹20230316T035430.807567000â”‹    <Level>4</Level>
./logs/programs/evtx/Microsoft-Windows-Kernel-PnP__Configuration.evtxâ”‹20230316T035430.807567000â”‹    <Task>0</Task>
./logs/programs/evtx/Microsoft-Windows-Kernel-PnP__Configuration.evtxâ”‹20230316T035430.807567000â”‹    <Opcode>0</Opcode>
./logs/programs/evtx/Microsoft-Windows-Kernel-PnP__Configuration.evtxâ”‹20230316T035430.807567000â”‹    <Keywords>0x4000000000000000</Keywords>
./logs/programs/evtx/Microsoft-Windows-Kernel-PnP__Configuration.evtxâ”‹20230316T035430.807567000â”‹    <TimeCreated SystemTime="2023-03-16T03:54:30.807567Z">
./logs/programs/evtx/Microsoft-Windows-Kernel-PnP__Configuration.evtxâ”‹20230316T035430.807567000â”‹    </TimeCreated>
./logs/programs/evtx/Microsoft-Windows-Kernel-PnP__Configuration.evtxâ”‹20230316T035430.807567000â”‹    <EventRecordID>154</EventRecordID>
./logs/programs/evtx/Microsoft-Windows-Kernel-PnP__Configuration.evtxâ”‹20230316T035430.807567000â”‹    <Correlation>
./logs/programs/evtx/Microsoft-Windows-Kernel-PnP__Configuration.evtxâ”‹20230316T035430.807567000â”‹    </Correlation>
./logs/programs/evtx/Microsoft-Windows-Kernel-PnP__Configuration.evtxâ”‹20230316T035430.807567000â”‹    <Execution ProcessID="4" ThreadID="8">
./logs/programs/evtx/Microsoft-Windows-Kernel-PnP__Configuration.evtxâ”‹20230316T035430.807567000â”‹    </Execution>
./logs/programs/evtx/Microsoft-Windows-Kernel-PnP__Configuration.evtxâ”‹20230316T035430.807567000â”‹    <Channel>Microsoft-Windows-Kernel-PnP/Configuration</Channel>
./logs/programs/evtx/Microsoft-Windows-Kernel-PnP__Configuration.evtxâ”‹20230316T035430.807567000â”‹    <Computer>b527c22f-097a-438f-904f-884ce1227bda</Computer>
./logs/programs/evtx/Microsoft-Windows-Kernel-PnP__Configuration.evtxâ”‹20230316T035430.807567000â”‹    <Security UserID="S-1-5-18">
./logs/programs/evtx/Microsoft-Windows-Kernel-PnP__Configuration.evtxâ”‹20230316T035430.807567000â”‹    </Security>
./logs/programs/evtx/Microsoft-Windows-Kernel-PnP__Configuration.evtxâ”‹20230316T035430.807567000â”‹  </System>
./logs/programs/evtx/Microsoft-Windows-Kernel-PnP__Configuration.evtxâ”‹20230316T035430.807567000â”‹  <EventData>
./logs/programs/evtx/Microsoft-Windows-Kernel-PnP__Configuration.evtxâ”‹20230316T035430.807567000â”‹    <Data Name="DeviceInstanceId">ACPI\AuthenticAMD_-_AMD64_Family_25_Model_97_-_AMD_Ryzen_7_7700X_8-Core_Processor_____________\1</Data>
./logs/programs/evtx/Microsoft-Windows-Kernel-PnP__Configuration.evtxâ”‹20230316T035430.807567000â”‹    <Data Name="DriverName">cpu.inf</Data>
./logs/programs/evtx/Microsoft-Windows-Kernel-PnP__Configuration.evtxâ”‹20230316T035430.807567000â”‹    <Data Name="ClassGuid">50127DC3-0F36-415E-A6CC-4CB3BE910B65</Data>
./logs/programs/evtx/Microsoft-Windows-Kernel-PnP__Configuration.evtxâ”‹20230316T035430.807567000â”‹    <Data Name="DriverDate">04/21/2009</Data>
./logs/programs/evtx/Microsoft-Windows-Kernel-PnP__Configuration.evtxâ”‹20230316T035430.807567000â”‹    <Data Name="DriverVersion">10.0.22621.1413</Data>
./logs/programs/evtx/Microsoft-Windows-Kernel-PnP__Configuration.evtxâ”‹20230316T035430.807567000â”‹    <Data Name="DriverProvider">Microsoft</Data>
./logs/programs/evtx/Microsoft-Windows-Kernel-PnP__Configuration.evtxâ”‹20230316T035430.807567000â”‹    <Data Name="DriverInbox">true</Data>
./logs/programs/evtx/Microsoft-Windows-Kernel-PnP__Configuration.evtxâ”‹20230316T035430.807567000â”‹    <Data Name="DriverSection">AmdPPM_Inst.NT</Data>
./logs/programs/evtx/Microsoft-Windows-Kernel-PnP__Configuration.evtxâ”‹20230316T035430.807567000â”‹    <Data Name="DriverRank">0xff0005</Data>
./logs/programs/evtx/Microsoft-Windows-Kernel-PnP__Configuration.evtxâ”‹20230316T035430.807567000â”‹    <Data Name="MatchingDeviceId">ACPI\AuthenticAMD_-_AMD64</Data>
./logs/programs/evtx/Microsoft-Windows-Kernel-PnP__Configuration.evtxâ”‹20230316T035430.807567000â”‹    <Data Name="OutrankedDrivers">cpu.inf:ACPI\Processor:00FF2000</Data>
./logs/programs/evtx/Microsoft-Windows-Kernel-PnP__Configuration.evtxâ”‹20230316T035430.807567000â”‹    <Data Name="DeviceUpdated">false</Data>
./logs/programs/evtx/Microsoft-Windows-Kernel-PnP__Configuration.evtxâ”‹20230316T035430.807567000â”‹    <Data Name="Status">0x0</Data>
./logs/programs/evtx/Microsoft-Windows-Kernel-PnP__Configuration.evtxâ”‹20230316T035430.807567000â”‹    <Data Name="ParentDeviceInstanceId">ACPI_HAL\PNP0C08\0</Data>
./logs/programs/evtx/Microsoft-Windows-Kernel-PnP__Configuration.evtxâ”‹20230316T035430.807567000â”‹  </EventData>
./logs/programs/evtx/Microsoft-Windows-Kernel-PnP__Configuration.evtxâ”‹20230316T035430.807567000â”‹</Event>
â‡ł
./logs/programs/evtx/Microsoft-Windows-Kernel-PnP__Configuration.evtxâ”‹20230316T035430.808409000â”‹<?xml version="1.0" encoding="utf-8"?>
./logs/programs/evtx/Microsoft-Windows-Kernel-PnP__Configuration.evtxâ”‹20230316T035430.808409000â”‹<Event xmlns="http://schemas.microsoft.com/win/2004/08/events/event">
./logs/programs/evtx/Microsoft-Windows-Kernel-PnP__Configuration.evtxâ”‹20230316T035430.808409000â”‹  <System>
./logs/programs/evtx/Microsoft-Windows-Kernel-PnP__Configuration.evtxâ”‹20230316T035430.808409000â”‹    <Provider Name="Microsoft-Windows-Kernel-PnP" Guid="9C205A39-1250-487D-ABD7-E831C6290539">
./logs/programs/evtx/Microsoft-Windows-Kernel-PnP__Configuration.evtxâ”‹20230316T035430.808409000â”‹    </Provider>
./logs/programs/evtx/Microsoft-Windows-Kernel-PnP__Configuration.evtxâ”‹20230316T035430.808409000â”‹    <EventID>400</EventID>
./logs/programs/evtx/Microsoft-Windows-Kernel-PnP__Configuration.evtxâ”‹20230316T035430.808409000â”‹    <Version>0</Version>
./logs/programs/evtx/Microsoft-Windows-Kernel-PnP__Configuration.evtxâ”‹20230316T035430.808409000â”‹    <Level>4</Level>
./logs/programs/evtx/Microsoft-Windows-Kernel-PnP__Configuration.evtxâ”‹20230316T035430.808409000â”‹    <Task>0</Task>
./logs/programs/evtx/Microsoft-Windows-Kernel-PnP__Configuration.evtxâ”‹20230316T035430.808409000â”‹    <Opcode>0</Opcode>
./logs/programs/evtx/Microsoft-Windows-Kernel-PnP__Configuration.evtxâ”‹20230316T035430.808409000â”‹    <Keywords>0x4000000000000000</Keywords>
./logs/programs/evtx/Microsoft-Windows-Kernel-PnP__Configuration.evtxâ”‹20230316T035430.808409000â”‹    <TimeCreated SystemTime="2023-03-16T03:54:30.808409Z">
./logs/programs/evtx/Microsoft-Windows-Kernel-PnP__Configuration.evtxâ”‹20230316T035430.808409000â”‹    </TimeCreated>
./logs/programs/evtx/Microsoft-Windows-Kernel-PnP__Configuration.evtxâ”‹20230316T035430.808409000â”‹    <EventRecordID>155</EventRecordID>
