./logs/programs/evtx/Microsoft-Windows-Kernel-PnP__Configuration.evtx.gz┋20230316T035431.362367000┋    <Correlation>
./logs/programs/evtx/Microsoft-Windows-Kernel-PnP__Configuration.evtx.gz┋20230316T035431.362367000┋    </Correlation>
./logs/programs/evtx/Microsoft-Windows-Kernel-PnP__Configuration.evtx.gz┋20230316T035431.362367000┋    <Execution ProcessID="4" ThreadID="312">
./logs/programs/evtx/Microsoft-Windows-Kernel-PnP__Configuration.evtx.gz┋20230316T035431.362367000┋    </Execution>
./logs/programs/evtx/Microsoft-Windows-Kernel-PnP__Configuration.evtx.gz┋20230316T035431.362367000┋    <Channel>Microsoft-Windows-Kernel-PnP/Configuration</Channel>
./logs/programs/evtx/Microsoft-Windows-Kernel-PnP__Configuration.evtx.gz┋20230316T035431.362367000┋    <Computer>b527c22f-097a-438f-904f-884ce1227bda</Computer>
./logs/programs/evtx/Microsoft-Windows-Kernel-PnP__Configuration.evtx.gz┋20230316T035431.362367000┋    <Security UserID="S-1-5-18">
./logs/programs/evtx/Microsoft-Windows-Kernel-PnP__Configuration.evtx.gz┋20230316T035431.362367000┋    </Security>
./logs/programs/evtx/Microsoft-Windows-Kernel-PnP__Configuration.evtx.gz┋20230316T035431.362367000┋  </System>
./logs/programs/evtx/Microsoft-Windows-Kernel-PnP__Configuration.evtx.gz┋20230316T035431.362367000┋  <EventData>
./logs/programs/evtx/Microsoft-Windows-Kernel-PnP__Configuration.evtx.gz┋20230316T035431.362367000┋    <Data Name="DeviceInstanceId">ACPI\AuthenticAMD_-_AMD64_Family_25_Model_97_-_AMD_Ryzen_7_7700X_8-Core_Processor_____________\6</Data>
./logs/programs/evtx/Microsoft-Windows-Kernel-PnP__Configuration.evtx.gz┋20230316T035431.362367000┋    <Data Name="DriverName">cpu.inf</Data>
./logs/programs/evtx/Microsoft-Windows-Kernel-PnP__Configuration.evtx.gz┋20230316T035431.362367000┋    <Data Name="ClassGuid">50127DC3-0F36-415E-A6CC-4CB3BE910B65</Data>
./logs/programs/evtx/Microsoft-Windows-Kernel-PnP__Configuration.evtx.gz┋20230316T035431.362367000┋    <Data Name="ServiceName">AmdPPM</Data>
./logs/programs/evtx/Microsoft-Windows-Kernel-PnP__Configuration.evtx.gz┋20230316T035431.362367000┋    <Data Name="LowerFilters"></Data>
./logs/programs/evtx/Microsoft-Windows-Kernel-PnP__Configuration.evtx.gz┋20230316T035431.362367000┋    <Data Name="UpperFilters"></Data>
./logs/programs/evtx/Microsoft-Windows-Kernel-PnP__Configuration.evtx.gz┋20230316T035431.362367000┋    <Data Name="Problem">0x0</Data>
./logs/programs/evtx/Microsoft-Windows-Kernel-PnP__Configuration.evtx.gz┋20230316T035431.362367000┋    <Data Name="Status">0x0</Data>
./logs/programs/evtx/Microsoft-Windows-Kernel-PnP__Configuration.evtx.gz┋20230316T035431.362367000┋  </EventData>
./logs/programs/evtx/Microsoft-Windows-Kernel-PnP__Configuration.evtx.gz┋20230316T035431.362367000┋</Event>
⇳
./logs/programs/evtx/Microsoft-Windows-Kernel-PnP__Configuration.evtx.gz┋20230316T035431.362455500┋<?xml version="1.0" encoding="utf-8"?>
./logs/programs/evtx/Microsoft-Windows-Kernel-PnP__Configuration.evtx.gz┋20230316T035431.362455500┋<Event xmlns="http://schemas.microsoft.com/win/2004/08/events/event">
./logs/programs/evtx/Microsoft-Windows-Kernel-PnP__Configuration.evtx.gz┋20230316T035431.362455500┋  <System>
./logs/programs/evtx/Microsoft-Windows-Kernel-PnP__Configuration.evtx.gz┋20230316T035431.362455500┋    <Provider Name="Microsoft-Windows-Kernel-PnP" Guid="9C205A39-1250-487D-ABD7-E831C6290539">
./logs/programs/evtx/Microsoft-Windows-Kernel-PnP__Configuration.evtx.gz┋20230316T035431.362455500┋    </Provider>
./logs/programs/evtx/Microsoft-Windows-Kernel-PnP__Configuration.evtx.gz┋20230316T035431.362455500┋    <EventID>410</EventID>
./logs/programs/evtx/Microsoft-Windows-Kernel-PnP__Configuration.evtx.gz┋20230316T035431.362455500┋    <Version>0</Version>
./logs/programs/evtx/Microsoft-Windows-Kernel-PnP__Configuration.evtx.gz┋20230316T035431.362455500┋    <Level>4</Level>
./logs/programs/evtx/Microsoft-Windows-Kernel-PnP__Configuration.evtx.gz┋20230316T035431.362455500┋    <Task>0</Task>
./logs/programs/evtx/Microsoft-Windows-Kernel-PnP__Configuration.evtx.gz┋20230316T035431.362455500┋    <Opcode>0</Opcode>
./logs/programs/evtx/Microsoft-Windows-Kernel-PnP__Configuration.evtx.gz┋20230316T035431.362455500┋    <Keywords>0x4000000000000000</Keywords>
./logs/programs/evtx/Microsoft-Windows-Kernel-PnP__Configuration.evtx.gz┋20230316T035431.362455500┋    <TimeCreated SystemTime="2023-03-16T03:54:31.362455Z">
./logs/programs/evtx/Microsoft-Windows-Kernel-PnP__Configuration.evtx.gz┋20230316T035431.362455500┋    </TimeCreated>
./logs/programs/evtx/Microsoft-Windows-Kernel-PnP__Configuration.evtx.gz┋20230316T035431.362455500┋    <EventRecordID>192</EventRecordID>
./logs/programs/evtx/Microsoft-Windows-Kernel-PnP__Configuration.evtx.gz┋20230316T035431.362455500┋    <Correlation>
./logs/programs/evtx/Microsoft-Windows-Kernel-PnP__Configuration.evtx.gz┋20230316T035431.362455500┋    </Correlation>
./logs/programs/evtx/Microsoft-Windows-Kernel-PnP__Configuration.evtx.gz┋20230316T035431.362455500┋    <Execution ProcessID="4" ThreadID="312">
./logs/programs/evtx/Microsoft-Windows-Kernel-PnP__Configuration.evtx.gz┋20230316T035431.362455500┋    </Execution>
./logs/programs/evtx/Microsoft-Windows-Kernel-PnP__Configuration.evtx.gz┋20230316T035431.362455500┋    <Channel>Microsoft-Windows-Kernel-PnP/Configuration</Channel>
./logs/programs/evtx/Microsoft-Windows-Kernel-PnP__Configuration.evtx.gz┋20230316T035431.362455500┋    <Computer>b527c22f-097a-438f-904f-884ce1227bda</Computer>
./logs/programs/evtx/Microsoft-Windows-Kernel-PnP__Configuration.evtx.gz┋20230316T035431.362455500┋    <Security UserID="S-1-5-18">
./logs/programs/evtx/Microsoft-Windows-Kernel-PnP__Configuration.evtx.gz┋20230316T035431.362455500┋    </Security>
./logs/programs/evtx/Microsoft-Windows-Kernel-PnP__Configuration.evtx.gz┋20230316T035431.362455500┋  </System>
./logs/programs/evtx/Microsoft-Windows-Kernel-PnP__Configuration.evtx.gz┋20230316T035431.362455500┋  <EventData>
./logs/programs/evtx/Microsoft-Windows-Kernel-PnP__Configuration.evtx.gz┋20230316T035431.362455500┋    <Data Name="DeviceInstanceId">ACPI\AuthenticAMD_-_AMD64_Family_25_Model_97_-_AMD_Ryzen_7_7700X_8-Core_Processor_____________\7</Data>
./logs/programs/evtx/Microsoft-Windows-Kernel-PnP__Configuration.evtx.gz┋20230316T035431.362455500┋    <Data Name="DriverName">cpu.inf</Data>
./logs/programs/evtx/Microsoft-Windows-Kernel-PnP__Configuration.evtx.gz┋20230316T035431.362455500┋    <Data Name="ClassGuid">50127DC3-0F36-415E-A6CC-4CB3BE910B65</Data>
./logs/programs/evtx/Microsoft-Windows-Kernel-PnP__Configuration.evtx.gz┋20230316T035431.362455500┋    <Data Name="ServiceName">AmdPPM</Data>
./logs/programs/evtx/Microsoft-Windows-Kernel-PnP__Configuration.evtx.gz┋20230316T035431.362455500┋    <Data Name="LowerFilters"></Data>
./logs/programs/evtx/Microsoft-Windows-Kernel-PnP__Configuration.evtx.gz┋20230316T035431.362455500┋    <Data Name="UpperFilters"></Data>
./logs/programs/evtx/Microsoft-Windows-Kernel-PnP__Configuration.evtx.gz┋20230316T035431.362455500┋    <Data Name="Problem">0x0</Data>
./logs/programs/evtx/Microsoft-Windows-Kernel-PnP__Configuration.evtx.gz┋20230316T035431.362455500┋    <Data Name="Status">0x0</Data>
./logs/programs/evtx/Microsoft-Windows-Kernel-PnP__Configuration.evtx.gz┋20230316T035431.362455500┋  </EventData>
./logs/programs/evtx/Microsoft-Windows-Kernel-PnP__Configuration.evtx.gz┋20230316T035431.362455500┋</Event>
⇳
./logs/programs/evtx/Microsoft-Windows-Kernel-PnP__Configuration.evtx.gz┋20230316T035431.362544300┋<?xml version="1.0" encoding="utf-8"?>
./logs/programs/evtx/Microsoft-Windows-Kernel-PnP__Configuration.evtx.gz┋20230316T035431.362544300┋<Event xmlns="http://schemas.microsoft.com/win/2004/08/events/event">
./logs/programs/evtx/Microsoft-Windows-Kernel-PnP__Configuration.evtx.gz┋20230316T035431.362544300┋  <System>
./logs/programs/evtx/Microsoft-Windows-Kernel-PnP__Configuration.evtx.gz┋20230316T035431.362544300┋    <Provider Name="Microsoft-Windows-Kernel-PnP" Guid="9C205A39-1250-487D-ABD7-E831C6290539">
./logs/programs/evtx/Microsoft-Windows-Kernel-PnP__Configuration.evtx.gz┋20230316T035431.362544300┋    </Provider>
./logs/programs/evtx/Microsoft-Windows-Kernel-PnP__Configuration.evtx.gz┋20230316T035431.362544300┋    <EventID>410</EventID>
./logs/programs/evtx/Microsoft-Windows-Kernel-PnP__Configuration.evtx.gz┋20230316T035431.362544300┋    <Version>0</Version>
./logs/programs/evtx/Microsoft-Windows-Kernel-PnP__Configuration.evtx.gz┋20230316T035431.362544300┋    <Level>4</Level>
./logs/programs/evtx/Microsoft-Windows-Kernel-PnP__Configuration.evtx.gz┋20230316T035431.362544300┋    <Task>0</Task>
./logs/programs/evtx/Microsoft-Windows-Kernel-PnP__Configuration.evtx.gz┋20230316T035431.362544300┋    <Opcode>0</Opcode>
./logs/programs/evtx/Microsoft-Windows-Kernel-PnP__Configuration.evtx.gz┋20230316T035431.362544300┋    <Keywords>0x4000000000000000</Keywords>
./logs/programs/evtx/Microsoft-Windows-Kernel-PnP__Configuration.evtx.gz┋20230316T035431.362544300┋    <TimeCreated SystemTime="2023-03-16T03:54:31.362544Z">
./logs/programs/evtx/Microsoft-Windows-Kernel-PnP__Configuration.evtx.gz┋20230316T035431.362544300┋    </TimeCreated>
./logs/programs/evtx/Microsoft-Windows-Kernel-PnP__Configuration.evtx.gz┋20230316T035431.362544300┋    <EventRecordID>193</EventRecordID>
./logs/programs/evtx/Microsoft-Windows-Kernel-PnP__Configuration.evtx.gz┋20230316T035431.362544300┋    <Correlation>
./logs/programs/evtx/Microsoft-Windows-Kernel-PnP__Configuration.evtx.gz┋20230316T035431.362544300┋    </Correlation>
./logs/programs/evtx/Microsoft-Windows-Kernel-PnP__Configuration.evtx.gz┋20230316T035431.362544300┋    <Execution ProcessID="4" ThreadID="312">
./logs/programs/evtx/Microsoft-Windows-Kernel-PnP__Configuration.evtx.gz┋20230316T035431.362544300┋    </Execution>
./logs/programs/evtx/Microsoft-Windows-Kernel-PnP__Configuration.evtx.gz┋20230316T035431.362544300┋    <Channel>Microsoft-Windows-Kernel-PnP/Configuration</Channel>
./logs/programs/evtx/Microsoft-Windows-Kernel-PnP__Configuration.evtx.gz┋20230316T035431.362544300┋    <Computer>b527c22f-097a-438f-904f-884ce1227bda</Computer>
./logs/programs/evtx/Microsoft-Windows-Kernel-PnP__Configuration.evtx.gz┋20230316T035431.362544300┋    <Security UserID="S-1-5-18">
./logs/programs/evtx/Microsoft-Windows-Kernel-PnP__Configuration.evtx.gz┋20230316T035431.362544300┋    </Security>
./logs/programs/evtx/Microsoft-Windows-Kernel-PnP__Configuration.evtx.gz┋20230316T035431.362544300┋  </System>
./logs/programs/evtx/Microsoft-Windows-Kernel-PnP__Configuration.evtx.gz┋20230316T035431.362544300┋  <EventData>
./logs/programs/evtx/Microsoft-Windows-Kernel-PnP__Configuration.evtx.gz┋20230316T035431.362544300┋    <Data Name="DeviceInstanceId">ACPI\AuthenticAMD_-_AMD64_Family_25_Model_97_-_AMD_Ryzen_7_7700X_8-Core_Processor_____________\8</Data>
./logs/programs/evtx/Microsoft-Windows-Kernel-PnP__Configuration.evtx.gz┋20230316T035431.362544300┋    <Data Name="DriverName">cpu.inf</Data>
./logs/programs/evtx/Microsoft-Windows-Kernel-PnP__Configuration.evtx.gz┋20230316T035431.362544300┋    <Data Name="ClassGuid">50127DC3-0F36-415E-A6CC-4CB3BE910B65</Data>
./logs/programs/evtx/Microsoft-Windows-Kernel-PnP__Configuration.evtx.gz┋20230316T035431.362544300┋    <Data Name="ServiceName">AmdPPM</Data>
./logs/programs/evtx/Microsoft-Windows-Kernel-PnP__Configuration.evtx.gz┋20230316T035431.362544300┋    <Data Name="LowerFilters"></Data>
./logs/programs/evtx/Microsoft-Windows-Kernel-PnP__Configuration.evtx.gz┋20230316T035431.362544300┋    <Data Name="UpperFilters"></Data>
./logs/programs/evtx/Microsoft-Windows-Kernel-PnP__Configuration.evtx.gz┋20230316T035431.362544300┋    <Data Name="Problem">0x0</Data>
./logs/programs/evtx/Microsoft-Windows-Kernel-PnP__Configuration.evtx.gz┋20230316T035431.362544300┋    <Data Name="Status">0x0</Data>
./logs/programs/evtx/Microsoft-Windows-Kernel-PnP__Configuration.evtx.gz┋20230316T035431.362544300┋  </EventData>
./logs/programs/evtx/Microsoft-Windows-Kernel-PnP__Configuration.evtx.gz┋20230316T035431.362544300┋</Event>
⇳
./logs/programs/evtx/Microsoft-Windows-Kernel-PnP__Configuration.evtx.gz┋20230316T035431.362631400┋<?xml version="1.0" encoding="utf-8"?>
./logs/programs/evtx/Microsoft-Windows-Kernel-PnP__Configuration.evtx.gz┋20230316T035431.362631400┋<Event xmlns="http://schemas.microsoft.com/win/2004/08/events/event">
./logs/programs/evtx/Microsoft-Windows-Kernel-PnP__Configuration.evtx.gz┋20230316T035431.362631400┋  <System>
./logs/programs/evtx/Microsoft-Windows-Kernel-PnP__Configuration.evtx.gz┋20230316T035431.362631400┋    <Provider Name="Microsoft-Windows-Kernel-PnP" Guid="9C205A39-1250-487D-ABD7-E831C6290539">
./logs/programs/evtx/Microsoft-Windows-Kernel-PnP__Configuration.evtx.gz┋20230316T035431.362631400┋    </Provider>
./logs/programs/evtx/Microsoft-Windows-Kernel-PnP__Configuration.evtx.gz┋20230316T035431.362631400┋    <EventID>410</EventID>
./logs/programs/evtx/Microsoft-Windows-Kernel-PnP__Configuration.evtx.gz┋20230316T035431.362631400┋    <Version>0</Version>
./logs/programs/evtx/Microsoft-Windows-Kernel-PnP__Configuration.evtx.gz┋20230316T035431.362631400┋    <Level>4</Level>
./logs/programs/evtx/Microsoft-Windows-Kernel-PnP__Configuration.evtx.gz┋20230316T035431.362631400┋    <Task>0</Task>
./logs/programs/evtx/Microsoft-Windows-Kernel-PnP__Configuration.evtx.gz┋20230316T035431.362631400┋    <Opcode>0</Opcode>
./logs/programs/evtx/Microsoft-Windows-Kernel-PnP__Configuration.evtx.gz┋20230316T035431.362631400┋    <Keywords>0x4000000000000000</Keywords>
./logs/programs/evtx/Microsoft-Windows-Kernel-PnP__Configuration.evtx.gz┋20230316T035431.362631400┋    <TimeCreated SystemTime="2023-03-16T03:54:31.362631Z">
./logs/programs/evtx/Microsoft-Windows-Kernel-PnP__Configuration.evtx.gz┋20230316T035431.362631400┋    </TimeCreated>
./logs/programs/evtx/Microsoft-Windows-Kernel-PnP__Configuration.evtx.gz┋20230316T035431.362631400┋    <EventRecordID>194</EventRecordID>
./logs/programs/evtx/Microsoft-Windows-Kernel-PnP__Configuration.evtx.gz┋20230316T035431.362631400┋    <Correlation>
./logs/programs/evtx/Microsoft-Windows-Kernel-PnP__Configuration.evtx.gz┋20230316T035431.362631400┋    </Correlation>
./logs/programs/evtx/Microsoft-Windows-Kernel-PnP__Configuration.evtx.gz┋20230316T035431.362631400┋    <Execution ProcessID="4" ThreadID="312">
./logs/programs/evtx/Microsoft-Windows-Kernel-PnP__Configuration.evtx.gz┋20230316T035431.362631400┋    </Execution>
./logs/programs/evtx/Microsoft-Windows-Kernel-PnP__Configuration.evtx.gz┋20230316T035431.362631400┋    <Channel>Microsoft-Windows-Kernel-PnP/Configuration</Channel>
./logs/programs/evtx/Microsoft-Windows-Kernel-PnP__Configuration.evtx.gz┋20230316T035431.362631400┋    <Computer>b527c22f-097a-438f-904f-884ce1227bda</Computer>
./logs/programs/evtx/Microsoft-Windows-Kernel-PnP__Configuration.evtx.gz┋20230316T035431.362631400┋    <Security UserID="S-1-5-18">
./logs/programs/evtx/Microsoft-Windows-Kernel-PnP__Configuration.evtx.gz┋20230316T035431.362631400┋    </Security>
./logs/programs/evtx/Microsoft-Windows-Kernel-PnP__Configuration.evtx.gz┋20230316T035431.362631400┋  </System>
./logs/programs/evtx/Microsoft-Windows-Kernel-PnP__Configuration.evtx.gz┋20230316T035431.362631400┋  <EventData>
./logs/programs/evtx/Microsoft-Windows-Kernel-PnP__Configuration.evtx.gz┋20230316T035431.362631400┋    <Data Name="DeviceInstanceId">ACPI\AuthenticAMD_-_AMD64_Family_25_Model_97_-_AMD_Ryzen_7_7700X_8-Core_Processor_____________\9</Data>
./logs/programs/evtx/Microsoft-Windows-Kernel-PnP__Configuration.evtx.gz┋20230316T035431.362631400┋    <Data Name="DriverName">cpu.inf</Data>
./logs/programs/evtx/Microsoft-Windows-Kernel-PnP__Configuration.evtx.gz┋20230316T035431.362631400┋    <Data Name="ClassGuid">50127DC3-0F36-415E-A6CC-4CB3BE910B65</Data>
./logs/programs/evtx/Microsoft-Windows-Kernel-PnP__Configuration.evtx.gz┋20230316T035431.362631400┋    <Data Name="ServiceName">AmdPPM</Data>
./logs/programs/evtx/Microsoft-Windows-Kernel-PnP__Configuration.evtx.gz┋20230316T035431.362631400┋    <Data Name="LowerFilters"></Data>
./logs/programs/evtx/Microsoft-Windows-Kernel-PnP__Configuration.evtx.gz┋20230316T035431.362631400┋    <Data Name="UpperFilters"></Data>
./logs/programs/evtx/Microsoft-Windows-Kernel-PnP__Configuration.evtx.gz┋20230316T035431.362631400┋    <Data Name="Problem">0x0</Data>
./logs/programs/evtx/Microsoft-Windows-Kernel-PnP__Configuration.evtx.gz┋20230316T035431.362631400┋    <Data Name="Status">0x0</Data>
./logs/programs/evtx/Microsoft-Windows-Kernel-PnP__Configuration.evtx.gz┋20230316T035431.362631400┋  </EventData>
./logs/programs/evtx/Microsoft-Windows-Kernel-PnP__Configuration.evtx.gz┋20230316T035431.362631400┋</Event>
⇳
./logs/programs/evtx/Microsoft-Windows-Kernel-PnP__Configuration.evtx.gz┋20230316T035431.362719700┋<?xml version="1.0" encoding="utf-8"?>
./logs/programs/evtx/Microsoft-Windows-Kernel-PnP__Configuration.evtx.gz┋20230316T035431.362719700┋<Event xmlns="http://schemas.microsoft.com/win/2004/08/events/event">
./logs/programs/evtx/Microsoft-Windows-Kernel-PnP__Configuration.evtx.gz┋20230316T035431.362719700┋  <System>
./logs/programs/evtx/Microsoft-Windows-Kernel-PnP__Configuration.evtx.gz┋20230316T035431.362719700┋    <Provider Name="Microsoft-Windows-Kernel-PnP" Guid="9C205A39-1250-487D-ABD7-E831C6290539">
./logs/programs/evtx/Microsoft-Windows-Kernel-PnP__Configuration.evtx.gz┋20230316T035431.362719700┋    </Provider>
./logs/programs/evtx/Microsoft-Windows-Kernel-PnP__Configuration.evtx.gz┋20230316T035431.362719700┋    <EventID>410</EventID>
./logs/programs/evtx/Microsoft-Windows-Kernel-PnP__Configuration.evtx.gz┋20230316T035431.362719700┋    <Version>0</Version>
./logs/programs/evtx/Microsoft-Windows-Kernel-PnP__Configuration.evtx.gz┋20230316T035431.362719700┋    <Level>4</Level>
./logs/programs/evtx/Microsoft-Windows-Kernel-PnP__Configuration.evtx.gz┋20230316T035431.362719700┋    <Task>0</Task>
./logs/programs/evtx/Microsoft-Windows-Kernel-PnP__Configuration.evtx.gz┋20230316T035431.362719700┋    <Opcode>0</Opcode>
./logs/programs/evtx/Microsoft-Windows-Kernel-PnP__Configuration.evtx.gz┋20230316T035431.362719700┋    <Keywords>0x4000000000000000</Keywords>
./logs/programs/evtx/Microsoft-Windows-Kernel-PnP__Configuration.evtx.gz┋20230316T035431.362719700┋    <TimeCreated SystemTime="2023-03-16T03:54:31.362719Z">
./logs/programs/evtx/Microsoft-Windows-Kernel-PnP__Configuration.evtx.gz┋20230316T035431.362719700┋    </TimeCreated>
./logs/programs/evtx/Microsoft-Windows-Kernel-PnP__Configuration.evtx.gz┋20230316T035431.362719700┋    <EventRecordID>195</EventRecordID>
./logs/programs/evtx/Microsoft-Windows-Kernel-PnP__Configuration.evtx.gz┋20230316T035431.362719700┋    <Correlation>
./logs/programs/evtx/Microsoft-Windows-Kernel-PnP__Configuration.evtx.gz┋20230316T035431.362719700┋    </Correlation>
./logs/programs/evtx/Microsoft-Windows-Kernel-PnP__Configuration.evtx.gz┋20230316T035431.362719700┋    <Execution ProcessID="4" ThreadID="312">
./logs/programs/evtx/Microsoft-Windows-Kernel-PnP__Configuration.evtx.gz┋20230316T035431.362719700┋    </Execution>
./logs/programs/evtx/Microsoft-Windows-Kernel-PnP__Configuration.evtx.gz┋20230316T035431.362719700┋    <Channel>Microsoft-Windows-Kernel-PnP/Configuration</Channel>
./logs/programs/evtx/Microsoft-Windows-Kernel-PnP__Configuration.evtx.gz┋20230316T035431.362719700┋    <Computer>b527c22f-097a-438f-904f-884ce1227bda</Computer>
./logs/programs/evtx/Microsoft-Windows-Kernel-PnP__Configuration.evtx.gz┋20230316T035431.362719700┋    <Security UserID="S-1-5-18">
./logs/programs/evtx/Microsoft-Windows-Kernel-PnP__Configuration.evtx.gz┋20230316T035431.362719700┋    </Security>
./logs/programs/evtx/Microsoft-Windows-Kernel-PnP__Configuration.evtx.gz┋20230316T035431.362719700┋  </System>
./logs/programs/evtx/Microsoft-Windows-Kernel-PnP__Configuration.evtx.gz┋20230316T035431.362719700┋  <EventData>
./logs/programs/evtx/Microsoft-Windows-Kernel-PnP__Configuration.evtx.gz┋20230316T035431.362719700┋    <Data Name="DeviceInstanceId">ACPI\AuthenticAMD_-_AMD64_Family_25_Model_97_-_AMD_Ryzen_7_7700X_8-Core_Processor_____________\a</Data>
./logs/programs/evtx/Microsoft-Windows-Kernel-PnP__Configuration.evtx.gz┋20230316T035431.362719700┋    <Data Name="DriverName">cpu.inf</Data>
./logs/programs/evtx/Microsoft-Windows-Kernel-PnP__Configuration.evtx.gz┋20230316T035431.362719700┋    <Data Name="ClassGuid">50127DC3-0F36-415E-A6CC-4CB3BE910B65</Data>
./logs/programs/evtx/Microsoft-Windows-Kernel-PnP__Configuration.evtx.gz┋20230316T035431.362719700┋    <Data Name="ServiceName">AmdPPM</Data>
./logs/programs/evtx/Microsoft-Windows-Kernel-PnP__Configuration.evtx.gz┋20230316T035431.362719700┋    <Data Name="LowerFilters"></Data>
./logs/programs/evtx/Microsoft-Windows-Kernel-PnP__Configuration.evtx.gz┋20230316T035431.362719700┋    <Data Name="UpperFilters"></Data>
./logs/programs/evtx/Microsoft-Windows-Kernel-PnP__Configuration.evtx.gz┋20230316T035431.362719700┋    <Data Name="Problem">0x0</Data>
./logs/programs/evtx/Microsoft-Windows-Kernel-PnP__Configuration.evtx.gz┋20230316T035431.362719700┋    <Data Name="Status">0x0</Data>
./logs/programs/evtx/Microsoft-Windows-Kernel-PnP__Configuration.evtx.gz┋20230316T035431.362719700┋  </EventData>
./logs/programs/evtx/Microsoft-Windows-Kernel-PnP__Configuration.evtx.gz┋20230316T035431.362719700┋</Event>
⇳
./logs/programs/evtx/Microsoft-Windows-Kernel-PnP__Configuration.evtx.gz┋20230316T035431.362809600┋<?xml version="1.0" encoding="utf-8"?>
./logs/programs/evtx/Microsoft-Windows-Kernel-PnP__Configuration.evtx.gz┋20230316T035431.362809600┋<Event xmlns="http://schemas.microsoft.com/win/2004/08/events/event">
./logs/programs/evtx/Microsoft-Windows-Kernel-PnP__Configuration.evtx.gz┋20230316T035431.362809600┋  <System>
./logs/programs/evtx/Microsoft-Windows-Kernel-PnP__Configuration.evtx.gz┋20230316T035431.362809600┋    <Provider Name="Microsoft-Windows-Kernel-PnP" Guid="9C205A39-1250-487D-ABD7-E831C6290539">
./logs/programs/evtx/Microsoft-Windows-Kernel-PnP__Configuration.evtx.gz┋20230316T035431.362809600┋    </Provider>
./logs/programs/evtx/Microsoft-Windows-Kernel-PnP__Configuration.evtx.gz┋20230316T035431.362809600┋    <EventID>410</EventID>
./logs/programs/evtx/Microsoft-Windows-Kernel-PnP__Configuration.evtx.gz┋20230316T035431.362809600┋    <Version>0</Version>
./logs/programs/evtx/Microsoft-Windows-Kernel-PnP__Configuration.evtx.gz┋20230316T035431.362809600┋    <Level>4</Level>
./logs/programs/evtx/Microsoft-Windows-Kernel-PnP__Configuration.evtx.gz┋20230316T035431.362809600┋    <Task>0</Task>
./logs/programs/evtx/Microsoft-Windows-Kernel-PnP__Configuration.evtx.gz┋20230316T035431.362809600┋    <Opcode>0</Opcode>
./logs/programs/evtx/Microsoft-Windows-Kernel-PnP__Configuration.evtx.gz┋20230316T035431.362809600┋    <Keywords>0x4000000000000000</Keywords>
./logs/programs/evtx/Microsoft-Windows-Kernel-PnP__Configuration.evtx.gz┋20230316T035431.362809600┋    <TimeCreated SystemTime="2023-03-16T03:54:31.362809Z">
./logs/programs/evtx/Microsoft-Windows-Kernel-PnP__Configuration.evtx.gz┋20230316T035431.362809600┋    </TimeCreated>
./logs/programs/evtx/Microsoft-Windows-Kernel-PnP__Configuration.evtx.gz┋20230316T035431.362809600┋    <EventRecordID>196</EventRecordID>
./logs/programs/evtx/Microsoft-Windows-Kernel-PnP__Configuration.evtx.gz┋20230316T035431.362809600┋    <Correlation>
./logs/programs/evtx/Microsoft-Windows-Kernel-PnP__Configuration.evtx.gz┋20230316T035431.362809600┋    </Correlation>
./logs/programs/evtx/Microsoft-Windows-Kernel-PnP__Configuration.evtx.gz┋20230316T035431.362809600┋    <Execution ProcessID="4" ThreadID="312">
./logs/programs/evtx/Microsoft-Windows-Kernel-PnP__Configuration.evtx.gz┋20230316T035431.362809600┋    </Execution>
./logs/programs/evtx/Microsoft-Windows-Kernel-PnP__Configuration.evtx.gz┋20230316T035431.362809600┋    <Channel>Microsoft-Windows-Kernel-PnP/Configuration</Channel>
./logs/programs/evtx/Microsoft-Windows-Kernel-PnP__Configuration.evtx.gz┋20230316T035431.362809600┋    <Computer>b527c22f-097a-438f-904f-884ce1227bda</Computer>
./logs/programs/evtx/Microsoft-Windows-Kernel-PnP__Configuration.evtx.gz┋20230316T035431.362809600┋    <Security UserID="S-1-5-18">
./logs/programs/evtx/Microsoft-Windows-Kernel-PnP__Configuration.evtx.gz┋20230316T035431.362809600┋    </Security>
./logs/programs/evtx/Microsoft-Windows-Kernel-PnP__Configuration.evtx.gz┋20230316T035431.362809600┋  </System>
./logs/programs/evtx/Microsoft-Windows-Kernel-PnP__Configuration.evtx.gz┋20230316T035431.362809600┋  <EventData>
./logs/programs/evtx/Microsoft-Windows-Kernel-PnP__Configuration.evtx.gz┋20230316T035431.362809600┋    <Data Name="DeviceInstanceId">ACPI\AuthenticAMD_-_AMD64_Family_25_Model_97_-_AMD_Ryzen_7_7700X_8-Core_Processor_____________\b</Data>
./logs/programs/evtx/Microsoft-Windows-Kernel-PnP__Configuration.evtx.gz┋20230316T035431.362809600┋    <Data Name="DriverName">cpu.inf</Data>
./logs/programs/evtx/Microsoft-Windows-Kernel-PnP__Configuration.evtx.gz┋20230316T035431.362809600┋    <Data Name="ClassGuid">50127DC3-0F36-415E-A6CC-4CB3BE910B65</Data>
./logs/programs/evtx/Microsoft-Windows-Kernel-PnP__Configuration.evtx.gz┋20230316T035431.362809600┋    <Data Name="ServiceName">AmdPPM</Data>
./logs/programs/evtx/Microsoft-Windows-Kernel-PnP__Configuration.evtx.gz┋20230316T035431.362809600┋    <Data Name="LowerFilters"></Data>
./logs/programs/evtx/Microsoft-Windows-Kernel-PnP__Configuration.evtx.gz┋20230316T035431.362809600┋    <Data Name="UpperFilters"></Data>
./logs/programs/evtx/Microsoft-Windows-Kernel-PnP__Configuration.evtx.gz┋20230316T035431.362809600┋    <Data Name="Problem">0x0</Data>
./logs/programs/evtx/Microsoft-Windows-Kernel-PnP__Configuration.evtx.gz┋20230316T035431.362809600┋    <Data Name="Status">0x0</Data>
./logs/programs/evtx/Microsoft-Windows-Kernel-PnP__Configuration.evtx.gz┋20230316T035431.362809600┋  </EventData>
./logs/programs/evtx/Microsoft-Windows-Kernel-PnP__Configuration.evtx.gz┋20230316T035431.362809600┋</Event>
⇳
./logs/programs/evtx/Microsoft-Windows-Kernel-PnP__Configuration.evtx.gz┋20230316T035431.362896800┋<?xml version="1.0" encoding="utf-8"?>
./logs/programs/evtx/Microsoft-Windows-Kernel-PnP__Configuration.evtx.gz┋20230316T035431.362896800┋<Event xmlns="http://schemas.microsoft.com/win/2004/08/events/event">
./logs/programs/evtx/Microsoft-Windows-Kernel-PnP__Configuration.evtx.gz┋20230316T035431.362896800┋  <System>
./logs/programs/evtx/Microsoft-Windows-Kernel-PnP__Configuration.evtx.gz┋20230316T035431.362896800┋    <Provider Name="Microsoft-Windows-Kernel-PnP" Guid="9C205A39-1250-487D-ABD7-E831C6290539">
./logs/programs/evtx/Microsoft-Windows-Kernel-PnP__Configuration.evtx.gz┋20230316T035431.362896800┋    </Provider>
./logs/programs/evtx/Microsoft-Windows-Kernel-PnP__Configuration.evtx.gz┋20230316T035431.362896800┋    <EventID>410</EventID>
./logs/programs/evtx/Microsoft-Windows-Kernel-PnP__Configuration.evtx.gz┋20230316T035431.362896800┋    <Version>0</Version>
./logs/programs/evtx/Microsoft-Windows-Kernel-PnP__Configuration.evtx.gz┋20230316T035431.362896800┋    <Level>4</Level>
./logs/programs/evtx/Microsoft-Windows-Kernel-PnP__Configuration.evtx.gz┋20230316T035431.362896800┋    <Task>0</Task>
./logs/programs/evtx/Microsoft-Windows-Kernel-PnP__Configuration.evtx.gz┋20230316T035431.362896800┋    <Opcode>0</Opcode>
./logs/programs/evtx/Microsoft-Windows-Kernel-PnP__Configuration.evtx.gz┋20230316T035431.362896800┋    <Keywords>0x4000000000000000</Keywords>
./logs/programs/evtx/Microsoft-Windows-Kernel-PnP__Configuration.evtx.gz┋20230316T035431.362896800┋    <TimeCreated SystemTime="2023-03-16T03:54:31.362896Z">
./logs/programs/evtx/Microsoft-Windows-Kernel-PnP__Configuration.evtx.gz┋20230316T035431.362896800┋    </TimeCreated>
./logs/programs/evtx/Microsoft-Windows-Kernel-PnP__Configuration.evtx.gz┋20230316T035431.362896800┋    <EventRecordID>197</EventRecordID>
./logs/programs/evtx/Microsoft-Windows-Kernel-PnP__Configuration.evtx.gz┋20230316T035431.362896800┋    <Correlation>
./logs/programs/evtx/Microsoft-Windows-Kernel-PnP__Configuration.evtx.gz┋20230316T035431.362896800┋    </Correlation>
./logs/programs/evtx/Microsoft-Windows-Kernel-PnP__Configuration.evtx.gz┋20230316T035431.362896800┋    <Execution ProcessID="4" ThreadID="312">
./logs/programs/evtx/Microsoft-Windows-Kernel-PnP__Configuration.evtx.gz┋20230316T035431.362896800┋    </Execution>
./logs/programs/evtx/Microsoft-Windows-Kernel-PnP__Configuration.evtx.gz┋20230316T035431.362896800┋    <Channel>Microsoft-Windows-Kernel-PnP/Configuration</Channel>
./logs/programs/evtx/Microsoft-Windows-Kernel-PnP__Configuration.evtx.gz┋20230316T035431.362896800┋    <Computer>b527c22f-097a-438f-904f-884ce1227bda</Computer>
./logs/programs/evtx/Microsoft-Windows-Kernel-PnP__Configuration.evtx.gz┋20230316T035431.362896800┋    <Security UserID="S-1-5-18">
./logs/programs/evtx/Microsoft-Windows-Kernel-PnP__Configuration.evtx.gz┋20230316T035431.362896800┋    </Security>
./logs/programs/evtx/Microsoft-Windows-Kernel-PnP__Configuration.evtx.gz┋20230316T035431.362896800┋  </System>
./logs/programs/evtx/Microsoft-Windows-Kernel-PnP__Configuration.evtx.gz┋20230316T035431.362896800┋  <EventData>
./logs/programs/evtx/Microsoft-Windows-Kernel-PnP__Configuration.evtx.gz┋20230316T035431.362896800┋    <Data Name="DeviceInstanceId">ACPI\AuthenticAMD_-_AMD64_Family_25_Model_97_-_AMD_Ryzen_7_7700X_8-Core_Processor_____________\c</Data>
./logs/programs/evtx/Microsoft-Windows-Kernel-PnP__Configuration.evtx.gz┋20230316T035431.362896800┋    <Data Name="DriverName">cpu.inf</Data>
./logs/programs/evtx/Microsoft-Windows-Kernel-PnP__Configuration.evtx.gz┋20230316T035431.362896800┋    <Data Name="ClassGuid">50127DC3-0F36-415E-A6CC-4CB3BE910B65</Data>
./logs/programs/evtx/Microsoft-Windows-Kernel-PnP__Configuration.evtx.gz┋20230316T035431.362896800┋    <Data Name="ServiceName">AmdPPM</Data>
./logs/programs/evtx/Microsoft-Windows-Kernel-PnP__Configuration.evtx.gz┋20230316T035431.362896800┋    <Data Name="LowerFilters"></Data>
./logs/programs/evtx/Microsoft-Windows-Kernel-PnP__Configuration.evtx.gz┋20230316T035431.362896800┋    <Data Name="UpperFilters"></Data>
./logs/programs/evtx/Microsoft-Windows-Kernel-PnP__Configuration.evtx.gz┋20230316T035431.362896800┋    <Data Name="Problem">0x0</Data>
./logs/programs/evtx/Microsoft-Windows-Kernel-PnP__Configuration.evtx.gz┋20230316T035431.362896800┋    <Data Name="Status">0x0</Data>
./logs/programs/evtx/Microsoft-Windows-Kernel-PnP__Configuration.evtx.gz┋20230316T035431.362896800┋  </EventData>
./logs/programs/evtx/Microsoft-Windows-Kernel-PnP__Configuration.evtx.gz┋20230316T035431.362896800┋</Event>
⇳
./logs/programs/evtx/Microsoft-Windows-Kernel-PnP__Configuration.evtx.gz┋20230316T035431.362983400┋<?xml version="1.0" encoding="utf-8"?>
./logs/programs/evtx/Microsoft-Windows-Kernel-PnP__Configuration.evtx.gz┋20230316T035431.362983400┋<Event xmlns="http://schemas.microsoft.com/win/2004/08/events/event">
./logs/programs/evtx/Microsoft-Windows-Kernel-PnP__Configuration.evtx.gz┋20230316T035431.362983400┋  <System>
./logs/programs/evtx/Microsoft-Windows-Kernel-PnP__Configuration.evtx.gz┋20230316T035431.362983400┋    <Provider Name="Microsoft-Windows-Kernel-PnP" Guid="9C205A39-1250-487D-ABD7-E831C6290539">
./logs/programs/evtx/Microsoft-Windows-Kernel-PnP__Configuration.evtx.gz┋20230316T035431.362983400┋    </Provider>
./logs/programs/evtx/Microsoft-Windows-Kernel-PnP__Configuration.evtx.gz┋20230316T035431.362983400┋    <EventID>410</EventID>
./logs/programs/evtx/Microsoft-Windows-Kernel-PnP__Configuration.evtx.gz┋20230316T035431.362983400┋    <Version>0</Version>
./logs/programs/evtx/Microsoft-Windows-Kernel-PnP__Configuration.evtx.gz┋20230316T035431.362983400┋    <Level>4</Level>
./logs/programs/evtx/Microsoft-Windows-Kernel-PnP__Configuration.evtx.gz┋20230316T035431.362983400┋    <Task>0</Task>
./logs/programs/evtx/Microsoft-Windows-Kernel-PnP__Configuration.evtx.gz┋20230316T035431.362983400┋    <Opcode>0</Opcode>
./logs/programs/evtx/Microsoft-Windows-Kernel-PnP__Configuration.evtx.gz┋20230316T035431.362983400┋    <Keywords>0x4000000000000000</Keywords>
./logs/programs/evtx/Microsoft-Windows-Kernel-PnP__Configuration.evtx.gz┋20230316T035431.362983400┋    <TimeCreated SystemTime="2023-03-16T03:54:31.362983Z">
./logs/programs/evtx/Microsoft-Windows-Kernel-PnP__Configuration.evtx.gz┋20230316T035431.362983400┋    </TimeCreated>
./logs/programs/evtx/Microsoft-Windows-Kernel-PnP__Configuration.evtx.gz┋20230316T035431.362983400┋    <EventRecordID>198</EventRecordID>
./logs/programs/evtx/Microsoft-Windows-Kernel-PnP__Configuration.evtx.gz┋20230316T035431.362983400┋    <Correlation>
./logs/programs/evtx/Microsoft-Windows-Kernel-PnP__Configuration.evtx.gz┋20230316T035431.362983400┋    </Correlation>
./logs/programs/evtx/Microsoft-Windows-Kernel-PnP__Configuration.evtx.gz┋20230316T035431.362983400┋    <Execution ProcessID="4" ThreadID="312">
./logs/programs/evtx/Microsoft-Windows-Kernel-PnP__Configuration.evtx.gz┋20230316T035431.362983400┋    </Execution>
./logs/programs/evtx/Microsoft-Windows-Kernel-PnP__Configuration.evtx.gz┋20230316T035431.362983400┋    <Channel>Microsoft-Windows-Kernel-PnP/Configuration</Channel>
./logs/programs/evtx/Microsoft-Windows-Kernel-PnP__Configuration.evtx.gz┋20230316T035431.362983400┋    <Computer>b527c22f-097a-438f-904f-884ce1227bda</Computer>
./logs/programs/evtx/Microsoft-Windows-Kernel-PnP__Configuration.evtx.gz┋20230316T035431.362983400┋    <Security UserID="S-1-5-18">
./logs/programs/evtx/Microsoft-Windows-Kernel-PnP__Configuration.evtx.gz┋20230316T035431.362983400┋    </Security>
./logs/programs/evtx/Microsoft-Windows-Kernel-PnP__Configuration.evtx.gz┋20230316T035431.362983400┋  </System>
./logs/programs/evtx/Microsoft-Windows-Kernel-PnP__Configuration.evtx.gz┋20230316T035431.362983400┋  <EventData>
./logs/programs/evtx/Microsoft-Windows-Kernel-PnP__Configuration.evtx.gz┋20230316T035431.362983400┋    <Data Name="DeviceInstanceId">ACPI\AuthenticAMD_-_AMD64_Family_25_Model_97_-_AMD_Ryzen_7_7700X_8-Core_Processor_____________\d</Data>
./logs/programs/evtx/Microsoft-Windows-Kernel-PnP__Configuration.evtx.gz┋20230316T035431.362983400┋    <Data Name="DriverName">cpu.inf</Data>
./logs/programs/evtx/Microsoft-Windows-Kernel-PnP__Configuration.evtx.gz┋20230316T035431.362983400┋    <Data Name="ClassGuid">50127DC3-0F36-415E-A6CC-4CB3BE910B65</Data>
./logs/programs/evtx/Microsoft-Windows-Kernel-PnP__Configuration.evtx.gz┋20230316T035431.362983400┋    <Data Name="ServiceName">AmdPPM</Data>
./logs/programs/evtx/Microsoft-Windows-Kernel-PnP__Configuration.evtx.gz┋20230316T035431.362983400┋    <Data Name="LowerFilters"></Data>
./logs/programs/evtx/Microsoft-Windows-Kernel-PnP__Configuration.evtx.gz┋20230316T035431.362983400┋    <Data Name="UpperFilters"></Data>
./logs/programs/evtx/Microsoft-Windows-Kernel-PnP__Configuration.evtx.gz┋20230316T035431.362983400┋    <Data Name="Problem">0x0</Data>
./logs/programs/evtx/Microsoft-Windows-Kernel-PnP__Configuration.evtx.gz┋20230316T035431.362983400┋    <Data Name="Status">0x0</Data>
./logs/programs/evtx/Microsoft-Windows-Kernel-PnP__Configuration.evtx.gz┋20230316T035431.362983400┋  </EventData>
./logs/programs/evtx/Microsoft-Windows-Kernel-PnP__Configuration.evtx.gz┋20230316T035431.362983400┋</Event>
⇳
./logs/programs/evtx/Microsoft-Windows-Kernel-PnP__Configuration.evtx.gz┋20230316T035431.363072200┋<?xml version="1.0" encoding="utf-8"?>
./logs/programs/evtx/Microsoft-Windows-Kernel-PnP__Configuration.evtx.gz┋20230316T035431.363072200┋<Event xmlns="http://schemas.microsoft.com/win/2004/08/events/event">
./logs/programs/evtx/Microsoft-Windows-Kernel-PnP__Configuration.evtx.gz┋20230316T035431.363072200┋  <System>
./logs/programs/evtx/Microsoft-Windows-Kernel-PnP__Configuration.evtx.gz┋20230316T035431.363072200┋    <Provider Name="Microsoft-Windows-Kernel-PnP" Guid="9C205A39-1250-487D-ABD7-E831C6290539">
./logs/programs/evtx/Microsoft-Windows-Kernel-PnP__Configuration.evtx.gz┋20230316T035431.363072200┋    </Provider>
./logs/programs/evtx/Microsoft-Windows-Kernel-PnP__Configuration.evtx.gz┋20230316T035431.363072200┋    <EventID>410</EventID>
./logs/programs/evtx/Microsoft-Windows-Kernel-PnP__Configuration.evtx.gz┋20230316T035431.363072200┋    <Version>0</Version>
./logs/programs/evtx/Microsoft-Windows-Kernel-PnP__Configuration.evtx.gz┋20230316T035431.363072200┋    <Level>4</Level>
./logs/programs/evtx/Microsoft-Windows-Kernel-PnP__Configuration.evtx.gz┋20230316T035431.363072200┋    <Task>0</Task>
./logs/programs/evtx/Microsoft-Windows-Kernel-PnP__Configuration.evtx.gz┋20230316T035431.363072200┋    <Opcode>0</Opcode>
./logs/programs/evtx/Microsoft-Windows-Kernel-PnP__Configuration.evtx.gz┋20230316T035431.363072200┋    <Keywords>0x4000000000000000</Keywords>
./logs/programs/evtx/Microsoft-Windows-Kernel-PnP__Configuration.evtx.gz┋20230316T035431.363072200┋    <TimeCreated SystemTime="2023-03-16T03:54:31.363072Z">
./logs/programs/evtx/Microsoft-Windows-Kernel-PnP__Configuration.evtx.gz┋20230316T035431.363072200┋    </TimeCreated>
./logs/programs/evtx/Microsoft-Windows-Kernel-PnP__Configuration.evtx.gz┋20230316T035431.363072200┋    <EventRecordID>199</EventRecordID>
./logs/programs/evtx/Microsoft-Windows-Kernel-PnP__Configuration.evtx.gz┋20230316T035431.363072200┋    <Correlation>
./logs/programs/evtx/Microsoft-Windows-Kernel-PnP__Configuration.evtx.gz┋20230316T035431.363072200┋    </Correlation>
./logs/programs/evtx/Microsoft-Windows-Kernel-PnP__Configuration.evtx.gz┋20230316T035431.363072200┋    <Execution ProcessID="4" ThreadID="312">
./logs/programs/evtx/Microsoft-Windows-Kernel-PnP__Configuration.evtx.gz┋20230316T035431.363072200┋    </Execution>
./logs/programs/evtx/Microsoft-Windows-Kernel-PnP__Configuration.evtx.gz┋20230316T035431.363072200┋    <Channel>Microsoft-Windows-Kernel-PnP/Configuration</Channel>
./logs/programs/evtx/Microsoft-Windows-Kernel-PnP__Configuration.evtx.gz┋20230316T035431.363072200┋    <Computer>b527c22f-097a-438f-904f-884ce1227bda</Computer>
./logs/programs/evtx/Microsoft-Windows-Kernel-PnP__Configuration.evtx.gz┋20230316T035431.363072200┋    <Security UserID="S-1-5-18">
./logs/programs/evtx/Microsoft-Windows-Kernel-PnP__Configuration.evtx.gz┋20230316T035431.363072200┋    </Security>
./logs/programs/evtx/Microsoft-Windows-Kernel-PnP__Configuration.evtx.gz┋20230316T035431.363072200┋  </System>
./logs/programs/evtx/Microsoft-Windows-Kernel-PnP__Configuration.evtx.gz┋20230316T035431.363072200┋  <EventData>
./logs/programs/evtx/Microsoft-Windows-Kernel-PnP__Configuration.evtx.gz┋20230316T035431.363072200┋    <Data Name="DeviceInstanceId">ACPI\AuthenticAMD_-_AMD64_Family_25_Model_97_-_AMD_Ryzen_7_7700X_8-Core_Processor_____________\e</Data>
./logs/programs/evtx/Microsoft-Windows-Kernel-PnP__Configuration.evtx.gz┋20230316T035431.363072200┋    <Data Name="DriverName">cpu.inf</Data>
./logs/programs/evtx/Microsoft-Windows-Kernel-PnP__Configuration.evtx.gz┋20230316T035431.363072200┋    <Data Name="ClassGuid">50127DC3-0F36-415E-A6CC-4CB3BE910B65</Data>
./logs/programs/evtx/Microsoft-Windows-Kernel-PnP__Configuration.evtx.gz┋20230316T035431.363072200┋    <Data Name="ServiceName">AmdPPM</Data>
./logs/programs/evtx/Microsoft-Windows-Kernel-PnP__Configuration.evtx.gz┋20230316T035431.363072200┋    <Data Name="LowerFilters"></Data>
./logs/programs/evtx/Microsoft-Windows-Kernel-PnP__Configuration.evtx.gz┋20230316T035431.363072200┋    <Data Name="UpperFilters"></Data>
./logs/programs/evtx/Microsoft-Windows-Kernel-PnP__Configuration.evtx.gz┋20230316T035431.363072200┋    <Data Name="Problem">0x0</Data>
./logs/programs/evtx/Microsoft-Windows-Kernel-PnP__Configuration.evtx.gz┋20230316T035431.363072200┋    <Data Name="Status">0x0</Data>
./logs/programs/evtx/Microsoft-Windows-Kernel-PnP__Configuration.evtx.gz┋20230316T035431.363072200┋  </EventData>
./logs/programs/evtx/Microsoft-Windows-Kernel-PnP__Configuration.evtx.gz┋20230316T035431.363072200┋</Event>
⇳
./logs/programs/evtx/Microsoft-Windows-Kernel-PnP__Configuration.evtx.gz┋20230316T035431.363155800┋<?xml version="1.0" encoding="utf-8"?>
./logs/programs/evtx/Microsoft-Windows-Kernel-PnP__Configuration.evtx.gz┋20230316T035431.363155800┋<Event xmlns="http://schemas.microsoft.com/win/2004/08/events/event">
./logs/programs/evtx/Microsoft-Windows-Kernel-PnP__Configuration.evtx.gz┋20230316T035431.363155800┋  <System>
./logs/programs/evtx/Microsoft-Windows-Kernel-PnP__Configuration.evtx.gz┋20230316T035431.363155800┋    <Provider Name="Microsoft-Windows-Kernel-PnP" Guid="9C205A39-1250-487D-ABD7-E831C6290539">
./logs/programs/evtx/Microsoft-Windows-Kernel-PnP__Configuration.evtx.gz┋20230316T035431.363155800┋    </Provider>
./logs/programs/evtx/Microsoft-Windows-Kernel-PnP__Configuration.evtx.gz┋20230316T035431.363155800┋    <EventID>410</EventID>
./logs/programs/evtx/Microsoft-Windows-Kernel-PnP__Configuration.evtx.gz┋20230316T035431.363155800┋    <Version>0</Version>
./logs/programs/evtx/Microsoft-Windows-Kernel-PnP__Configuration.evtx.gz┋20230316T035431.363155800┋    <Level>4</Level>
./logs/programs/evtx/Microsoft-Windows-Kernel-PnP__Configuration.evtx.gz┋20230316T035431.363155800┋    <Task>0</Task>
./logs/programs/evtx/Microsoft-Windows-Kernel-PnP__Configuration.evtx.gz┋20230316T035431.363155800┋    <Opcode>0</Opcode>
./logs/programs/evtx/Microsoft-Windows-Kernel-PnP__Configuration.evtx.gz┋20230316T035431.363155800┋    <Keywords>0x4000000000000000</Keywords>
./logs/programs/evtx/Microsoft-Windows-Kernel-PnP__Configuration.evtx.gz┋20230316T035431.363155800┋    <TimeCreated SystemTime="2023-03-16T03:54:31.363155Z">
./logs/programs/evtx/Microsoft-Windows-Kernel-PnP__Configuration.evtx.gz┋20230316T035431.363155800┋    </TimeCreated>
./logs/programs/evtx/Microsoft-Windows-Kernel-PnP__Configuration.evtx.gz┋20230316T035431.363155800┋    <EventRecordID>200</EventRecordID>
./logs/programs/evtx/Microsoft-Windows-Kernel-PnP__Configuration.evtx.gz┋20230316T035431.363155800┋    <Correlation>
./logs/programs/evtx/Microsoft-Windows-Kernel-PnP__Configuration.evtx.gz┋20230316T035431.363155800┋    </Correlation>
./logs/programs/evtx/Microsoft-Windows-Kernel-PnP__Configuration.evtx.gz┋20230316T035431.363155800┋    <Execution ProcessID="4" ThreadID="312">
./logs/programs/evtx/Microsoft-Windows-Kernel-PnP__Configuration.evtx.gz┋20230316T035431.363155800┋    </Execution>
./logs/programs/evtx/Microsoft-Windows-Kernel-PnP__Configuration.evtx.gz┋20230316T035431.363155800┋    <Channel>Microsoft-Windows-Kernel-PnP/Configuration</Channel>
./logs/programs/evtx/Microsoft-Windows-Kernel-PnP__Configuration.evtx.gz┋20230316T035431.363155800┋    <Computer>b527c22f-097a-438f-904f-884ce1227bda</Computer>
./logs/programs/evtx/Microsoft-Windows-Kernel-PnP__Configuration.evtx.gz┋20230316T035431.363155800┋    <Security UserID="S-1-5-18">
./logs/programs/evtx/Microsoft-Windows-Kernel-PnP__Configuration.evtx.gz┋20230316T035431.363155800┋    </Security>
./logs/programs/evtx/Microsoft-Windows-Kernel-PnP__Configuration.evtx.gz┋20230316T035431.363155800┋  </System>
./logs/programs/evtx/Microsoft-Windows-Kernel-PnP__Configuration.evtx.gz┋20230316T035431.363155800┋  <EventData>
./logs/programs/evtx/Microsoft-Windows-Kernel-PnP__Configuration.evtx.gz┋20230316T035431.363155800┋    <Data Name="DeviceInstanceId">ACPI\AuthenticAMD_-_AMD64_Family_25_Model_97_-_AMD_Ryzen_7_7700X_8-Core_Processor_____________\f</Data>
./logs/programs/evtx/Microsoft-Windows-Kernel-PnP__Configuration.evtx.gz┋20230316T035431.363155800┋    <Data Name="DriverName">cpu.inf</Data>
./logs/programs/evtx/Microsoft-Windows-Kernel-PnP__Configuration.evtx.gz┋20230316T035431.363155800┋    <Data Name="ClassGuid">50127DC3-0F36-415E-A6CC-4CB3BE910B65</Data>
./logs/programs/evtx/Microsoft-Windows-Kernel-PnP__Configuration.evtx.gz┋20230316T035431.363155800┋    <Data Name="ServiceName">AmdPPM</Data>
./logs/programs/evtx/Microsoft-Windows-Kernel-PnP__Configuration.evtx.gz┋20230316T035431.363155800┋    <Data Name="LowerFilters"></Data>
./logs/programs/evtx/Microsoft-Windows-Kernel-PnP__Configuration.evtx.gz┋20230316T035431.363155800┋    <Data Name="UpperFilters"></Data>
./logs/programs/evtx/Microsoft-Windows-Kernel-PnP__Configuration.evtx.gz┋20230316T035431.363155800┋    <Data Name="Problem">0x0</Data>
./logs/programs/evtx/Microsoft-Windows-Kernel-PnP__Configuration.evtx.gz┋20230316T035431.363155800┋    <Data Name="Status">0x0</Data>
./logs/programs/evtx/Microsoft-Windows-Kernel-PnP__Configuration.evtx.gz┋20230316T035431.363155800┋  </EventData>
./logs/programs/evtx/Microsoft-Windows-Kernel-PnP__Configuration.evtx.gz┋20230316T035431.363155800┋</Event>
⇳
./logs/programs/evtx/Microsoft-Windows-Kernel-PnP__Configuration.evtx.gz┋20230316T035431.363266700┋<?xml version="1.0" encoding="utf-8"?>
./logs/programs/evtx/Microsoft-Windows-Kernel-PnP__Configuration.evtx.gz┋20230316T035431.363266700┋<Event xmlns="http://schemas.microsoft.com/win/2004/08/events/event">
./logs/programs/evtx/Microsoft-Windows-Kernel-PnP__Configuration.evtx.gz┋20230316T035431.363266700┋  <System>
./logs/programs/evtx/Microsoft-Windows-Kernel-PnP__Configuration.evtx.gz┋20230316T035431.363266700┋    <Provider Name="Microsoft-Windows-Kernel-PnP" Guid="9C205A39-1250-487D-ABD7-E831C6290539">
./logs/programs/evtx/Microsoft-Windows-Kernel-PnP__Configuration.evtx.gz┋20230316T035431.363266700┋    </Provider>
./logs/programs/evtx/Microsoft-Windows-Kernel-PnP__Configuration.evtx.gz┋20230316T035431.363266700┋    <EventID>410</EventID>
./logs/programs/evtx/Microsoft-Windows-Kernel-PnP__Configuration.evtx.gz┋20230316T035431.363266700┋    <Version>0</Version>
./logs/programs/evtx/Microsoft-Windows-Kernel-PnP__Configuration.evtx.gz┋20230316T035431.363266700┋    <Level>4</Level>
./logs/programs/evtx/Microsoft-Windows-Kernel-PnP__Configuration.evtx.gz┋20230316T035431.363266700┋    <Task>0</Task>
./logs/programs/evtx/Microsoft-Windows-Kernel-PnP__Configuration.evtx.gz┋20230316T035431.363266700┋    <Opcode>0</Opcode>
./logs/programs/evtx/Microsoft-Windows-Kernel-PnP__Configuration.evtx.gz┋20230316T035431.363266700┋    <Keywords>0x4000000000000000</Keywords>
./logs/programs/evtx/Microsoft-Windows-Kernel-PnP__Configuration.evtx.gz┋20230316T035431.363266700┋    <TimeCreated SystemTime="2023-03-16T03:54:31.363266Z">
./logs/programs/evtx/Microsoft-Windows-Kernel-PnP__Configuration.evtx.gz┋20230316T035431.363266700┋    </TimeCreated>
./logs/programs/evtx/Microsoft-Windows-Kernel-PnP__Configuration.evtx.gz┋20230316T035431.363266700┋    <EventRecordID>201</EventRecordID>
