./logs/programs/evtx/Microsoft-Windows-Kernel-PnP__Configuration.evtxâ”‹20230310T034943.767693000â”‹    <Correlation>
./logs/programs/evtx/Microsoft-Windows-Kernel-PnP__Configuration.evtxâ”‹20230310T034943.767693000â”‹    </Correlation>
./logs/programs/evtx/Microsoft-Windows-Kernel-PnP__Configuration.evtxâ”‹20230310T034943.767693000â”‹    <Execution ProcessID="4" ThreadID="8">
./logs/programs/evtx/Microsoft-Windows-Kernel-PnP__Configuration.evtxâ”‹20230310T034943.767693000â”‹    </Execution>
./logs/programs/evtx/Microsoft-Windows-Kernel-PnP__Configuration.evtxâ”‹20230310T034943.767693000â”‹    <Channel>Microsoft-Windows-Kernel-PnP/Configuration</Channel>
./logs/programs/evtx/Microsoft-Windows-Kernel-PnP__Configuration.evtxâ”‹20230310T034943.767693000â”‹    <Computer>minwinpc</Computer>
./logs/programs/evtx/Microsoft-Windows-Kernel-PnP__Configuration.evtxâ”‹20230310T034943.767693000â”‹    <Security UserID="S-1-5-18">
./logs/programs/evtx/Microsoft-Windows-Kernel-PnP__Configuration.evtxâ”‹20230310T034943.767693000â”‹    </Security>
./logs/programs/evtx/Microsoft-Windows-Kernel-PnP__Configuration.evtxâ”‹20230310T034943.767693000â”‹  </System>
./logs/programs/evtx/Microsoft-Windows-Kernel-PnP__Configuration.evtxâ”‹20230310T034943.767693000â”‹  <EventData>
./logs/programs/evtx/Microsoft-Windows-Kernel-PnP__Configuration.evtxâ”‹20230310T034943.767693000â”‹    <Data Name="DeviceInstanceId">ACPI\GenuineIntel_-_Intel64_Family_6_Model_79_-_Intel(R)_Xeon(R)_CPU_E5-2697_v4_@_2.30GHz\b</Data>
./logs/programs/evtx/Microsoft-Windows-Kernel-PnP__Configuration.evtxâ”‹20230310T034943.767693000â”‹    <Data Name="DriverName">cpu.inf</Data>
./logs/programs/evtx/Microsoft-Windows-Kernel-PnP__Configuration.evtxâ”‹20230310T034943.767693000â”‹    <Data Name="ClassGuid">50127DC3-0F36-415E-A6CC-4CB3BE910B65</Data>
./logs/programs/evtx/Microsoft-Windows-Kernel-PnP__Configuration.evtxâ”‹20230310T034943.767693000â”‹    <Data Name="DriverDate">04/21/2009</Data>
./logs/programs/evtx/Microsoft-Windows-Kernel-PnP__Configuration.evtxâ”‹20230310T034943.767693000â”‹    <Data Name="DriverVersion">10.0.22621.1413</Data>
./logs/programs/evtx/Microsoft-Windows-Kernel-PnP__Configuration.evtxâ”‹20230310T034943.767693000â”‹    <Data Name="DriverProvider">Microsoft</Data>
./logs/programs/evtx/Microsoft-Windows-Kernel-PnP__Configuration.evtxâ”‹20230310T034943.767693000â”‹    <Data Name="DriverInbox">true</Data>
./logs/programs/evtx/Microsoft-Windows-Kernel-PnP__Configuration.evtxâ”‹20230310T034943.767693000â”‹    <Data Name="DriverSection">IntelPPM_Inst.NT</Data>
./logs/programs/evtx/Microsoft-Windows-Kernel-PnP__Configuration.evtxâ”‹20230310T034943.767693000â”‹    <Data Name="DriverRank">0xff0005</Data>
./logs/programs/evtx/Microsoft-Windows-Kernel-PnP__Configuration.evtxâ”‹20230310T034943.767693000â”‹    <Data Name="MatchingDeviceId">ACPI\GenuineIntel_-_Intel64</Data>
./logs/programs/evtx/Microsoft-Windows-Kernel-PnP__Configuration.evtxâ”‹20230310T034943.767693000â”‹    <Data Name="OutrankedDrivers">cpu.inf:ACPI\Processor:00FF2000</Data>
./logs/programs/evtx/Microsoft-Windows-Kernel-PnP__Configuration.evtxâ”‹20230310T034943.767693000â”‹    <Data Name="DeviceUpdated">false</Data>
./logs/programs/evtx/Microsoft-Windows-Kernel-PnP__Configuration.evtxâ”‹20230310T034943.767693000â”‹    <Data Name="Status">0x0</Data>
./logs/programs/evtx/Microsoft-Windows-Kernel-PnP__Configuration.evtxâ”‹20230310T034943.767693000â”‹    <Data Name="ParentDeviceInstanceId">ACPI_HAL\PNP0C08\0</Data>
./logs/programs/evtx/Microsoft-Windows-Kernel-PnP__Configuration.evtxâ”‹20230310T034943.767693000â”‹  </EventData>
./logs/programs/evtx/Microsoft-Windows-Kernel-PnP__Configuration.evtxâ”‹20230310T034943.767693000â”‹</Event>
â‡ł
./logs/programs/evtx/Microsoft-Windows-Kernel-PnP__Configuration.evtxâ”‹20230310T034943.773596000â”‹<?xml version="1.0" encoding="utf-8"?>
./logs/programs/evtx/Microsoft-Windows-Kernel-PnP__Configuration.evtxâ”‹20230310T034943.773596000â”‹<Event xmlns="http://schemas.microsoft.com/win/2004/08/events/event">
./logs/programs/evtx/Microsoft-Windows-Kernel-PnP__Configuration.evtxâ”‹20230310T034943.773596000â”‹  <System>
./logs/programs/evtx/Microsoft-Windows-Kernel-PnP__Configuration.evtxâ”‹20230310T034943.773596000â”‹    <Provider Name="Microsoft-Windows-Kernel-PnP" Guid="9C205A39-1250-487D-ABD7-E831C6290539">
./logs/programs/evtx/Microsoft-Windows-Kernel-PnP__Configuration.evtxâ”‹20230310T034943.773596000â”‹    </Provider>
./logs/programs/evtx/Microsoft-Windows-Kernel-PnP__Configuration.evtxâ”‹20230310T034943.773596000â”‹    <EventID>400</EventID>
./logs/programs/evtx/Microsoft-Windows-Kernel-PnP__Configuration.evtxâ”‹20230310T034943.773596000â”‹    <Version>0</Version>
./logs/programs/evtx/Microsoft-Windows-Kernel-PnP__Configuration.evtxâ”‹20230310T034943.773596000â”‹    <Level>4</Level>
./logs/programs/evtx/Microsoft-Windows-Kernel-PnP__Configuration.evtxâ”‹20230310T034943.773596000â”‹    <Task>0</Task>
./logs/programs/evtx/Microsoft-Windows-Kernel-PnP__Configuration.evtxâ”‹20230310T034943.773596000â”‹    <Opcode>0</Opcode>
./logs/programs/evtx/Microsoft-Windows-Kernel-PnP__Configuration.evtxâ”‹20230310T034943.773596000â”‹    <Keywords>0x4000000000000000</Keywords>
./logs/programs/evtx/Microsoft-Windows-Kernel-PnP__Configuration.evtxâ”‹20230310T034943.773596000â”‹    <TimeCreated SystemTime="2023-03-10T03:49:43.773596Z">
./logs/programs/evtx/Microsoft-Windows-Kernel-PnP__Configuration.evtxâ”‹20230310T034943.773596000â”‹    </TimeCreated>
./logs/programs/evtx/Microsoft-Windows-Kernel-PnP__Configuration.evtxâ”‹20230310T034943.773596000â”‹    <EventRecordID>19</EventRecordID>
./logs/programs/evtx/Microsoft-Windows-Kernel-PnP__Configuration.evtxâ”‹20230310T034943.773596000â”‹    <Correlation>
./logs/programs/evtx/Microsoft-Windows-Kernel-PnP__Configuration.evtxâ”‹20230310T034943.773596000â”‹    </Correlation>
./logs/programs/evtx/Microsoft-Windows-Kernel-PnP__Configuration.evtxâ”‹20230310T034943.773596000â”‹    <Execution ProcessID="4" ThreadID="8">
./logs/programs/evtx/Microsoft-Windows-Kernel-PnP__Configuration.evtxâ”‹20230310T034943.773596000â”‹    </Execution>
./logs/programs/evtx/Microsoft-Windows-Kernel-PnP__Configuration.evtxâ”‹20230310T034943.773596000â”‹    <Channel>Microsoft-Windows-Kernel-PnP/Configuration</Channel>
./logs/programs/evtx/Microsoft-Windows-Kernel-PnP__Configuration.evtxâ”‹20230310T034943.773596000â”‹    <Computer>minwinpc</Computer>
./logs/programs/evtx/Microsoft-Windows-Kernel-PnP__Configuration.evtxâ”‹20230310T034943.773596000â”‹    <Security UserID="S-1-5-18">
./logs/programs/evtx/Microsoft-Windows-Kernel-PnP__Configuration.evtxâ”‹20230310T034943.773596000â”‹    </Security>
./logs/programs/evtx/Microsoft-Windows-Kernel-PnP__Configuration.evtxâ”‹20230310T034943.773596000â”‹  </System>
./logs/programs/evtx/Microsoft-Windows-Kernel-PnP__Configuration.evtxâ”‹20230310T034943.773596000â”‹  <EventData>
./logs/programs/evtx/Microsoft-Windows-Kernel-PnP__Configuration.evtxâ”‹20230310T034943.773596000â”‹    <Data Name="DeviceInstanceId">ACPI\GenuineIntel_-_Intel64_Family_6_Model_79_-_Intel(R)_Xeon(R)_CPU_E5-2697_v4_@_2.30GHz\c</Data>
./logs/programs/evtx/Microsoft-Windows-Kernel-PnP__Configuration.evtxâ”‹20230310T034943.773596000â”‹    <Data Name="DriverName">cpu.inf</Data>
./logs/programs/evtx/Microsoft-Windows-Kernel-PnP__Configuration.evtxâ”‹20230310T034943.773596000â”‹    <Data Name="ClassGuid">50127DC3-0F36-415E-A6CC-4CB3BE910B65</Data>
./logs/programs/evtx/Microsoft-Windows-Kernel-PnP__Configuration.evtxâ”‹20230310T034943.773596000â”‹    <Data Name="DriverDate">04/21/2009</Data>
./logs/programs/evtx/Microsoft-Windows-Kernel-PnP__Configuration.evtxâ”‹20230310T034943.773596000â”‹    <Data Name="DriverVersion">10.0.22621.1413</Data>
./logs/programs/evtx/Microsoft-Windows-Kernel-PnP__Configuration.evtxâ”‹20230310T034943.773596000â”‹    <Data Name="DriverProvider">Microsoft</Data>
./logs/programs/evtx/Microsoft-Windows-Kernel-PnP__Configuration.evtxâ”‹20230310T034943.773596000â”‹    <Data Name="DriverInbox">true</Data>
./logs/programs/evtx/Microsoft-Windows-Kernel-PnP__Configuration.evtxâ”‹20230310T034943.773596000â”‹    <Data Name="DriverSection">IntelPPM_Inst.NT</Data>
./logs/programs/evtx/Microsoft-Windows-Kernel-PnP__Configuration.evtxâ”‹20230310T034943.773596000â”‹    <Data Name="DriverRank">0xff0005</Data>
./logs/programs/evtx/Microsoft-Windows-Kernel-PnP__Configuration.evtxâ”‹20230310T034943.773596000â”‹    <Data Name="MatchingDeviceId">ACPI\GenuineIntel_-_Intel64</Data>
./logs/programs/evtx/Microsoft-Windows-Kernel-PnP__Configuration.evtxâ”‹20230310T034943.773596000â”‹    <Data Name="OutrankedDrivers">cpu.inf:ACPI\Processor:00FF2000</Data>
./logs/programs/evtx/Microsoft-Windows-Kernel-PnP__Configuration.evtxâ”‹20230310T034943.773596000â”‹    <Data Name="DeviceUpdated">false</Data>
./logs/programs/evtx/Microsoft-Windows-Kernel-PnP__Configuration.evtxâ”‹20230310T034943.773596000â”‹    <Data Name="Status">0x0</Data>
./logs/programs/evtx/Microsoft-Windows-Kernel-PnP__Configuration.evtxâ”‹20230310T034943.773596000â”‹    <Data Name="ParentDeviceInstanceId">ACPI_HAL\PNP0C08\0</Data>
./logs/programs/evtx/Microsoft-Windows-Kernel-PnP__Configuration.evtxâ”‹20230310T034943.773596000â”‹  </EventData>
./logs/programs/evtx/Microsoft-Windows-Kernel-PnP__Configuration.evtxâ”‹20230310T034943.773596000â”‹</Event>
â‡ł
./logs/programs/evtx/Microsoft-Windows-Kernel-PnP__Configuration.evtxâ”‹20230310T034943.779510000â”‹<?xml version="1.0" encoding="utf-8"?>
./logs/programs/evtx/Microsoft-Windows-Kernel-PnP__Configuration.evtxâ”‹20230310T034943.779510000â”‹<Event xmlns="http://schemas.microsoft.com/win/2004/08/events/event">
./logs/programs/evtx/Microsoft-Windows-Kernel-PnP__Configuration.evtxâ”‹20230310T034943.779510000â”‹  <System>
./logs/programs/evtx/Microsoft-Windows-Kernel-PnP__Configuration.evtxâ”‹20230310T034943.779510000â”‹    <Provider Name="Microsoft-Windows-Kernel-PnP" Guid="9C205A39-1250-487D-ABD7-E831C6290539">
./logs/programs/evtx/Microsoft-Windows-Kernel-PnP__Configuration.evtxâ”‹20230310T034943.779510000â”‹    </Provider>
./logs/programs/evtx/Microsoft-Windows-Kernel-PnP__Configuration.evtxâ”‹20230310T034943.779510000â”‹    <EventID>400</EventID>
./logs/programs/evtx/Microsoft-Windows-Kernel-PnP__Configuration.evtxâ”‹20230310T034943.779510000â”‹    <Version>0</Version>
./logs/programs/evtx/Microsoft-Windows-Kernel-PnP__Configuration.evtxâ”‹20230310T034943.779510000â”‹    <Level>4</Level>
./logs/programs/evtx/Microsoft-Windows-Kernel-PnP__Configuration.evtxâ”‹20230310T034943.779510000â”‹    <Task>0</Task>
./logs/programs/evtx/Microsoft-Windows-Kernel-PnP__Configuration.evtxâ”‹20230310T034943.779510000â”‹    <Opcode>0</Opcode>
./logs/programs/evtx/Microsoft-Windows-Kernel-PnP__Configuration.evtxâ”‹20230310T034943.779510000â”‹    <Keywords>0x4000000000000000</Keywords>
./logs/programs/evtx/Microsoft-Windows-Kernel-PnP__Configuration.evtxâ”‹20230310T034943.779510000â”‹    <TimeCreated SystemTime="2023-03-10T03:49:43.779510Z">
./logs/programs/evtx/Microsoft-Windows-Kernel-PnP__Configuration.evtxâ”‹20230310T034943.779510000â”‹    </TimeCreated>
./logs/programs/evtx/Microsoft-Windows-Kernel-PnP__Configuration.evtxâ”‹20230310T034943.779510000â”‹    <EventRecordID>20</EventRecordID>
./logs/programs/evtx/Microsoft-Windows-Kernel-PnP__Configuration.evtxâ”‹20230310T034943.779510000â”‹    <Correlation>
./logs/programs/evtx/Microsoft-Windows-Kernel-PnP__Configuration.evtxâ”‹20230310T034943.779510000â”‹    </Correlation>
./logs/programs/evtx/Microsoft-Windows-Kernel-PnP__Configuration.evtxâ”‹20230310T034943.779510000â”‹    <Execution ProcessID="4" ThreadID="8">
./logs/programs/evtx/Microsoft-Windows-Kernel-PnP__Configuration.evtxâ”‹20230310T034943.779510000â”‹    </Execution>
./logs/programs/evtx/Microsoft-Windows-Kernel-PnP__Configuration.evtxâ”‹20230310T034943.779510000â”‹    <Channel>Microsoft-Windows-Kernel-PnP/Configuration</Channel>
./logs/programs/evtx/Microsoft-Windows-Kernel-PnP__Configuration.evtxâ”‹20230310T034943.779510000â”‹    <Computer>minwinpc</Computer>
./logs/programs/evtx/Microsoft-Windows-Kernel-PnP__Configuration.evtxâ”‹20230310T034943.779510000â”‹    <Security UserID="S-1-5-18">
./logs/programs/evtx/Microsoft-Windows-Kernel-PnP__Configuration.evtxâ”‹20230310T034943.779510000â”‹    </Security>
./logs/programs/evtx/Microsoft-Windows-Kernel-PnP__Configuration.evtxâ”‹20230310T034943.779510000â”‹  </System>
./logs/programs/evtx/Microsoft-Windows-Kernel-PnP__Configuration.evtxâ”‹20230310T034943.779510000â”‹  <EventData>
./logs/programs/evtx/Microsoft-Windows-Kernel-PnP__Configuration.evtxâ”‹20230310T034943.779510000â”‹    <Data Name="DeviceInstanceId">ACPI\GenuineIntel_-_Intel64_Family_6_Model_79_-_Intel(R)_Xeon(R)_CPU_E5-2697_v4_@_2.30GHz\d</Data>
./logs/programs/evtx/Microsoft-Windows-Kernel-PnP__Configuration.evtxâ”‹20230310T034943.779510000â”‹    <Data Name="DriverName">cpu.inf</Data>
./logs/programs/evtx/Microsoft-Windows-Kernel-PnP__Configuration.evtxâ”‹20230310T034943.779510000â”‹    <Data Name="ClassGuid">50127DC3-0F36-415E-A6CC-4CB3BE910B65</Data>
./logs/programs/evtx/Microsoft-Windows-Kernel-PnP__Configuration.evtxâ”‹20230310T034943.779510000â”‹    <Data Name="DriverDate">04/21/2009</Data>
./logs/programs/evtx/Microsoft-Windows-Kernel-PnP__Configuration.evtxâ”‹20230310T034943.779510000â”‹    <Data Name="DriverVersion">10.0.22621.1413</Data>
./logs/programs/evtx/Microsoft-Windows-Kernel-PnP__Configuration.evtxâ”‹20230310T034943.779510000â”‹    <Data Name="DriverProvider">Microsoft</Data>
./logs/programs/evtx/Microsoft-Windows-Kernel-PnP__Configuration.evtxâ”‹20230310T034943.779510000â”‹    <Data Name="DriverInbox">true</Data>
./logs/programs/evtx/Microsoft-Windows-Kernel-PnP__Configuration.evtxâ”‹20230310T034943.779510000â”‹    <Data Name="DriverSection">IntelPPM_Inst.NT</Data>
./logs/programs/evtx/Microsoft-Windows-Kernel-PnP__Configuration.evtxâ”‹20230310T034943.779510000â”‹    <Data Name="DriverRank">0xff0005</Data>
./logs/programs/evtx/Microsoft-Windows-Kernel-PnP__Configuration.evtxâ”‹20230310T034943.779510000â”‹    <Data Name="MatchingDeviceId">ACPI\GenuineIntel_-_Intel64</Data>
./logs/programs/evtx/Microsoft-Windows-Kernel-PnP__Configuration.evtxâ”‹20230310T034943.779510000â”‹    <Data Name="OutrankedDrivers">cpu.inf:ACPI\Processor:00FF2000</Data>
./logs/programs/evtx/Microsoft-Windows-Kernel-PnP__Configuration.evtxâ”‹20230310T034943.779510000â”‹    <Data Name="DeviceUpdated">false</Data>
./logs/programs/evtx/Microsoft-Windows-Kernel-PnP__Configuration.evtxâ”‹20230310T034943.779510000â”‹    <Data Name="Status">0x0</Data>
./logs/programs/evtx/Microsoft-Windows-Kernel-PnP__Configuration.evtxâ”‹20230310T034943.779510000â”‹    <Data Name="ParentDeviceInstanceId">ACPI_HAL\PNP0C08\0</Data>
./logs/programs/evtx/Microsoft-Windows-Kernel-PnP__Configuration.evtxâ”‹20230310T034943.779510000â”‹  </EventData>
./logs/programs/evtx/Microsoft-Windows-Kernel-PnP__Configuration.evtxâ”‹20230310T034943.779510000â”‹</Event>
â‡ł
./logs/programs/evtx/Microsoft-Windows-Kernel-PnP__Configuration.evtxâ”‹20230310T034943.785471000â”‹<?xml version="1.0" encoding="utf-8"?>
./logs/programs/evtx/Microsoft-Windows-Kernel-PnP__Configuration.evtxâ”‹20230310T034943.785471000â”‹<Event xmlns="http://schemas.microsoft.com/win/2004/08/events/event">
./logs/programs/evtx/Microsoft-Windows-Kernel-PnP__Configuration.evtxâ”‹20230310T034943.785471000â”‹  <System>
./logs/programs/evtx/Microsoft-Windows-Kernel-PnP__Configuration.evtxâ”‹20230310T034943.785471000â”‹    <Provider Name="Microsoft-Windows-Kernel-PnP" Guid="9C205A39-1250-487D-ABD7-E831C6290539">
./logs/programs/evtx/Microsoft-Windows-Kernel-PnP__Configuration.evtxâ”‹20230310T034943.785471000â”‹    </Provider>
./logs/programs/evtx/Microsoft-Windows-Kernel-PnP__Configuration.evtxâ”‹20230310T034943.785471000â”‹    <EventID>400</EventID>
./logs/programs/evtx/Microsoft-Windows-Kernel-PnP__Configuration.evtxâ”‹20230310T034943.785471000â”‹    <Version>0</Version>
./logs/programs/evtx/Microsoft-Windows-Kernel-PnP__Configuration.evtxâ”‹20230310T034943.785471000â”‹    <Level>4</Level>
./logs/programs/evtx/Microsoft-Windows-Kernel-PnP__Configuration.evtxâ”‹20230310T034943.785471000â”‹    <Task>0</Task>
./logs/programs/evtx/Microsoft-Windows-Kernel-PnP__Configuration.evtxâ”‹20230310T034943.785471000â”‹    <Opcode>0</Opcode>
./logs/programs/evtx/Microsoft-Windows-Kernel-PnP__Configuration.evtxâ”‹20230310T034943.785471000â”‹    <Keywords>0x4000000000000000</Keywords>
./logs/programs/evtx/Microsoft-Windows-Kernel-PnP__Configuration.evtxâ”‹20230310T034943.785471000â”‹    <TimeCreated SystemTime="2023-03-10T03:49:43.785471Z">
./logs/programs/evtx/Microsoft-Windows-Kernel-PnP__Configuration.evtxâ”‹20230310T034943.785471000â”‹    </TimeCreated>
./logs/programs/evtx/Microsoft-Windows-Kernel-PnP__Configuration.evtxâ”‹20230310T034943.785471000â”‹    <EventRecordID>21</EventRecordID>
./logs/programs/evtx/Microsoft-Windows-Kernel-PnP__Configuration.evtxâ”‹20230310T034943.785471000â”‹    <Correlation>
./logs/programs/evtx/Microsoft-Windows-Kernel-PnP__Configuration.evtxâ”‹20230310T034943.785471000â”‹    </Correlation>
./logs/programs/evtx/Microsoft-Windows-Kernel-PnP__Configuration.evtxâ”‹20230310T034943.785471000â”‹    <Execution ProcessID="4" ThreadID="8">
./logs/programs/evtx/Microsoft-Windows-Kernel-PnP__Configuration.evtxâ”‹20230310T034943.785471000â”‹    </Execution>
./logs/programs/evtx/Microsoft-Windows-Kernel-PnP__Configuration.evtxâ”‹20230310T034943.785471000â”‹    <Channel>Microsoft-Windows-Kernel-PnP/Configuration</Channel>
./logs/programs/evtx/Microsoft-Windows-Kernel-PnP__Configuration.evtxâ”‹20230310T034943.785471000â”‹    <Computer>minwinpc</Computer>
./logs/programs/evtx/Microsoft-Windows-Kernel-PnP__Configuration.evtxâ”‹20230310T034943.785471000â”‹    <Security UserID="S-1-5-18">
./logs/programs/evtx/Microsoft-Windows-Kernel-PnP__Configuration.evtxâ”‹20230310T034943.785471000â”‹    </Security>
./logs/programs/evtx/Microsoft-Windows-Kernel-PnP__Configuration.evtxâ”‹20230310T034943.785471000â”‹  </System>
./logs/programs/evtx/Microsoft-Windows-Kernel-PnP__Configuration.evtxâ”‹20230310T034943.785471000â”‹  <EventData>
./logs/programs/evtx/Microsoft-Windows-Kernel-PnP__Configuration.evtxâ”‹20230310T034943.785471000â”‹    <Data Name="DeviceInstanceId">ACPI\GenuineIntel_-_Intel64_Family_6_Model_79_-_Intel(R)_Xeon(R)_CPU_E5-2697_v4_@_2.30GHz\e</Data>
./logs/programs/evtx/Microsoft-Windows-Kernel-PnP__Configuration.evtxâ”‹20230310T034943.785471000â”‹    <Data Name="DriverName">cpu.inf</Data>
./logs/programs/evtx/Microsoft-Windows-Kernel-PnP__Configuration.evtxâ”‹20230310T034943.785471000â”‹    <Data Name="ClassGuid">50127DC3-0F36-415E-A6CC-4CB3BE910B65</Data>
./logs/programs/evtx/Microsoft-Windows-Kernel-PnP__Configuration.evtxâ”‹20230310T034943.785471000â”‹    <Data Name="DriverDate">04/21/2009</Data>
./logs/programs/evtx/Microsoft-Windows-Kernel-PnP__Configuration.evtxâ”‹20230310T034943.785471000â”‹    <Data Name="DriverVersion">10.0.22621.1413</Data>
./logs/programs/evtx/Microsoft-Windows-Kernel-PnP__Configuration.evtxâ”‹20230310T034943.785471000â”‹    <Data Name="DriverProvider">Microsoft</Data>
./logs/programs/evtx/Microsoft-Windows-Kernel-PnP__Configuration.evtxâ”‹20230310T034943.785471000â”‹    <Data Name="DriverInbox">true</Data>
./logs/programs/evtx/Microsoft-Windows-Kernel-PnP__Configuration.evtxâ”‹20230310T034943.785471000â”‹    <Data Name="DriverSection">IntelPPM_Inst.NT</Data>
./logs/programs/evtx/Microsoft-Windows-Kernel-PnP__Configuration.evtxâ”‹20230310T034943.785471000â”‹    <Data Name="DriverRank">0xff0005</Data>
./logs/programs/evtx/Microsoft-Windows-Kernel-PnP__Configuration.evtxâ”‹20230310T034943.785471000â”‹    <Data Name="MatchingDeviceId">ACPI\GenuineIntel_-_Intel64</Data>
./logs/programs/evtx/Microsoft-Windows-Kernel-PnP__Configuration.evtxâ”‹20230310T034943.785471000â”‹    <Data Name="OutrankedDrivers">cpu.inf:ACPI\Processor:00FF2000</Data>
./logs/programs/evtx/Microsoft-Windows-Kernel-PnP__Configuration.evtxâ”‹20230310T034943.785471000â”‹    <Data Name="DeviceUpdated">false</Data>
./logs/programs/evtx/Microsoft-Windows-Kernel-PnP__Configuration.evtxâ”‹20230310T034943.785471000â”‹    <Data Name="Status">0x0</Data>
./logs/programs/evtx/Microsoft-Windows-Kernel-PnP__Configuration.evtxâ”‹20230310T034943.785471000â”‹    <Data Name="ParentDeviceInstanceId">ACPI_HAL\PNP0C08\0</Data>
./logs/programs/evtx/Microsoft-Windows-Kernel-PnP__Configuration.evtxâ”‹20230310T034943.785471000â”‹  </EventData>
./logs/programs/evtx/Microsoft-Windows-Kernel-PnP__Configuration.evtxâ”‹20230310T034943.785471000â”‹</Event>
â‡ł
./logs/programs/evtx/Microsoft-Windows-Kernel-PnP__Configuration.evtxâ”‹20230310T034943.791448000â”‹<?xml version="1.0" encoding="utf-8"?>
./logs/programs/evtx/Microsoft-Windows-Kernel-PnP__Configuration.evtxâ”‹20230310T034943.791448000â”‹<Event xmlns="http://schemas.microsoft.com/win/2004/08/events/event">
./logs/programs/evtx/Microsoft-Windows-Kernel-PnP__Configuration.evtxâ”‹20230310T034943.791448000â”‹  <System>
./logs/programs/evtx/Microsoft-Windows-Kernel-PnP__Configuration.evtxâ”‹20230310T034943.791448000â”‹    <Provider Name="Microsoft-Windows-Kernel-PnP" Guid="9C205A39-1250-487D-ABD7-E831C6290539">
./logs/programs/evtx/Microsoft-Windows-Kernel-PnP__Configuration.evtxâ”‹20230310T034943.791448000â”‹    </Provider>
./logs/programs/evtx/Microsoft-Windows-Kernel-PnP__Configuration.evtxâ”‹20230310T034943.791448000â”‹    <EventID>400</EventID>
./logs/programs/evtx/Microsoft-Windows-Kernel-PnP__Configuration.evtxâ”‹20230310T034943.791448000â”‹    <Version>0</Version>
./logs/programs/evtx/Microsoft-Windows-Kernel-PnP__Configuration.evtxâ”‹20230310T034943.791448000â”‹    <Level>4</Level>
./logs/programs/evtx/Microsoft-Windows-Kernel-PnP__Configuration.evtxâ”‹20230310T034943.791448000â”‹    <Task>0</Task>
./logs/programs/evtx/Microsoft-Windows-Kernel-PnP__Configuration.evtxâ”‹20230310T034943.791448000â”‹    <Opcode>0</Opcode>
./logs/programs/evtx/Microsoft-Windows-Kernel-PnP__Configuration.evtxâ”‹20230310T034943.791448000â”‹    <Keywords>0x4000000000000000</Keywords>
./logs/programs/evtx/Microsoft-Windows-Kernel-PnP__Configuration.evtxâ”‹20230310T034943.791448000â”‹    <TimeCreated SystemTime="2023-03-10T03:49:43.791448Z">
./logs/programs/evtx/Microsoft-Windows-Kernel-PnP__Configuration.evtxâ”‹20230310T034943.791448000â”‹    </TimeCreated>
./logs/programs/evtx/Microsoft-Windows-Kernel-PnP__Configuration.evtxâ”‹20230310T034943.791448000â”‹    <EventRecordID>22</EventRecordID>
./logs/programs/evtx/Microsoft-Windows-Kernel-PnP__Configuration.evtxâ”‹20230310T034943.791448000â”‹    <Correlation>
./logs/programs/evtx/Microsoft-Windows-Kernel-PnP__Configuration.evtxâ”‹20230310T034943.791448000â”‹    </Correlation>
./logs/programs/evtx/Microsoft-Windows-Kernel-PnP__Configuration.evtxâ”‹20230310T034943.791448000â”‹    <Execution ProcessID="4" ThreadID="8">
./logs/programs/evtx/Microsoft-Windows-Kernel-PnP__Configuration.evtxâ”‹20230310T034943.791448000â”‹    </Execution>
./logs/programs/evtx/Microsoft-Windows-Kernel-PnP__Configuration.evtxâ”‹20230310T034943.791448000â”‹    <Channel>Microsoft-Windows-Kernel-PnP/Configuration</Channel>
./logs/programs/evtx/Microsoft-Windows-Kernel-PnP__Configuration.evtxâ”‹20230310T034943.791448000â”‹    <Computer>minwinpc</Computer>
./logs/programs/evtx/Microsoft-Windows-Kernel-PnP__Configuration.evtxâ”‹20230310T034943.791448000â”‹    <Security UserID="S-1-5-18">
./logs/programs/evtx/Microsoft-Windows-Kernel-PnP__Configuration.evtxâ”‹20230310T034943.791448000â”‹    </Security>
./logs/programs/evtx/Microsoft-Windows-Kernel-PnP__Configuration.evtxâ”‹20230310T034943.791448000â”‹  </System>
./logs/programs/evtx/Microsoft-Windows-Kernel-PnP__Configuration.evtxâ”‹20230310T034943.791448000â”‹  <EventData>
./logs/programs/evtx/Microsoft-Windows-Kernel-PnP__Configuration.evtxâ”‹20230310T034943.791448000â”‹    <Data Name="DeviceInstanceId">ACPI\GenuineIntel_-_Intel64_Family_6_Model_79_-_Intel(R)_Xeon(R)_CPU_E5-2697_v4_@_2.30GHz\f</Data>
./logs/programs/evtx/Microsoft-Windows-Kernel-PnP__Configuration.evtxâ”‹20230310T034943.791448000â”‹    <Data Name="DriverName">cpu.inf</Data>
./logs/programs/evtx/Microsoft-Windows-Kernel-PnP__Configuration.evtxâ”‹20230310T034943.791448000â”‹    <Data Name="ClassGuid">50127DC3-0F36-415E-A6CC-4CB3BE910B65</Data>
./logs/programs/evtx/Microsoft-Windows-Kernel-PnP__Configuration.evtxâ”‹20230310T034943.791448000â”‹    <Data Name="DriverDate">04/21/2009</Data>
./logs/programs/evtx/Microsoft-Windows-Kernel-PnP__Configuration.evtxâ”‹20230310T034943.791448000â”‹    <Data Name="DriverVersion">10.0.22621.1413</Data>
./logs/programs/evtx/Microsoft-Windows-Kernel-PnP__Configuration.evtxâ”‹20230310T034943.791448000â”‹    <Data Name="DriverProvider">Microsoft</Data>
./logs/programs/evtx/Microsoft-Windows-Kernel-PnP__Configuration.evtxâ”‹20230310T034943.791448000â”‹    <Data Name="DriverInbox">true</Data>
./logs/programs/evtx/Microsoft-Windows-Kernel-PnP__Configuration.evtxâ”‹20230310T034943.791448000â”‹    <Data Name="DriverSection">IntelPPM_Inst.NT</Data>
./logs/programs/evtx/Microsoft-Windows-Kernel-PnP__Configuration.evtxâ”‹20230310T034943.791448000â”‹    <Data Name="DriverRank">0xff0005</Data>
./logs/programs/evtx/Microsoft-Windows-Kernel-PnP__Configuration.evtxâ”‹20230310T034943.791448000â”‹    <Data Name="MatchingDeviceId">ACPI\GenuineIntel_-_Intel64</Data>
./logs/programs/evtx/Microsoft-Windows-Kernel-PnP__Configuration.evtxâ”‹20230310T034943.791448000â”‹    <Data Name="OutrankedDrivers">cpu.inf:ACPI\Processor:00FF2000</Data>
./logs/programs/evtx/Microsoft-Windows-Kernel-PnP__Configuration.evtxâ”‹20230310T034943.791448000â”‹    <Data Name="DeviceUpdated">false</Data>
./logs/programs/evtx/Microsoft-Windows-Kernel-PnP__Configuration.evtxâ”‹20230310T034943.791448000â”‹    <Data Name="Status">0x0</Data>
./logs/programs/evtx/Microsoft-Windows-Kernel-PnP__Configuration.evtxâ”‹20230310T034943.791448000â”‹    <Data Name="ParentDeviceInstanceId">ACPI_HAL\PNP0C08\0</Data>
./logs/programs/evtx/Microsoft-Windows-Kernel-PnP__Configuration.evtxâ”‹20230310T034943.791448000â”‹  </EventData>
./logs/programs/evtx/Microsoft-Windows-Kernel-PnP__Configuration.evtxâ”‹20230310T034943.791448000â”‹</Event>
â‡ł
./logs/programs/evtx/Microsoft-Windows-Kernel-PnP__Configuration.evtxâ”‹20230310T034943.797465000â”‹<?xml version="1.0" encoding="utf-8"?>
./logs/programs/evtx/Microsoft-Windows-Kernel-PnP__Configuration.evtxâ”‹20230310T034943.797465000â”‹<Event xmlns="http://schemas.microsoft.com/win/2004/08/events/event">
./logs/programs/evtx/Microsoft-Windows-Kernel-PnP__Configuration.evtxâ”‹20230310T034943.797465000â”‹  <System>
./logs/programs/evtx/Microsoft-Windows-Kernel-PnP__Configuration.evtxâ”‹20230310T034943.797465000â”‹    <Provider Name="Microsoft-Windows-Kernel-PnP" Guid="9C205A39-1250-487D-ABD7-E831C6290539">
./logs/programs/evtx/Microsoft-Windows-Kernel-PnP__Configuration.evtxâ”‹20230310T034943.797465000â”‹    </Provider>
./logs/programs/evtx/Microsoft-Windows-Kernel-PnP__Configuration.evtxâ”‹20230310T034943.797465000â”‹    <EventID>400</EventID>
./logs/programs/evtx/Microsoft-Windows-Kernel-PnP__Configuration.evtxâ”‹20230310T034943.797465000â”‹    <Version>0</Version>
./logs/programs/evtx/Microsoft-Windows-Kernel-PnP__Configuration.evtxâ”‹20230310T034943.797465000â”‹    <Level>4</Level>
./logs/programs/evtx/Microsoft-Windows-Kernel-PnP__Configuration.evtxâ”‹20230310T034943.797465000â”‹    <Task>0</Task>
./logs/programs/evtx/Microsoft-Windows-Kernel-PnP__Configuration.evtxâ”‹20230310T034943.797465000â”‹    <Opcode>0</Opcode>
./logs/programs/evtx/Microsoft-Windows-Kernel-PnP__Configuration.evtxâ”‹20230310T034943.797465000â”‹    <Keywords>0x4000000000000000</Keywords>
./logs/programs/evtx/Microsoft-Windows-Kernel-PnP__Configuration.evtxâ”‹20230310T034943.797465000â”‹    <TimeCreated SystemTime="2023-03-10T03:49:43.797465Z">
./logs/programs/evtx/Microsoft-Windows-Kernel-PnP__Configuration.evtxâ”‹20230310T034943.797465000â”‹    </TimeCreated>
./logs/programs/evtx/Microsoft-Windows-Kernel-PnP__Configuration.evtxâ”‹20230310T034943.797465000â”‹    <EventRecordID>23</EventRecordID>
./logs/programs/evtx/Microsoft-Windows-Kernel-PnP__Configuration.evtxâ”‹20230310T034943.797465000â”‹    <Correlation>
./logs/programs/evtx/Microsoft-Windows-Kernel-PnP__Configuration.evtxâ”‹20230310T034943.797465000â”‹    </Correlation>
./logs/programs/evtx/Microsoft-Windows-Kernel-PnP__Configuration.evtxâ”‹20230310T034943.797465000â”‹    <Execution ProcessID="4" ThreadID="8">
./logs/programs/evtx/Microsoft-Windows-Kernel-PnP__Configuration.evtxâ”‹20230310T034943.797465000â”‹    </Execution>
./logs/programs/evtx/Microsoft-Windows-Kernel-PnP__Configuration.evtxâ”‹20230310T034943.797465000â”‹    <Channel>Microsoft-Windows-Kernel-PnP/Configuration</Channel>
./logs/programs/evtx/Microsoft-Windows-Kernel-PnP__Configuration.evtxâ”‹20230310T034943.797465000â”‹    <Computer>minwinpc</Computer>
./logs/programs/evtx/Microsoft-Windows-Kernel-PnP__Configuration.evtxâ”‹20230310T034943.797465000â”‹    <Security UserID="S-1-5-18">
./logs/programs/evtx/Microsoft-Windows-Kernel-PnP__Configuration.evtxâ”‹20230310T034943.797465000â”‹    </Security>
./logs/programs/evtx/Microsoft-Windows-Kernel-PnP__Configuration.evtxâ”‹20230310T034943.797465000â”‹  </System>
./logs/programs/evtx/Microsoft-Windows-Kernel-PnP__Configuration.evtxâ”‹20230310T034943.797465000â”‹  <EventData>
./logs/programs/evtx/Microsoft-Windows-Kernel-PnP__Configuration.evtxâ”‹20230310T034943.797465000â”‹    <Data Name="DeviceInstanceId">ACPI\GenuineIntel_-_Intel64_Family_6_Model_79_-_Intel(R)_Xeon(R)_CPU_E5-2697_v4_@_2.30GHz\10</Data>
./logs/programs/evtx/Microsoft-Windows-Kernel-PnP__Configuration.evtxâ”‹20230310T034943.797465000â”‹    <Data Name="DriverName">cpu.inf</Data>
./logs/programs/evtx/Microsoft-Windows-Kernel-PnP__Configuration.evtxâ”‹20230310T034943.797465000â”‹    <Data Name="ClassGuid">50127DC3-0F36-415E-A6CC-4CB3BE910B65</Data>
./logs/programs/evtx/Microsoft-Windows-Kernel-PnP__Configuration.evtxâ”‹20230310T034943.797465000â”‹    <Data Name="DriverDate">04/21/2009</Data>
./logs/programs/evtx/Microsoft-Windows-Kernel-PnP__Configuration.evtxâ”‹20230310T034943.797465000â”‹    <Data Name="DriverVersion">10.0.22621.1413</Data>
./logs/programs/evtx/Microsoft-Windows-Kernel-PnP__Configuration.evtxâ”‹20230310T034943.797465000â”‹    <Data Name="DriverProvider">Microsoft</Data>
./logs/programs/evtx/Microsoft-Windows-Kernel-PnP__Configuration.evtxâ”‹20230310T034943.797465000â”‹    <Data Name="DriverInbox">true</Data>
./logs/programs/evtx/Microsoft-Windows-Kernel-PnP__Configuration.evtxâ”‹20230310T034943.797465000â”‹    <Data Name="DriverSection">IntelPPM_Inst.NT</Data>
./logs/programs/evtx/Microsoft-Windows-Kernel-PnP__Configuration.evtxâ”‹20230310T034943.797465000â”‹    <Data Name="DriverRank">0xff0005</Data>
./logs/programs/evtx/Microsoft-Windows-Kernel-PnP__Configuration.evtxâ”‹20230310T034943.797465000â”‹    <Data Name="MatchingDeviceId">ACPI\GenuineIntel_-_Intel64</Data>
./logs/programs/evtx/Microsoft-Windows-Kernel-PnP__Configuration.evtxâ”‹20230310T034943.797465000â”‹    <Data Name="OutrankedDrivers">cpu.inf:ACPI\Processor:00FF2000</Data>
./logs/programs/evtx/Microsoft-Windows-Kernel-PnP__Configuration.evtxâ”‹20230310T034943.797465000â”‹    <Data Name="DeviceUpdated">false</Data>
./logs/programs/evtx/Microsoft-Windows-Kernel-PnP__Configuration.evtxâ”‹20230310T034943.797465000â”‹    <Data Name="Status">0x0</Data>
./logs/programs/evtx/Microsoft-Windows-Kernel-PnP__Configuration.evtxâ”‹20230310T034943.797465000â”‹    <Data Name="ParentDeviceInstanceId">ACPI_HAL\PNP0C08\0</Data>
./logs/programs/evtx/Microsoft-Windows-Kernel-PnP__Configuration.evtxâ”‹20230310T034943.797465000â”‹  </EventData>
./logs/programs/evtx/Microsoft-Windows-Kernel-PnP__Configuration.evtxâ”‹20230310T034943.797465000â”‹</Event>
â‡ł
./logs/programs/evtx/Microsoft-Windows-Kernel-PnP__Configuration.evtxâ”‹20230310T034943.803484000â”‹<?xml version="1.0" encoding="utf-8"?>
./logs/programs/evtx/Microsoft-Windows-Kernel-PnP__Configuration.evtxâ”‹20230310T034943.803484000â”‹<Event xmlns="http://schemas.microsoft.com/win/2004/08/events/event">
./logs/programs/evtx/Microsoft-Windows-Kernel-PnP__Configuration.evtxâ”‹20230310T034943.803484000â”‹  <System>
./logs/programs/evtx/Microsoft-Windows-Kernel-PnP__Configuration.evtxâ”‹20230310T034943.803484000â”‹    <Provider Name="Microsoft-Windows-Kernel-PnP" Guid="9C205A39-1250-487D-ABD7-E831C6290539">
./logs/programs/evtx/Microsoft-Windows-Kernel-PnP__Configuration.evtxâ”‹20230310T034943.803484000â”‹    </Provider>
./logs/programs/evtx/Microsoft-Windows-Kernel-PnP__Configuration.evtxâ”‹20230310T034943.803484000â”‹    <EventID>400</EventID>
./logs/programs/evtx/Microsoft-Windows-Kernel-PnP__Configuration.evtxâ”‹20230310T034943.803484000â”‹    <Version>0</Version>
./logs/programs/evtx/Microsoft-Windows-Kernel-PnP__Configuration.evtxâ”‹20230310T034943.803484000â”‹    <Level>4</Level>
./logs/programs/evtx/Microsoft-Windows-Kernel-PnP__Configuration.evtxâ”‹20230310T034943.803484000â”‹    <Task>0</Task>
./logs/programs/evtx/Microsoft-Windows-Kernel-PnP__Configuration.evtxâ”‹20230310T034943.803484000â”‹    <Opcode>0</Opcode>
./logs/programs/evtx/Microsoft-Windows-Kernel-PnP__Configuration.evtxâ”‹20230310T034943.803484000â”‹    <Keywords>0x4000000000000000</Keywords>
./logs/programs/evtx/Microsoft-Windows-Kernel-PnP__Configuration.evtxâ”‹20230310T034943.803484000â”‹    <TimeCreated SystemTime="2023-03-10T03:49:43.803484Z">
./logs/programs/evtx/Microsoft-Windows-Kernel-PnP__Configuration.evtxâ”‹20230310T034943.803484000â”‹    </TimeCreated>
./logs/programs/evtx/Microsoft-Windows-Kernel-PnP__Configuration.evtxâ”‹20230310T034943.803484000â”‹    <EventRecordID>24</EventRecordID>
./logs/programs/evtx/Microsoft-Windows-Kernel-PnP__Configuration.evtxâ”‹20230310T034943.803484000â”‹    <Correlation>
./logs/programs/evtx/Microsoft-Windows-Kernel-PnP__Configuration.evtxâ”‹20230310T034943.803484000â”‹    </Correlation>
./logs/programs/evtx/Microsoft-Windows-Kernel-PnP__Configuration.evtxâ”‹20230310T034943.803484000â”‹    <Execution ProcessID="4" ThreadID="8">
./logs/programs/evtx/Microsoft-Windows-Kernel-PnP__Configuration.evtxâ”‹20230310T034943.803484000â”‹    </Execution>
./logs/programs/evtx/Microsoft-Windows-Kernel-PnP__Configuration.evtxâ”‹20230310T034943.803484000â”‹    <Channel>Microsoft-Windows-Kernel-PnP/Configuration</Channel>
./logs/programs/evtx/Microsoft-Windows-Kernel-PnP__Configuration.evtxâ”‹20230310T034943.803484000â”‹    <Computer>minwinpc</Computer>
./logs/programs/evtx/Microsoft-Windows-Kernel-PnP__Configuration.evtxâ”‹20230310T034943.803484000â”‹    <Security UserID="S-1-5-18">
./logs/programs/evtx/Microsoft-Windows-Kernel-PnP__Configuration.evtxâ”‹20230310T034943.803484000â”‹    </Security>
./logs/programs/evtx/Microsoft-Windows-Kernel-PnP__Configuration.evtxâ”‹20230310T034943.803484000â”‹  </System>
./logs/programs/evtx/Microsoft-Windows-Kernel-PnP__Configuration.evtxâ”‹20230310T034943.803484000â”‹  <EventData>
./logs/programs/evtx/Microsoft-Windows-Kernel-PnP__Configuration.evtxâ”‹20230310T034943.803484000â”‹    <Data Name="DeviceInstanceId">ACPI\GenuineIntel_-_Intel64_Family_6_Model_79_-_Intel(R)_Xeon(R)_CPU_E5-2697_v4_@_2.30GHz\11</Data>
./logs/programs/evtx/Microsoft-Windows-Kernel-PnP__Configuration.evtxâ”‹20230310T034943.803484000â”‹    <Data Name="DriverName">cpu.inf</Data>
./logs/programs/evtx/Microsoft-Windows-Kernel-PnP__Configuration.evtxâ”‹20230310T034943.803484000â”‹    <Data Name="ClassGuid">50127DC3-0F36-415E-A6CC-4CB3BE910B65</Data>
./logs/programs/evtx/Microsoft-Windows-Kernel-PnP__Configuration.evtxâ”‹20230310T034943.803484000â”‹    <Data Name="DriverDate">04/21/2009</Data>
./logs/programs/evtx/Microsoft-Windows-Kernel-PnP__Configuration.evtxâ”‹20230310T034943.803484000â”‹    <Data Name="DriverVersion">10.0.22621.1413</Data>
./logs/programs/evtx/Microsoft-Windows-Kernel-PnP__Configuration.evtxâ”‹20230310T034943.803484000â”‹    <Data Name="DriverProvider">Microsoft</Data>
./logs/programs/evtx/Microsoft-Windows-Kernel-PnP__Configuration.evtxâ”‹20230310T034943.803484000â”‹    <Data Name="DriverInbox">true</Data>
./logs/programs/evtx/Microsoft-Windows-Kernel-PnP__Configuration.evtxâ”‹20230310T034943.803484000â”‹    <Data Name="DriverSection">IntelPPM_Inst.NT</Data>
./logs/programs/evtx/Microsoft-Windows-Kernel-PnP__Configuration.evtxâ”‹20230310T034943.803484000â”‹    <Data Name="DriverRank">0xff0005</Data>
./logs/programs/evtx/Microsoft-Windows-Kernel-PnP__Configuration.evtxâ”‹20230310T034943.803484000â”‹    <Data Name="MatchingDeviceId">ACPI\GenuineIntel_-_Intel64</Data>
./logs/programs/evtx/Microsoft-Windows-Kernel-PnP__Configuration.evtxâ”‹20230310T034943.803484000â”‹    <Data Name="OutrankedDrivers">cpu.inf:ACPI\Processor:00FF2000</Data>
./logs/programs/evtx/Microsoft-Windows-Kernel-PnP__Configuration.evtxâ”‹20230310T034943.803484000â”‹    <Data Name="DeviceUpdated">false</Data>
./logs/programs/evtx/Microsoft-Windows-Kernel-PnP__Configuration.evtxâ”‹20230310T034943.803484000â”‹    <Data Name="Status">0x0</Data>
./logs/programs/evtx/Microsoft-Windows-Kernel-PnP__Configuration.evtxâ”‹20230310T034943.803484000â”‹    <Data Name="ParentDeviceInstanceId">ACPI_HAL\PNP0C08\0</Data>
./logs/programs/evtx/Microsoft-Windows-Kernel-PnP__Configuration.evtxâ”‹20230310T034943.803484000â”‹  </EventData>
./logs/programs/evtx/Microsoft-Windows-Kernel-PnP__Configuration.evtxâ”‹20230310T034943.803484000â”‹</Event>
â‡ł
./logs/programs/evtx/Microsoft-Windows-Kernel-PnP__Configuration.evtxâ”‹20230310T034943.809531000â”‹<?xml version="1.0" encoding="utf-8"?>
./logs/programs/evtx/Microsoft-Windows-Kernel-PnP__Configuration.evtxâ”‹20230310T034943.809531000â”‹<Event xmlns="http://schemas.microsoft.com/win/2004/08/events/event">
./logs/programs/evtx/Microsoft-Windows-Kernel-PnP__Configuration.evtxâ”‹20230310T034943.809531000â”‹  <System>
./logs/programs/evtx/Microsoft-Windows-Kernel-PnP__Configuration.evtxâ”‹20230310T034943.809531000â”‹    <Provider Name="Microsoft-Windows-Kernel-PnP" Guid="9C205A39-1250-487D-ABD7-E831C6290539">
./logs/programs/evtx/Microsoft-Windows-Kernel-PnP__Configuration.evtxâ”‹20230310T034943.809531000â”‹    </Provider>
./logs/programs/evtx/Microsoft-Windows-Kernel-PnP__Configuration.evtxâ”‹20230310T034943.809531000â”‹    <EventID>400</EventID>
./logs/programs/evtx/Microsoft-Windows-Kernel-PnP__Configuration.evtxâ”‹20230310T034943.809531000â”‹    <Version>0</Version>
./logs/programs/evtx/Microsoft-Windows-Kernel-PnP__Configuration.evtxâ”‹20230310T034943.809531000â”‹    <Level>4</Level>
./logs/programs/evtx/Microsoft-Windows-Kernel-PnP__Configuration.evtxâ”‹20230310T034943.809531000â”‹    <Task>0</Task>
./logs/programs/evtx/Microsoft-Windows-Kernel-PnP__Configuration.evtxâ”‹20230310T034943.809531000â”‹    <Opcode>0</Opcode>
./logs/programs/evtx/Microsoft-Windows-Kernel-PnP__Configuration.evtxâ”‹20230310T034943.809531000â”‹    <Keywords>0x4000000000000000</Keywords>
./logs/programs/evtx/Microsoft-Windows-Kernel-PnP__Configuration.evtxâ”‹20230310T034943.809531000â”‹    <TimeCreated SystemTime="2023-03-10T03:49:43.809531Z">
./logs/programs/evtx/Microsoft-Windows-Kernel-PnP__Configuration.evtxâ”‹20230310T034943.809531000â”‹    </TimeCreated>
./logs/programs/evtx/Microsoft-Windows-Kernel-PnP__Configuration.evtxâ”‹20230310T034943.809531000â”‹    <EventRecordID>25</EventRecordID>
./logs/programs/evtx/Microsoft-Windows-Kernel-PnP__Configuration.evtxâ”‹20230310T034943.809531000â”‹    <Correlation>
./logs/programs/evtx/Microsoft-Windows-Kernel-PnP__Configuration.evtxâ”‹20230310T034943.809531000â”‹    </Correlation>
./logs/programs/evtx/Microsoft-Windows-Kernel-PnP__Configuration.evtxâ”‹20230310T034943.809531000â”‹    <Execution ProcessID="4" ThreadID="8">
./logs/programs/evtx/Microsoft-Windows-Kernel-PnP__Configuration.evtxâ”‹20230310T034943.809531000â”‹    </Execution>
./logs/programs/evtx/Microsoft-Windows-Kernel-PnP__Configuration.evtxâ”‹20230310T034943.809531000â”‹    <Channel>Microsoft-Windows-Kernel-PnP/Configuration</Channel>
./logs/programs/evtx/Microsoft-Windows-Kernel-PnP__Configuration.evtxâ”‹20230310T034943.809531000â”‹    <Computer>minwinpc</Computer>
./logs/programs/evtx/Microsoft-Windows-Kernel-PnP__Configuration.evtxâ”‹20230310T034943.809531000â”‹    <Security UserID="S-1-5-18">
./logs/programs/evtx/Microsoft-Windows-Kernel-PnP__Configuration.evtxâ”‹20230310T034943.809531000â”‹    </Security>
./logs/programs/evtx/Microsoft-Windows-Kernel-PnP__Configuration.evtxâ”‹20230310T034943.809531000â”‹  </System>
./logs/programs/evtx/Microsoft-Windows-Kernel-PnP__Configuration.evtxâ”‹20230310T034943.809531000â”‹  <EventData>
./logs/programs/evtx/Microsoft-Windows-Kernel-PnP__Configuration.evtxâ”‹20230310T034943.809531000â”‹    <Data Name="DeviceInstanceId">ACPI\GenuineIntel_-_Intel64_Family_6_Model_79_-_Intel(R)_Xeon(R)_CPU_E5-2697_v4_@_2.30GHz\12</Data>
./logs/programs/evtx/Microsoft-Windows-Kernel-PnP__Configuration.evtxâ”‹20230310T034943.809531000â”‹    <Data Name="DriverName">cpu.inf</Data>
./logs/programs/evtx/Microsoft-Windows-Kernel-PnP__Configuration.evtxâ”‹20230310T034943.809531000â”‹    <Data Name="ClassGuid">50127DC3-0F36-415E-A6CC-4CB3BE910B65</Data>
./logs/programs/evtx/Microsoft-Windows-Kernel-PnP__Configuration.evtxâ”‹20230310T034943.809531000â”‹    <Data Name="DriverDate">04/21/2009</Data>
./logs/programs/evtx/Microsoft-Windows-Kernel-PnP__Configuration.evtxâ”‹20230310T034943.809531000â”‹    <Data Name="DriverVersion">10.0.22621.1413</Data>
./logs/programs/evtx/Microsoft-Windows-Kernel-PnP__Configuration.evtxâ”‹20230310T034943.809531000â”‹    <Data Name="DriverProvider">Microsoft</Data>
./logs/programs/evtx/Microsoft-Windows-Kernel-PnP__Configuration.evtxâ”‹20230310T034943.809531000â”‹    <Data Name="DriverInbox">true</Data>
./logs/programs/evtx/Microsoft-Windows-Kernel-PnP__Configuration.evtxâ”‹20230310T034943.809531000â”‹    <Data Name="DriverSection">IntelPPM_Inst.NT</Data>
./logs/programs/evtx/Microsoft-Windows-Kernel-PnP__Configuration.evtxâ”‹20230310T034943.809531000â”‹    <Data Name="DriverRank">0xff0005</Data>
./logs/programs/evtx/Microsoft-Windows-Kernel-PnP__Configuration.evtxâ”‹20230310T034943.809531000â”‹    <Data Name="MatchingDeviceId">ACPI\GenuineIntel_-_Intel64</Data>
./logs/programs/evtx/Microsoft-Windows-Kernel-PnP__Configuration.evtxâ”‹20230310T034943.809531000â”‹    <Data Name="OutrankedDrivers">cpu.inf:ACPI\Processor:00FF2000</Data>
./logs/programs/evtx/Microsoft-Windows-Kernel-PnP__Configuration.evtxâ”‹20230310T034943.809531000â”‹    <Data Name="DeviceUpdated">false</Data>
./logs/programs/evtx/Microsoft-Windows-Kernel-PnP__Configuration.evtxâ”‹20230310T034943.809531000â”‹    <Data Name="Status">0x0</Data>
./logs/programs/evtx/Microsoft-Windows-Kernel-PnP__Configuration.evtxâ”‹20230310T034943.809531000â”‹    <Data Name="ParentDeviceInstanceId">ACPI_HAL\PNP0C08\0</Data>
./logs/programs/evtx/Microsoft-Windows-Kernel-PnP__Configuration.evtxâ”‹20230310T034943.809531000â”‹  </EventData>
./logs/programs/evtx/Microsoft-Windows-Kernel-PnP__Configuration.evtxâ”‹20230310T034943.809531000â”‹</Event>
â‡ł
./logs/programs/evtx/Microsoft-Windows-Kernel-PnP__Configuration.evtxâ”‹20230310T034943.815652000â”‹<?xml version="1.0" encoding="utf-8"?>
./logs/programs/evtx/Microsoft-Windows-Kernel-PnP__Configuration.evtxâ”‹20230310T034943.815652000â”‹<Event xmlns="http://schemas.microsoft.com/win/2004/08/events/event">
./logs/programs/evtx/Microsoft-Windows-Kernel-PnP__Configuration.evtxâ”‹20230310T034943.815652000â”‹  <System>
./logs/programs/evtx/Microsoft-Windows-Kernel-PnP__Configuration.evtxâ”‹20230310T034943.815652000â”‹    <Provider Name="Microsoft-Windows-Kernel-PnP" Guid="9C205A39-1250-487D-ABD7-E831C6290539">
./logs/programs/evtx/Microsoft-Windows-Kernel-PnP__Configuration.evtxâ”‹20230310T034943.815652000â”‹    </Provider>
./logs/programs/evtx/Microsoft-Windows-Kernel-PnP__Configuration.evtxâ”‹20230310T034943.815652000â”‹    <EventID>400</EventID>
./logs/programs/evtx/Microsoft-Windows-Kernel-PnP__Configuration.evtxâ”‹20230310T034943.815652000â”‹    <Version>0</Version>
./logs/programs/evtx/Microsoft-Windows-Kernel-PnP__Configuration.evtxâ”‹20230310T034943.815652000â”‹    <Level>4</Level>
./logs/programs/evtx/Microsoft-Windows-Kernel-PnP__Configuration.evtxâ”‹20230310T034943.815652000â”‹    <Task>0</Task>
./logs/programs/evtx/Microsoft-Windows-Kernel-PnP__Configuration.evtxâ”‹20230310T034943.815652000â”‹    <Opcode>0</Opcode>
./logs/programs/evtx/Microsoft-Windows-Kernel-PnP__Configuration.evtxâ”‹20230310T034943.815652000â”‹    <Keywords>0x4000000000000000</Keywords>
./logs/programs/evtx/Microsoft-Windows-Kernel-PnP__Configuration.evtxâ”‹20230310T034943.815652000â”‹    <TimeCreated SystemTime="2023-03-10T03:49:43.815652Z">
./logs/programs/evtx/Microsoft-Windows-Kernel-PnP__Configuration.evtxâ”‹20230310T034943.815652000â”‹    </TimeCreated>
./logs/programs/evtx/Microsoft-Windows-Kernel-PnP__Configuration.evtxâ”‹20230310T034943.815652000â”‹    <EventRecordID>26</EventRecordID>
